INFO - 2024-10-20 03:29:37 --> Session: Class initialized using 'CodeIgniter\Session\Handlers\FileHandler' driver.
INFO - 2024-10-20 03:29:47 --> Session: Class initialized using 'CodeIgniter\Session\Handlers\FileHandler' driver.
INFO - 2024-10-20 03:29:48 --> Session: Class initialized using 'CodeIgniter\Session\Handlers\FileHandler' driver.
INFO - 2024-10-20 03:29:50 --> Session: Class initialized using 'CodeIgniter\Session\Handlers\FileHandler' driver.
INFO - 2024-10-20 03:30:03 --> Session: Class initialized using 'CodeIgniter\Session\Handlers\FileHandler' driver.
INFO - 2024-10-20 03:34:02 --> Session: Class initialized using 'CodeIgniter\Session\Handlers\FileHandler' driver.
INFO - 2024-10-20 03:34:07 --> Session: Class initialized using 'CodeIgniter\Session\Handlers\FileHandler' driver.
INFO - 2024-10-20 03:38:12 --> Session: Class initialized using 'CodeIgniter\Session\Handlers\FileHandler' driver.
INFO - 2024-10-20 03:38:12 --> Session: Class initialized using 'CodeIgniter\Session\Handlers\FileHandler' driver.
INFO - 2024-10-20 03:38:16 --> Session: Class initialized using 'CodeIgniter\Session\Handlers\FileHandler' driver.
INFO - 2024-10-20 03:38:17 --> Session: Class initialized using 'CodeIgniter\Session\Handlers\FileHandler' driver.
INFO - 2024-10-20 03:38:22 --> Session: Class initialized using 'CodeIgniter\Session\Handlers\FileHandler' driver.
INFO - 2024-10-20 03:38:32 --> Session: Class initialized using 'CodeIgniter\Session\Handlers\FileHandler' driver.
INFO - 2024-10-20 03:38:35 --> Session: Class initialized using 'CodeIgniter\Session\Handlers\FileHandler' driver.
INFO - 2024-10-20 03:43:56 --> Session: Class initialized using 'CodeIgniter\Session\Handlers\FileHandler' driver.
INFO - 2024-10-20 03:44:55 --> Session: Class initialized using 'CodeIgniter\Session\Handlers\FileHandler' driver.
INFO - 2024-10-20 03:51:37 --> Session: Class initialized using 'CodeIgniter\Session\Handlers\FileHandler' driver.
INFO - 2024-10-20 03:51:49 --> Session: Class initialized using 'CodeIgniter\Session\Handlers\FileHandler' driver.
CRITICAL - 2024-10-20 03:51:49 --> Undefined array key "nama_lengkap"
in APPPATH\Views\admin\kelas.php on line 29.
 1 APPPATH\Views\admin\kelas.php(29): CodeIgniter\Debug\Exceptions->errorHandler(2, 'Undefined array key "nama_lengkap"', 'D:\\Udin\\SMP 1\\web\\jurnal_pembelajaran\\app\\Views\\admin\\kelas.php', 29)
 2 SYSTEMPATH\View\View.php(228): include('D:\\Udin\\SMP 1\\web\\jurnal_pembelajaran\\app\\Views\\admin\\kelas.php')
 3 SYSTEMPATH\View\View.php(231): CodeIgniter\View\View->CodeIgniter\View\{closure}()
 4 SYSTEMPATH\Common.php(1190): CodeIgniter\View\View->render('/admin/kelas', [], true)
 5 APPPATH\Controllers\Admin.php(264): view('/admin/kelas', [...])
 6 SYSTEMPATH\CodeIgniter.php(942): App\Controllers\Admin->kelas()
 7 SYSTEMPATH\CodeIgniter.php(502): CodeIgniter\CodeIgniter->runController(Object(App\Controllers\Admin))
 8 SYSTEMPATH\CodeIgniter.php(361): CodeIgniter\CodeIgniter->handleRequest(null, Object(Config\Cache), false)
 9 FCPATH\index.php(79): CodeIgniter\CodeIgniter->run()
10 SYSTEMPATH\Commands\Server\rewrite.php(47): require_once('D:\\Udin\\SMP 1\\web\\jurnal_pembelajaran\\public\\index.php')
INFO - 2024-10-20 03:52:09 --> Session: Class initialized using 'CodeIgniter\Session\Handlers\FileHandler' driver.
INFO - 2024-10-20 03:52:11 --> Session: Class initialized using 'CodeIgniter\Session\Handlers\FileHandler' driver.
INFO - 2024-10-20 03:52:13 --> Session: Class initialized using 'CodeIgniter\Session\Handlers\FileHandler' driver.
INFO - 2024-10-20 03:52:27 --> Session: Class initialized using 'CodeIgniter\Session\Handlers\FileHandler' driver.
INFO - 2024-10-20 03:53:05 --> Session: Class initialized using 'CodeIgniter\Session\Handlers\FileHandler' driver.
CRITICAL - 2024-10-20 03:53:05 --> Undefined array key "nama_lengkap"
in APPPATH\Views\admin\kelas.php on line 29.
 1 APPPATH\Views\admin\kelas.php(29): CodeIgniter\Debug\Exceptions->errorHandler(2, 'Undefined array key "nama_lengkap"', 'D:\\Udin\\SMP 1\\web\\jurnal_pembelajaran\\app\\Views\\admin\\kelas.php', 29)
 2 SYSTEMPATH\View\View.php(228): include('D:\\Udin\\SMP 1\\web\\jurnal_pembelajaran\\app\\Views\\admin\\kelas.php')
 3 SYSTEMPATH\View\View.php(231): CodeIgniter\View\View->CodeIgniter\View\{closure}()
 4 SYSTEMPATH\Common.php(1190): CodeIgniter\View\View->render('/admin/kelas', [], true)
 5 APPPATH\Controllers\Admin.php(265): view('/admin/kelas', [...])
 6 SYSTEMPATH\CodeIgniter.php(942): App\Controllers\Admin->kelas()
 7 SYSTEMPATH\CodeIgniter.php(502): CodeIgniter\CodeIgniter->runController(Object(App\Controllers\Admin))
 8 SYSTEMPATH\CodeIgniter.php(361): CodeIgniter\CodeIgniter->handleRequest(null, Object(Config\Cache), false)
 9 FCPATH\index.php(79): CodeIgniter\CodeIgniter->run()
10 SYSTEMPATH\Commands\Server\rewrite.php(47): require_once('D:\\Udin\\SMP 1\\web\\jurnal_pembelajaran\\public\\index.php')
INFO - 2024-10-20 03:53:28 --> Session: Class initialized using 'CodeIgniter\Session\Handlers\FileHandler' driver.
INFO - 2024-10-20 03:55:17 --> Session: Class initialized using 'CodeIgniter\Session\Handlers\FileHandler' driver.
CRITICAL - 2024-10-20 03:55:17 --> foreach() argument must be of type array|object, null given
in APPPATH\Views\admin\kelas.php on line 24.
 1 APPPATH\Views\admin\kelas.php(24): CodeIgniter\Debug\Exceptions->errorHandler(2, 'foreach() argument must be of type array|object, null given', 'D:\\Udin\\SMP 1\\web\\jurnal_pembelajaran\\app\\Views\\admin\\kelas.php', 24)
 2 SYSTEMPATH\View\View.php(228): include('D:\\Udin\\SMP 1\\web\\jurnal_pembelajaran\\app\\Views\\admin\\kelas.php')
 3 SYSTEMPATH\View\View.php(231): CodeIgniter\View\View->CodeIgniter\View\{closure}()
 4 SYSTEMPATH\Common.php(1190): CodeIgniter\View\View->render('/admin/kelas', [], true)
 5 APPPATH\Controllers\Admin.php(265): view('/admin/kelas', [...])
 6 SYSTEMPATH\CodeIgniter.php(942): App\Controllers\Admin->kelas()
 7 SYSTEMPATH\CodeIgniter.php(502): CodeIgniter\CodeIgniter->runController(Object(App\Controllers\Admin))
 8 SYSTEMPATH\CodeIgniter.php(361): CodeIgniter\CodeIgniter->handleRequest(null, Object(Config\Cache), false)
 9 FCPATH\index.php(79): CodeIgniter\CodeIgniter->run()
10 SYSTEMPATH\Commands\Server\rewrite.php(47): require_once('D:\\Udin\\SMP 1\\web\\jurnal_pembelajaran\\public\\index.php')
INFO - 2024-10-20 03:55:21 --> Session: Class initialized using 'CodeIgniter\Session\Handlers\FileHandler' driver.
CRITICAL - 2024-10-20 03:55:21 --> foreach() argument must be of type array|object, null given
in APPPATH\Views\admin\kelas.php on line 24.
 1 APPPATH\Views\admin\kelas.php(24): CodeIgniter\Debug\Exceptions->errorHandler(2, 'foreach() argument must be of type array|object, null given', 'D:\\Udin\\SMP 1\\web\\jurnal_pembelajaran\\app\\Views\\admin\\kelas.php', 24)
 2 SYSTEMPATH\View\View.php(228): include('D:\\Udin\\SMP 1\\web\\jurnal_pembelajaran\\app\\Views\\admin\\kelas.php')
 3 SYSTEMPATH\View\View.php(231): CodeIgniter\View\View->CodeIgniter\View\{closure}()
 4 SYSTEMPATH\Common.php(1190): CodeIgniter\View\View->render('/admin/kelas', [], true)
 5 APPPATH\Controllers\Admin.php(265): view('/admin/kelas', [...])
 6 SYSTEMPATH\CodeIgniter.php(942): App\Controllers\Admin->kelas()
 7 SYSTEMPATH\CodeIgniter.php(502): CodeIgniter\CodeIgniter->runController(Object(App\Controllers\Admin))
 8 SYSTEMPATH\CodeIgniter.php(361): CodeIgniter\CodeIgniter->handleRequest(null, Object(Config\Cache), false)
 9 FCPATH\index.php(79): CodeIgniter\CodeIgniter->run()
10 SYSTEMPATH\Commands\Server\rewrite.php(47): require_once('D:\\Udin\\SMP 1\\web\\jurnal_pembelajaran\\public\\index.php')
INFO - 2024-10-20 03:56:15 --> Session: Class initialized using 'CodeIgniter\Session\Handlers\FileHandler' driver.
CRITICAL - 2024-10-20 03:56:15 --> foreach() argument must be of type array|object, string given
in APPPATH\Views\admin\kelas.php on line 24.
 1 APPPATH\Views\admin\kelas.php(24): CodeIgniter\Debug\Exceptions->errorHandler(2, 'foreach() argument must be of type array|object, string given', 'D:\\Udin\\SMP 1\\web\\jurnal_pembelajaran\\app\\Views\\admin\\kelas.php', 24)
 2 SYSTEMPATH\View\View.php(228): include('D:\\Udin\\SMP 1\\web\\jurnal_pembelajaran\\app\\Views\\admin\\kelas.php')
 3 SYSTEMPATH\View\View.php(231): CodeIgniter\View\View->CodeIgniter\View\{closure}()
 4 SYSTEMPATH\Common.php(1190): CodeIgniter\View\View->render('/admin/kelas', [], true)
 5 APPPATH\Controllers\Admin.php(265): view('/admin/kelas', [...])
 6 SYSTEMPATH\CodeIgniter.php(942): App\Controllers\Admin->kelas()
 7 SYSTEMPATH\CodeIgniter.php(502): CodeIgniter\CodeIgniter->runController(Object(App\Controllers\Admin))
 8 SYSTEMPATH\CodeIgniter.php(361): CodeIgniter\CodeIgniter->handleRequest(null, Object(Config\Cache), false)
 9 FCPATH\index.php(79): CodeIgniter\CodeIgniter->run()
10 SYSTEMPATH\Commands\Server\rewrite.php(47): require_once('D:\\Udin\\SMP 1\\web\\jurnal_pembelajaran\\public\\index.php')
INFO - 2024-10-20 04:23:56 --> Session: Class initialized using 'CodeIgniter\Session\Handlers\FileHandler' driver.
INFO - 2024-10-20 04:29:54 --> Session: Class initialized using 'CodeIgniter\Session\Handlers\FileHandler' driver.
CRITICAL - 2024-10-20 04:29:54 --> Undefined array key "nama_lengkap"
in APPPATH\Views\admin\kelas.php on line 29.
 1 APPPATH\Views\admin\kelas.php(29): CodeIgniter\Debug\Exceptions->errorHandler(2, 'Undefined array key "nama_lengkap"', 'D:\\Udin\\SMP 1\\web\\jurnal_pembelajaran\\app\\Views\\admin\\kelas.php', 29)
 2 SYSTEMPATH\View\View.php(228): include('D:\\Udin\\SMP 1\\web\\jurnal_pembelajaran\\app\\Views\\admin\\kelas.php')
 3 SYSTEMPATH\View\View.php(231): CodeIgniter\View\View->CodeIgniter\View\{closure}()
 4 SYSTEMPATH\Common.php(1190): CodeIgniter\View\View->render('/admin/kelas', [], true)
 5 APPPATH\Controllers\Admin.php(265): view('/admin/kelas', [...])
 6 SYSTEMPATH\CodeIgniter.php(942): App\Controllers\Admin->kelas()
 7 SYSTEMPATH\CodeIgniter.php(502): CodeIgniter\CodeIgniter->runController(Object(App\Controllers\Admin))
 8 SYSTEMPATH\CodeIgniter.php(361): CodeIgniter\CodeIgniter->handleRequest(null, Object(Config\Cache), false)
 9 FCPATH\index.php(79): CodeIgniter\CodeIgniter->run()
10 SYSTEMPATH\Commands\Server\rewrite.php(47): require_once('D:\\Udin\\SMP 1\\web\\jurnal_pembelajaran\\public\\index.php')
INFO - 2024-10-20 04:30:08 --> Session: Class initialized using 'CodeIgniter\Session\Handlers\FileHandler' driver.
CRITICAL - 2024-10-20 04:30:08 --> Undefined array key "nama_lengkap"
in APPPATH\Views\admin\kelas.php on line 29.
 1 APPPATH\Views\admin\kelas.php(29): CodeIgniter\Debug\Exceptions->errorHandler(2, 'Undefined array key "nama_lengkap"', 'D:\\Udin\\SMP 1\\web\\jurnal_pembelajaran\\app\\Views\\admin\\kelas.php', 29)
 2 SYSTEMPATH\View\View.php(228): include('D:\\Udin\\SMP 1\\web\\jurnal_pembelajaran\\app\\Views\\admin\\kelas.php')
 3 SYSTEMPATH\View\View.php(231): CodeIgniter\View\View->CodeIgniter\View\{closure}()
 4 SYSTEMPATH\Common.php(1190): CodeIgniter\View\View->render('/admin/kelas', [], true)
 5 APPPATH\Controllers\Admin.php(265): view('/admin/kelas', [...])
 6 SYSTEMPATH\CodeIgniter.php(942): App\Controllers\Admin->kelas()
 7 SYSTEMPATH\CodeIgniter.php(502): CodeIgniter\CodeIgniter->runController(Object(App\Controllers\Admin))
 8 SYSTEMPATH\CodeIgniter.php(361): CodeIgniter\CodeIgniter->handleRequest(null, Object(Config\Cache), false)
 9 FCPATH\index.php(79): CodeIgniter\CodeIgniter->run()
10 SYSTEMPATH\Commands\Server\rewrite.php(47): require_once('D:\\Udin\\SMP 1\\web\\jurnal_pembelajaran\\public\\index.php')
INFO - 2024-10-20 04:30:10 --> Session: Class initialized using 'CodeIgniter\Session\Handlers\FileHandler' driver.
CRITICAL - 2024-10-20 04:30:10 --> Undefined array key "id_pengguna"
in APPPATH\Views\admin\kelas.php on line 29.
 1 APPPATH\Views\admin\kelas.php(29): CodeIgniter\Debug\Exceptions->errorHandler(2, 'Undefined array key "id_pengguna"', 'D:\\Udin\\SMP 1\\web\\jurnal_pembelajaran\\app\\Views\\admin\\kelas.php', 29)
 2 SYSTEMPATH\View\View.php(228): include('D:\\Udin\\SMP 1\\web\\jurnal_pembelajaran\\app\\Views\\admin\\kelas.php')
 3 SYSTEMPATH\View\View.php(231): CodeIgniter\View\View->CodeIgniter\View\{closure}()
 4 SYSTEMPATH\Common.php(1190): CodeIgniter\View\View->render('/admin/kelas', [], true)
 5 APPPATH\Controllers\Admin.php(265): view('/admin/kelas', [...])
 6 SYSTEMPATH\CodeIgniter.php(942): App\Controllers\Admin->kelas()
 7 SYSTEMPATH\CodeIgniter.php(502): CodeIgniter\CodeIgniter->runController(Object(App\Controllers\Admin))
 8 SYSTEMPATH\CodeIgniter.php(361): CodeIgniter\CodeIgniter->handleRequest(null, Object(Config\Cache), false)
 9 FCPATH\index.php(79): CodeIgniter\CodeIgniter->run()
10 SYSTEMPATH\Commands\Server\rewrite.php(47): require_once('D:\\Udin\\SMP 1\\web\\jurnal_pembelajaran\\public\\index.php')
INFO - 2024-10-20 04:30:19 --> Session: Class initialized using 'CodeIgniter\Session\Handlers\FileHandler' driver.
CRITICAL - 2024-10-20 04:30:19 --> Undefined array key ""
in APPPATH\Views\admin\kelas.php on line 29.
 1 APPPATH\Views\admin\kelas.php(29): CodeIgniter\Debug\Exceptions->errorHandler(2, 'Undefined array key ""', 'D:\\Udin\\SMP 1\\web\\jurnal_pembelajaran\\app\\Views\\admin\\kelas.php', 29)
 2 SYSTEMPATH\View\View.php(228): include('D:\\Udin\\SMP 1\\web\\jurnal_pembelajaran\\app\\Views\\admin\\kelas.php')
 3 SYSTEMPATH\View\View.php(231): CodeIgniter\View\View->CodeIgniter\View\{closure}()
 4 SYSTEMPATH\Common.php(1190): CodeIgniter\View\View->render('/admin/kelas', [], true)
 5 APPPATH\Controllers\Admin.php(265): view('/admin/kelas', [...])
 6 SYSTEMPATH\CodeIgniter.php(942): App\Controllers\Admin->kelas()
 7 SYSTEMPATH\CodeIgniter.php(502): CodeIgniter\CodeIgniter->runController(Object(App\Controllers\Admin))
 8 SYSTEMPATH\CodeIgniter.php(361): CodeIgniter\CodeIgniter->handleRequest(null, Object(Config\Cache), false)
 9 FCPATH\index.php(79): CodeIgniter\CodeIgniter->run()
10 SYSTEMPATH\Commands\Server\rewrite.php(47): require_once('D:\\Udin\\SMP 1\\web\\jurnal_pembelajaran\\public\\index.php')
INFO - 2024-10-20 04:30:23 --> Session: Class initialized using 'CodeIgniter\Session\Handlers\FileHandler' driver.
INFO - 2024-10-20 04:30:29 --> Session: Class initialized using 'CodeIgniter\Session\Handlers\FileHandler' driver.
INFO - 2024-10-20 04:30:31 --> Session: Class initialized using 'CodeIgniter\Session\Handlers\FileHandler' driver.
CRITICAL - 2024-10-20 04:30:31 --> Undefined array key "nama_lengkap"
in APPPATH\Views\admin\kelas.php on line 29.
 1 APPPATH\Views\admin\kelas.php(29): CodeIgniter\Debug\Exceptions->errorHandler(2, 'Undefined array key "nama_lengkap"', 'D:\\Udin\\SMP 1\\web\\jurnal_pembelajaran\\app\\Views\\admin\\kelas.php', 29)
 2 SYSTEMPATH\View\View.php(228): include('D:\\Udin\\SMP 1\\web\\jurnal_pembelajaran\\app\\Views\\admin\\kelas.php')
 3 SYSTEMPATH\View\View.php(231): CodeIgniter\View\View->CodeIgniter\View\{closure}()
 4 SYSTEMPATH\Common.php(1190): CodeIgniter\View\View->render('/admin/kelas', [], true)
 5 APPPATH\Controllers\Admin.php(265): view('/admin/kelas', [...])
 6 SYSTEMPATH\CodeIgniter.php(942): App\Controllers\Admin->kelas()
 7 SYSTEMPATH\CodeIgniter.php(502): CodeIgniter\CodeIgniter->runController(Object(App\Controllers\Admin))
 8 SYSTEMPATH\CodeIgniter.php(361): CodeIgniter\CodeIgniter->handleRequest(null, Object(Config\Cache), false)
 9 FCPATH\index.php(79): CodeIgniter\CodeIgniter->run()
10 SYSTEMPATH\Commands\Server\rewrite.php(47): require_once('D:\\Udin\\SMP 1\\web\\jurnal_pembelajaran\\public\\index.php')
INFO - 2024-10-20 04:30:32 --> Session: Class initialized using 'CodeIgniter\Session\Handlers\FileHandler' driver.
CRITICAL - 2024-10-20 04:30:32 --> Undefined array key "nama_lengkap"
in APPPATH\Views\admin\kelas.php on line 29.
 1 APPPATH\Views\admin\kelas.php(29): CodeIgniter\Debug\Exceptions->errorHandler(2, 'Undefined array key "nama_lengkap"', 'D:\\Udin\\SMP 1\\web\\jurnal_pembelajaran\\app\\Views\\admin\\kelas.php', 29)
 2 SYSTEMPATH\View\View.php(228): include('D:\\Udin\\SMP 1\\web\\jurnal_pembelajaran\\app\\Views\\admin\\kelas.php')
 3 SYSTEMPATH\View\View.php(231): CodeIgniter\View\View->CodeIgniter\View\{closure}()
 4 SYSTEMPATH\Common.php(1190): CodeIgniter\View\View->render('/admin/kelas', [], true)
 5 APPPATH\Controllers\Admin.php(265): view('/admin/kelas', [...])
 6 SYSTEMPATH\CodeIgniter.php(942): App\Controllers\Admin->kelas()
 7 SYSTEMPATH\CodeIgniter.php(502): CodeIgniter\CodeIgniter->runController(Object(App\Controllers\Admin))
 8 SYSTEMPATH\CodeIgniter.php(361): CodeIgniter\CodeIgniter->handleRequest(null, Object(Config\Cache), false)
 9 FCPATH\index.php(79): CodeIgniter\CodeIgniter->run()
10 SYSTEMPATH\Commands\Server\rewrite.php(47): require_once('D:\\Udin\\SMP 1\\web\\jurnal_pembelajaran\\public\\index.php')
INFO - 2024-10-20 04:30:32 --> Session: Class initialized using 'CodeIgniter\Session\Handlers\FileHandler' driver.
CRITICAL - 2024-10-20 04:30:32 --> Undefined array key "nama_lengkap"
in APPPATH\Views\admin\kelas.php on line 29.
 1 APPPATH\Views\admin\kelas.php(29): CodeIgniter\Debug\Exceptions->errorHandler(2, 'Undefined array key "nama_lengkap"', 'D:\\Udin\\SMP 1\\web\\jurnal_pembelajaran\\app\\Views\\admin\\kelas.php', 29)
 2 SYSTEMPATH\View\View.php(228): include('D:\\Udin\\SMP 1\\web\\jurnal_pembelajaran\\app\\Views\\admin\\kelas.php')
 3 SYSTEMPATH\View\View.php(231): CodeIgniter\View\View->CodeIgniter\View\{closure}()
 4 SYSTEMPATH\Common.php(1190): CodeIgniter\View\View->render('/admin/kelas', [], true)
 5 APPPATH\Controllers\Admin.php(265): view('/admin/kelas', [...])
 6 SYSTEMPATH\CodeIgniter.php(942): App\Controllers\Admin->kelas()
 7 SYSTEMPATH\CodeIgniter.php(502): CodeIgniter\CodeIgniter->runController(Object(App\Controllers\Admin))
 8 SYSTEMPATH\CodeIgniter.php(361): CodeIgniter\CodeIgniter->handleRequest(null, Object(Config\Cache), false)
 9 FCPATH\index.php(79): CodeIgniter\CodeIgniter->run()
10 SYSTEMPATH\Commands\Server\rewrite.php(47): require_once('D:\\Udin\\SMP 1\\web\\jurnal_pembelajaran\\public\\index.php')
INFO - 2024-10-20 04:30:32 --> Session: Class initialized using 'CodeIgniter\Session\Handlers\FileHandler' driver.
CRITICAL - 2024-10-20 04:30:32 --> Undefined array key "nama_lengkap"
in APPPATH\Views\admin\kelas.php on line 29.
 1 APPPATH\Views\admin\kelas.php(29): CodeIgniter\Debug\Exceptions->errorHandler(2, 'Undefined array key "nama_lengkap"', 'D:\\Udin\\SMP 1\\web\\jurnal_pembelajaran\\app\\Views\\admin\\kelas.php', 29)
 2 SYSTEMPATH\View\View.php(228): include('D:\\Udin\\SMP 1\\web\\jurnal_pembelajaran\\app\\Views\\admin\\kelas.php')
 3 SYSTEMPATH\View\View.php(231): CodeIgniter\View\View->CodeIgniter\View\{closure}()
 4 SYSTEMPATH\Common.php(1190): CodeIgniter\View\View->render('/admin/kelas', [], true)
 5 APPPATH\Controllers\Admin.php(265): view('/admin/kelas', [...])
 6 SYSTEMPATH\CodeIgniter.php(942): App\Controllers\Admin->kelas()
 7 SYSTEMPATH\CodeIgniter.php(502): CodeIgniter\CodeIgniter->runController(Object(App\Controllers\Admin))
 8 SYSTEMPATH\CodeIgniter.php(361): CodeIgniter\CodeIgniter->handleRequest(null, Object(Config\Cache), false)
 9 FCPATH\index.php(79): CodeIgniter\CodeIgniter->run()
10 SYSTEMPATH\Commands\Server\rewrite.php(47): require_once('D:\\Udin\\SMP 1\\web\\jurnal_pembelajaran\\public\\index.php')
INFO - 2024-10-20 04:30:32 --> Session: Class initialized using 'CodeIgniter\Session\Handlers\FileHandler' driver.
CRITICAL - 2024-10-20 04:30:32 --> Undefined array key "nama_lengkap"
in APPPATH\Views\admin\kelas.php on line 29.
 1 APPPATH\Views\admin\kelas.php(29): CodeIgniter\Debug\Exceptions->errorHandler(2, 'Undefined array key "nama_lengkap"', 'D:\\Udin\\SMP 1\\web\\jurnal_pembelajaran\\app\\Views\\admin\\kelas.php', 29)
 2 SYSTEMPATH\View\View.php(228): include('D:\\Udin\\SMP 1\\web\\jurnal_pembelajaran\\app\\Views\\admin\\kelas.php')
 3 SYSTEMPATH\View\View.php(231): CodeIgniter\View\View->CodeIgniter\View\{closure}()
 4 SYSTEMPATH\Common.php(1190): CodeIgniter\View\View->render('/admin/kelas', [], true)
 5 APPPATH\Controllers\Admin.php(265): view('/admin/kelas', [...])
 6 SYSTEMPATH\CodeIgniter.php(942): App\Controllers\Admin->kelas()
 7 SYSTEMPATH\CodeIgniter.php(502): CodeIgniter\CodeIgniter->runController(Object(App\Controllers\Admin))
 8 SYSTEMPATH\CodeIgniter.php(361): CodeIgniter\CodeIgniter->handleRequest(null, Object(Config\Cache), false)
 9 FCPATH\index.php(79): CodeIgniter\CodeIgniter->run()
10 SYSTEMPATH\Commands\Server\rewrite.php(47): require_once('D:\\Udin\\SMP 1\\web\\jurnal_pembelajaran\\public\\index.php')
INFO - 2024-10-20 04:30:32 --> Session: Class initialized using 'CodeIgniter\Session\Handlers\FileHandler' driver.
CRITICAL - 2024-10-20 04:30:32 --> Undefined array key "nama_lengkap"
in APPPATH\Views\admin\kelas.php on line 29.
 1 APPPATH\Views\admin\kelas.php(29): CodeIgniter\Debug\Exceptions->errorHandler(2, 'Undefined array key "nama_lengkap"', 'D:\\Udin\\SMP 1\\web\\jurnal_pembelajaran\\app\\Views\\admin\\kelas.php', 29)
 2 SYSTEMPATH\View\View.php(228): include('D:\\Udin\\SMP 1\\web\\jurnal_pembelajaran\\app\\Views\\admin\\kelas.php')
 3 SYSTEMPATH\View\View.php(231): CodeIgniter\View\View->CodeIgniter\View\{closure}()
 4 SYSTEMPATH\Common.php(1190): CodeIgniter\View\View->render('/admin/kelas', [], true)
 5 APPPATH\Controllers\Admin.php(265): view('/admin/kelas', [...])
 6 SYSTEMPATH\CodeIgniter.php(942): App\Controllers\Admin->kelas()
 7 SYSTEMPATH\CodeIgniter.php(502): CodeIgniter\CodeIgniter->runController(Object(App\Controllers\Admin))
 8 SYSTEMPATH\CodeIgniter.php(361): CodeIgniter\CodeIgniter->handleRequest(null, Object(Config\Cache), false)
 9 FCPATH\index.php(79): CodeIgniter\CodeIgniter->run()
10 SYSTEMPATH\Commands\Server\rewrite.php(47): require_once('D:\\Udin\\SMP 1\\web\\jurnal_pembelajaran\\public\\index.php')
INFO - 2024-10-20 04:30:33 --> Session: Class initialized using 'CodeIgniter\Session\Handlers\FileHandler' driver.
CRITICAL - 2024-10-20 04:30:33 --> Undefined array key "nama_lengkap"
in APPPATH\Views\admin\kelas.php on line 29.
 1 APPPATH\Views\admin\kelas.php(29): CodeIgniter\Debug\Exceptions->errorHandler(2, 'Undefined array key "nama_lengkap"', 'D:\\Udin\\SMP 1\\web\\jurnal_pembelajaran\\app\\Views\\admin\\kelas.php', 29)
 2 SYSTEMPATH\View\View.php(228): include('D:\\Udin\\SMP 1\\web\\jurnal_pembelajaran\\app\\Views\\admin\\kelas.php')
 3 SYSTEMPATH\View\View.php(231): CodeIgniter\View\View->CodeIgniter\View\{closure}()
 4 SYSTEMPATH\Common.php(1190): CodeIgniter\View\View->render('/admin/kelas', [], true)
 5 APPPATH\Controllers\Admin.php(265): view('/admin/kelas', [...])
 6 SYSTEMPATH\CodeIgniter.php(942): App\Controllers\Admin->kelas()
 7 SYSTEMPATH\CodeIgniter.php(502): CodeIgniter\CodeIgniter->runController(Object(App\Controllers\Admin))
 8 SYSTEMPATH\CodeIgniter.php(361): CodeIgniter\CodeIgniter->handleRequest(null, Object(Config\Cache), false)
 9 FCPATH\index.php(79): CodeIgniter\CodeIgniter->run()
10 SYSTEMPATH\Commands\Server\rewrite.php(47): require_once('D:\\Udin\\SMP 1\\web\\jurnal_pembelajaran\\public\\index.php')
INFO - 2024-10-20 04:34:40 --> Session: Class initialized using 'CodeIgniter\Session\Handlers\FileHandler' driver.
CRITICAL - 2024-10-20 04:34:40 --> Undefined array key "nama_lengkap"
in APPPATH\Views\admin\kelas.php on line 29.
 1 APPPATH\Views\admin\kelas.php(29): CodeIgniter\Debug\Exceptions->errorHandler(2, 'Undefined array key "nama_lengkap"', 'D:\\Udin\\SMP 1\\web\\jurnal_pembelajaran\\app\\Views\\admin\\kelas.php', 29)
 2 SYSTEMPATH\View\View.php(228): include('D:\\Udin\\SMP 1\\web\\jurnal_pembelajaran\\app\\Views\\admin\\kelas.php')
 3 SYSTEMPATH\View\View.php(231): CodeIgniter\View\View->CodeIgniter\View\{closure}()
 4 SYSTEMPATH\Common.php(1190): CodeIgniter\View\View->render('/admin/kelas', [], true)
 5 APPPATH\Controllers\Admin.php(265): view('/admin/kelas', [...])
 6 SYSTEMPATH\CodeIgniter.php(942): App\Controllers\Admin->kelas()
 7 SYSTEMPATH\CodeIgniter.php(502): CodeIgniter\CodeIgniter->runController(Object(App\Controllers\Admin))
 8 SYSTEMPATH\CodeIgniter.php(361): CodeIgniter\CodeIgniter->handleRequest(null, Object(Config\Cache), false)
 9 FCPATH\index.php(79): CodeIgniter\CodeIgniter->run()
10 SYSTEMPATH\Commands\Server\rewrite.php(47): require_once('D:\\Udin\\SMP 1\\web\\jurnal_pembelajaran\\public\\index.php')
INFO - 2024-10-20 04:34:42 --> Session: Class initialized using 'CodeIgniter\Session\Handlers\FileHandler' driver.
CRITICAL - 2024-10-20 04:34:42 --> Undefined array key "nama_lengkap"
in APPPATH\Views\admin\kelas.php on line 29.
 1 APPPATH\Views\admin\kelas.php(29): CodeIgniter\Debug\Exceptions->errorHandler(2, 'Undefined array key "nama_lengkap"', 'D:\\Udin\\SMP 1\\web\\jurnal_pembelajaran\\app\\Views\\admin\\kelas.php', 29)
 2 SYSTEMPATH\View\View.php(228): include('D:\\Udin\\SMP 1\\web\\jurnal_pembelajaran\\app\\Views\\admin\\kelas.php')
 3 SYSTEMPATH\View\View.php(231): CodeIgniter\View\View->CodeIgniter\View\{closure}()
 4 SYSTEMPATH\Common.php(1190): CodeIgniter\View\View->render('/admin/kelas', [], true)
 5 APPPATH\Controllers\Admin.php(265): view('/admin/kelas', [...])
 6 SYSTEMPATH\CodeIgniter.php(942): App\Controllers\Admin->kelas()
 7 SYSTEMPATH\CodeIgniter.php(502): CodeIgniter\CodeIgniter->runController(Object(App\Controllers\Admin))
 8 SYSTEMPATH\CodeIgniter.php(361): CodeIgniter\CodeIgniter->handleRequest(null, Object(Config\Cache), false)
 9 FCPATH\index.php(79): CodeIgniter\CodeIgniter->run()
10 SYSTEMPATH\Commands\Server\rewrite.php(47): require_once('D:\\Udin\\SMP 1\\web\\jurnal_pembelajaran\\public\\index.php')
INFO - 2024-10-20 04:34:42 --> Session: Class initialized using 'CodeIgniter\Session\Handlers\FileHandler' driver.
CRITICAL - 2024-10-20 04:34:42 --> Undefined array key "nama_lengkap"
in APPPATH\Views\admin\kelas.php on line 29.
 1 APPPATH\Views\admin\kelas.php(29): CodeIgniter\Debug\Exceptions->errorHandler(2, 'Undefined array key "nama_lengkap"', 'D:\\Udin\\SMP 1\\web\\jurnal_pembelajaran\\app\\Views\\admin\\kelas.php', 29)
 2 SYSTEMPATH\View\View.php(228): include('D:\\Udin\\SMP 1\\web\\jurnal_pembelajaran\\app\\Views\\admin\\kelas.php')
 3 SYSTEMPATH\View\View.php(231): CodeIgniter\View\View->CodeIgniter\View\{closure}()
 4 SYSTEMPATH\Common.php(1190): CodeIgniter\View\View->render('/admin/kelas', [], true)
 5 APPPATH\Controllers\Admin.php(265): view('/admin/kelas', [...])
 6 SYSTEMPATH\CodeIgniter.php(942): App\Controllers\Admin->kelas()
 7 SYSTEMPATH\CodeIgniter.php(502): CodeIgniter\CodeIgniter->runController(Object(App\Controllers\Admin))
 8 SYSTEMPATH\CodeIgniter.php(361): CodeIgniter\CodeIgniter->handleRequest(null, Object(Config\Cache), false)
 9 FCPATH\index.php(79): CodeIgniter\CodeIgniter->run()
10 SYSTEMPATH\Commands\Server\rewrite.php(47): require_once('D:\\Udin\\SMP 1\\web\\jurnal_pembelajaran\\public\\index.php')
INFO - 2024-10-20 04:34:42 --> Session: Class initialized using 'CodeIgniter\Session\Handlers\FileHandler' driver.
CRITICAL - 2024-10-20 04:34:42 --> Undefined array key "nama_lengkap"
in APPPATH\Views\admin\kelas.php on line 29.
 1 APPPATH\Views\admin\kelas.php(29): CodeIgniter\Debug\Exceptions->errorHandler(2, 'Undefined array key "nama_lengkap"', 'D:\\Udin\\SMP 1\\web\\jurnal_pembelajaran\\app\\Views\\admin\\kelas.php', 29)
 2 SYSTEMPATH\View\View.php(228): include('D:\\Udin\\SMP 1\\web\\jurnal_pembelajaran\\app\\Views\\admin\\kelas.php')
 3 SYSTEMPATH\View\View.php(231): CodeIgniter\View\View->CodeIgniter\View\{closure}()
 4 SYSTEMPATH\Common.php(1190): CodeIgniter\View\View->render('/admin/kelas', [], true)
 5 APPPATH\Controllers\Admin.php(265): view('/admin/kelas', [...])
 6 SYSTEMPATH\CodeIgniter.php(942): App\Controllers\Admin->kelas()
 7 SYSTEMPATH\CodeIgniter.php(502): CodeIgniter\CodeIgniter->runController(Object(App\Controllers\Admin))
 8 SYSTEMPATH\CodeIgniter.php(361): CodeIgniter\CodeIgniter->handleRequest(null, Object(Config\Cache), false)
 9 FCPATH\index.php(79): CodeIgniter\CodeIgniter->run()
10 SYSTEMPATH\Commands\Server\rewrite.php(47): require_once('D:\\Udin\\SMP 1\\web\\jurnal_pembelajaran\\public\\index.php')
INFO - 2024-10-20 04:34:43 --> Session: Class initialized using 'CodeIgniter\Session\Handlers\FileHandler' driver.
CRITICAL - 2024-10-20 04:34:43 --> Undefined array key "nama_lengkap"
in APPPATH\Views\admin\kelas.php on line 29.
 1 APPPATH\Views\admin\kelas.php(29): CodeIgniter\Debug\Exceptions->errorHandler(2, 'Undefined array key "nama_lengkap"', 'D:\\Udin\\SMP 1\\web\\jurnal_pembelajaran\\app\\Views\\admin\\kelas.php', 29)
 2 SYSTEMPATH\View\View.php(228): include('D:\\Udin\\SMP 1\\web\\jurnal_pembelajaran\\app\\Views\\admin\\kelas.php')
 3 SYSTEMPATH\View\View.php(231): CodeIgniter\View\View->CodeIgniter\View\{closure}()
 4 SYSTEMPATH\Common.php(1190): CodeIgniter\View\View->render('/admin/kelas', [], true)
 5 APPPATH\Controllers\Admin.php(265): view('/admin/kelas', [...])
 6 SYSTEMPATH\CodeIgniter.php(942): App\Controllers\Admin->kelas()
 7 SYSTEMPATH\CodeIgniter.php(502): CodeIgniter\CodeIgniter->runController(Object(App\Controllers\Admin))
 8 SYSTEMPATH\CodeIgniter.php(361): CodeIgniter\CodeIgniter->handleRequest(null, Object(Config\Cache), false)
 9 FCPATH\index.php(79): CodeIgniter\CodeIgniter->run()
10 SYSTEMPATH\Commands\Server\rewrite.php(47): require_once('D:\\Udin\\SMP 1\\web\\jurnal_pembelajaran\\public\\index.php')
INFO - 2024-10-20 04:34:43 --> Session: Class initialized using 'CodeIgniter\Session\Handlers\FileHandler' driver.
CRITICAL - 2024-10-20 04:34:43 --> Undefined array key "nama_lengkap"
in APPPATH\Views\admin\kelas.php on line 29.
 1 APPPATH\Views\admin\kelas.php(29): CodeIgniter\Debug\Exceptions->errorHandler(2, 'Undefined array key "nama_lengkap"', 'D:\\Udin\\SMP 1\\web\\jurnal_pembelajaran\\app\\Views\\admin\\kelas.php', 29)
 2 SYSTEMPATH\View\View.php(228): include('D:\\Udin\\SMP 1\\web\\jurnal_pembelajaran\\app\\Views\\admin\\kelas.php')
 3 SYSTEMPATH\View\View.php(231): CodeIgniter\View\View->CodeIgniter\View\{closure}()
 4 SYSTEMPATH\Common.php(1190): CodeIgniter\View\View->render('/admin/kelas', [], true)
 5 APPPATH\Controllers\Admin.php(265): view('/admin/kelas', [...])
 6 SYSTEMPATH\CodeIgniter.php(942): App\Controllers\Admin->kelas()
 7 SYSTEMPATH\CodeIgniter.php(502): CodeIgniter\CodeIgniter->runController(Object(App\Controllers\Admin))
 8 SYSTEMPATH\CodeIgniter.php(361): CodeIgniter\CodeIgniter->handleRequest(null, Object(Config\Cache), false)
 9 FCPATH\index.php(79): CodeIgniter\CodeIgniter->run()
10 SYSTEMPATH\Commands\Server\rewrite.php(47): require_once('D:\\Udin\\SMP 1\\web\\jurnal_pembelajaran\\public\\index.php')
INFO - 2024-10-20 04:34:43 --> Session: Class initialized using 'CodeIgniter\Session\Handlers\FileHandler' driver.
CRITICAL - 2024-10-20 04:34:43 --> Undefined array key "nama_lengkap"
in APPPATH\Views\admin\kelas.php on line 29.
 1 APPPATH\Views\admin\kelas.php(29): CodeIgniter\Debug\Exceptions->errorHandler(2, 'Undefined array key "nama_lengkap"', 'D:\\Udin\\SMP 1\\web\\jurnal_pembelajaran\\app\\Views\\admin\\kelas.php', 29)
 2 SYSTEMPATH\View\View.php(228): include('D:\\Udin\\SMP 1\\web\\jurnal_pembelajaran\\app\\Views\\admin\\kelas.php')
 3 SYSTEMPATH\View\View.php(231): CodeIgniter\View\View->CodeIgniter\View\{closure}()
 4 SYSTEMPATH\Common.php(1190): CodeIgniter\View\View->render('/admin/kelas', [], true)
 5 APPPATH\Controllers\Admin.php(265): view('/admin/kelas', [...])
 6 SYSTEMPATH\CodeIgniter.php(942): App\Controllers\Admin->kelas()
 7 SYSTEMPATH\CodeIgniter.php(502): CodeIgniter\CodeIgniter->runController(Object(App\Controllers\Admin))
 8 SYSTEMPATH\CodeIgniter.php(361): CodeIgniter\CodeIgniter->handleRequest(null, Object(Config\Cache), false)
 9 FCPATH\index.php(79): CodeIgniter\CodeIgniter->run()
10 SYSTEMPATH\Commands\Server\rewrite.php(47): require_once('D:\\Udin\\SMP 1\\web\\jurnal_pembelajaran\\public\\index.php')
INFO - 2024-10-20 04:34:43 --> Session: Class initialized using 'CodeIgniter\Session\Handlers\FileHandler' driver.
CRITICAL - 2024-10-20 04:34:43 --> Undefined array key "nama_lengkap"
in APPPATH\Views\admin\kelas.php on line 29.
 1 APPPATH\Views\admin\kelas.php(29): CodeIgniter\Debug\Exceptions->errorHandler(2, 'Undefined array key "nama_lengkap"', 'D:\\Udin\\SMP 1\\web\\jurnal_pembelajaran\\app\\Views\\admin\\kelas.php', 29)
 2 SYSTEMPATH\View\View.php(228): include('D:\\Udin\\SMP 1\\web\\jurnal_pembelajaran\\app\\Views\\admin\\kelas.php')
 3 SYSTEMPATH\View\View.php(231): CodeIgniter\View\View->CodeIgniter\View\{closure}()
 4 SYSTEMPATH\Common.php(1190): CodeIgniter\View\View->render('/admin/kelas', [], true)
 5 APPPATH\Controllers\Admin.php(265): view('/admin/kelas', [...])
 6 SYSTEMPATH\CodeIgniter.php(942): App\Controllers\Admin->kelas()
 7 SYSTEMPATH\CodeIgniter.php(502): CodeIgniter\CodeIgniter->runController(Object(App\Controllers\Admin))
 8 SYSTEMPATH\CodeIgniter.php(361): CodeIgniter\CodeIgniter->handleRequest(null, Object(Config\Cache), false)
 9 FCPATH\index.php(79): CodeIgniter\CodeIgniter->run()
10 SYSTEMPATH\Commands\Server\rewrite.php(47): require_once('D:\\Udin\\SMP 1\\web\\jurnal_pembelajaran\\public\\index.php')
INFO - 2024-10-20 04:34:43 --> Session: Class initialized using 'CodeIgniter\Session\Handlers\FileHandler' driver.
CRITICAL - 2024-10-20 04:34:43 --> Undefined array key "nama_lengkap"
in APPPATH\Views\admin\kelas.php on line 29.
 1 APPPATH\Views\admin\kelas.php(29): CodeIgniter\Debug\Exceptions->errorHandler(2, 'Undefined array key "nama_lengkap"', 'D:\\Udin\\SMP 1\\web\\jurnal_pembelajaran\\app\\Views\\admin\\kelas.php', 29)
 2 SYSTEMPATH\View\View.php(228): include('D:\\Udin\\SMP 1\\web\\jurnal_pembelajaran\\app\\Views\\admin\\kelas.php')
 3 SYSTEMPATH\View\View.php(231): CodeIgniter\View\View->CodeIgniter\View\{closure}()
 4 SYSTEMPATH\Common.php(1190): CodeIgniter\View\View->render('/admin/kelas', [], true)
 5 APPPATH\Controllers\Admin.php(265): view('/admin/kelas', [...])
 6 SYSTEMPATH\CodeIgniter.php(942): App\Controllers\Admin->kelas()
 7 SYSTEMPATH\CodeIgniter.php(502): CodeIgniter\CodeIgniter->runController(Object(App\Controllers\Admin))
 8 SYSTEMPATH\CodeIgniter.php(361): CodeIgniter\CodeIgniter->handleRequest(null, Object(Config\Cache), false)
 9 FCPATH\index.php(79): CodeIgniter\CodeIgniter->run()
10 SYSTEMPATH\Commands\Server\rewrite.php(47): require_once('D:\\Udin\\SMP 1\\web\\jurnal_pembelajaran\\public\\index.php')
INFO - 2024-10-20 04:34:43 --> Session: Class initialized using 'CodeIgniter\Session\Handlers\FileHandler' driver.
CRITICAL - 2024-10-20 04:34:43 --> Undefined array key "nama_lengkap"
in APPPATH\Views\admin\kelas.php on line 29.
 1 APPPATH\Views\admin\kelas.php(29): CodeIgniter\Debug\Exceptions->errorHandler(2, 'Undefined array key "nama_lengkap"', 'D:\\Udin\\SMP 1\\web\\jurnal_pembelajaran\\app\\Views\\admin\\kelas.php', 29)
 2 SYSTEMPATH\View\View.php(228): include('D:\\Udin\\SMP 1\\web\\jurnal_pembelajaran\\app\\Views\\admin\\kelas.php')
 3 SYSTEMPATH\View\View.php(231): CodeIgniter\View\View->CodeIgniter\View\{closure}()
 4 SYSTEMPATH\Common.php(1190): CodeIgniter\View\View->render('/admin/kelas', [], true)
 5 APPPATH\Controllers\Admin.php(265): view('/admin/kelas', [...])
 6 SYSTEMPATH\CodeIgniter.php(942): App\Controllers\Admin->kelas()
 7 SYSTEMPATH\CodeIgniter.php(502): CodeIgniter\CodeIgniter->runController(Object(App\Controllers\Admin))
 8 SYSTEMPATH\CodeIgniter.php(361): CodeIgniter\CodeIgniter->handleRequest(null, Object(Config\Cache), false)
 9 FCPATH\index.php(79): CodeIgniter\CodeIgniter->run()
10 SYSTEMPATH\Commands\Server\rewrite.php(47): require_once('D:\\Udin\\SMP 1\\web\\jurnal_pembelajaran\\public\\index.php')
INFO - 2024-10-20 04:48:24 --> Session: Class initialized using 'CodeIgniter\Session\Handlers\FileHandler' driver.
INFO - 2024-10-20 04:48:50 --> Session: Class initialized using 'CodeIgniter\Session\Handlers\FileHandler' driver.
INFO - 2024-10-20 07:25:32 --> Session: Class initialized using 'CodeIgniter\Session\Handlers\FileHandler' driver.
INFO - 2024-10-20 07:25:39 --> Session: Class initialized using 'CodeIgniter\Session\Handlers\FileHandler' driver.
INFO - 2024-10-20 07:25:39 --> Session: Class initialized using 'CodeIgniter\Session\Handlers\FileHandler' driver.
INFO - 2024-10-20 07:25:42 --> Session: Class initialized using 'CodeIgniter\Session\Handlers\FileHandler' driver.
INFO - 2024-10-20 07:26:05 --> Session: Class initialized using 'CodeIgniter\Session\Handlers\FileHandler' driver.
CRITICAL - 2024-10-20 07:26:05 --> Undefined array key "nama_lengkap"
in APPPATH\Views\admin\kelas.php on line 29.
 1 APPPATH\Views\admin\kelas.php(29): CodeIgniter\Debug\Exceptions->errorHandler(2, 'Undefined array key "nama_lengkap"', 'D:\\Udin\\SMP 1\\web\\jurnal_pembelajaran\\app\\Views\\admin\\kelas.php', 29)
 2 SYSTEMPATH\View\View.php(228): include('D:\\Udin\\SMP 1\\web\\jurnal_pembelajaran\\app\\Views\\admin\\kelas.php')
 3 SYSTEMPATH\View\View.php(231): CodeIgniter\View\View->CodeIgniter\View\{closure}()
 4 SYSTEMPATH\Common.php(1190): CodeIgniter\View\View->render('/admin/kelas', [], true)
 5 APPPATH\Controllers\Admin.php(265): view('/admin/kelas', [...])
 6 SYSTEMPATH\CodeIgniter.php(942): App\Controllers\Admin->kelas()
 7 SYSTEMPATH\CodeIgniter.php(502): CodeIgniter\CodeIgniter->runController(Object(App\Controllers\Admin))
 8 SYSTEMPATH\CodeIgniter.php(361): CodeIgniter\CodeIgniter->handleRequest(null, Object(Config\Cache), false)
 9 FCPATH\index.php(79): CodeIgniter\CodeIgniter->run()
10 SYSTEMPATH\Commands\Server\rewrite.php(47): require_once('D:\\Udin\\SMP 1\\web\\jurnal_pembelajaran\\public\\index.php')
INFO - 2024-10-20 07:26:21 --> Session: Class initialized using 'CodeIgniter\Session\Handlers\FileHandler' driver.
INFO - 2024-10-20 07:27:39 --> Session: Class initialized using 'CodeIgniter\Session\Handlers\FileHandler' driver.
CRITICAL - 2024-10-20 07:27:39 --> Undefined array key "nama_kelas"
in APPPATH\Views\admin\kelas.php on line 28.
 1 APPPATH\Views\admin\kelas.php(28): CodeIgniter\Debug\Exceptions->errorHandler(2, 'Undefined array key "nama_kelas"', 'D:\\Udin\\SMP 1\\web\\jurnal_pembelajaran\\app\\Views\\admin\\kelas.php', 28)
 2 SYSTEMPATH\View\View.php(228): include('D:\\Udin\\SMP 1\\web\\jurnal_pembelajaran\\app\\Views\\admin\\kelas.php')
 3 SYSTEMPATH\View\View.php(231): CodeIgniter\View\View->CodeIgniter\View\{closure}()
 4 SYSTEMPATH\Common.php(1190): CodeIgniter\View\View->render('/admin/kelas', [], true)
 5 APPPATH\Controllers\Admin.php(265): view('/admin/kelas', [...])
 6 SYSTEMPATH\CodeIgniter.php(942): App\Controllers\Admin->kelas()
 7 SYSTEMPATH\CodeIgniter.php(502): CodeIgniter\CodeIgniter->runController(Object(App\Controllers\Admin))
 8 SYSTEMPATH\CodeIgniter.php(361): CodeIgniter\CodeIgniter->handleRequest(null, Object(Config\Cache), false)
 9 FCPATH\index.php(79): CodeIgniter\CodeIgniter->run()
10 SYSTEMPATH\Commands\Server\rewrite.php(47): require_once('D:\\Udin\\SMP 1\\web\\jurnal_pembelajaran\\public\\index.php')
INFO - 2024-10-20 07:27:47 --> Session: Class initialized using 'CodeIgniter\Session\Handlers\FileHandler' driver.
CRITICAL - 2024-10-20 07:27:47 --> Undefined array key "id_kelas"
in APPPATH\Views\admin\kelas.php on line 32.
 1 APPPATH\Views\admin\kelas.php(32): CodeIgniter\Debug\Exceptions->errorHandler(2, 'Undefined array key "id_kelas"', 'D:\\Udin\\SMP 1\\web\\jurnal_pembelajaran\\app\\Views\\admin\\kelas.php', 32)
 2 SYSTEMPATH\View\View.php(228): include('D:\\Udin\\SMP 1\\web\\jurnal_pembelajaran\\app\\Views\\admin\\kelas.php')
 3 SYSTEMPATH\View\View.php(231): CodeIgniter\View\View->CodeIgniter\View\{closure}()
 4 SYSTEMPATH\Common.php(1190): CodeIgniter\View\View->render('/admin/kelas', [], true)
 5 APPPATH\Controllers\Admin.php(265): view('/admin/kelas', [...])
 6 SYSTEMPATH\CodeIgniter.php(942): App\Controllers\Admin->kelas()
 7 SYSTEMPATH\CodeIgniter.php(502): CodeIgniter\CodeIgniter->runController(Object(App\Controllers\Admin))
 8 SYSTEMPATH\CodeIgniter.php(361): CodeIgniter\CodeIgniter->handleRequest(null, Object(Config\Cache), false)
 9 FCPATH\index.php(79): CodeIgniter\CodeIgniter->run()
10 SYSTEMPATH\Commands\Server\rewrite.php(47): require_once('D:\\Udin\\SMP 1\\web\\jurnal_pembelajaran\\public\\index.php')
INFO - 2024-10-20 07:27:54 --> Session: Class initialized using 'CodeIgniter\Session\Handlers\FileHandler' driver.
CRITICAL - 2024-10-20 07:27:54 --> Undefined array key "nama_kelas"
in APPPATH\Views\admin\kelas.php on line 32.
 1 APPPATH\Views\admin\kelas.php(32): CodeIgniter\Debug\Exceptions->errorHandler(2, 'Undefined array key "nama_kelas"', 'D:\\Udin\\SMP 1\\web\\jurnal_pembelajaran\\app\\Views\\admin\\kelas.php', 32)
 2 SYSTEMPATH\View\View.php(228): include('D:\\Udin\\SMP 1\\web\\jurnal_pembelajaran\\app\\Views\\admin\\kelas.php')
 3 SYSTEMPATH\View\View.php(231): CodeIgniter\View\View->CodeIgniter\View\{closure}()
 4 SYSTEMPATH\Common.php(1190): CodeIgniter\View\View->render('/admin/kelas', [], true)
 5 APPPATH\Controllers\Admin.php(265): view('/admin/kelas', [...])
 6 SYSTEMPATH\CodeIgniter.php(942): App\Controllers\Admin->kelas()
 7 SYSTEMPATH\CodeIgniter.php(502): CodeIgniter\CodeIgniter->runController(Object(App\Controllers\Admin))
 8 SYSTEMPATH\CodeIgniter.php(361): CodeIgniter\CodeIgniter->handleRequest(null, Object(Config\Cache), false)
 9 FCPATH\index.php(79): CodeIgniter\CodeIgniter->run()
10 SYSTEMPATH\Commands\Server\rewrite.php(47): require_once('D:\\Udin\\SMP 1\\web\\jurnal_pembelajaran\\public\\index.php')
INFO - 2024-10-20 07:28:10 --> Session: Class initialized using 'CodeIgniter\Session\Handlers\FileHandler' driver.
INFO - 2024-10-20 07:28:49 --> Session: Class initialized using 'CodeIgniter\Session\Handlers\FileHandler' driver.
INFO - 2024-10-20 07:29:22 --> Session: Class initialized using 'CodeIgniter\Session\Handlers\FileHandler' driver.
INFO - 2024-10-20 07:35:00 --> Session: Class initialized using 'CodeIgniter\Session\Handlers\FileHandler' driver.
INFO - 2024-10-20 07:36:12 --> Session: Class initialized using 'CodeIgniter\Session\Handlers\FileHandler' driver.
ERROR - 2024-10-20 07:36:42 --> mysqli_sql_exception: Cannot delete or update a parent row: a foreign key constraint fails (`jurnal_pembelajaran`.`siswa`, CONSTRAINT `fk_2` FOREIGN KEY (`kelas`) REFERENCES `kelas` (`id_kelas`)) in D:\Udin\SMP 1\web\jurnal_pembelajaran\system\Database\MySQLi\Connection.php:306
Stack trace:
#0 D:\Udin\SMP 1\web\jurnal_pembelajaran\system\Database\MySQLi\Connection.php(306): mysqli->query('DELETE FROM `ke...', 0)
#1 D:\Udin\SMP 1\web\jurnal_pembelajaran\system\Database\BaseConnection.php(693): CodeIgniter\Database\MySQLi\Connection->execute('DELETE FROM `ke...')
#2 D:\Udin\SMP 1\web\jurnal_pembelajaran\system\Database\BaseConnection.php(607): CodeIgniter\Database\BaseConnection->simpleQuery('DELETE FROM `ke...')
#3 D:\Udin\SMP 1\web\jurnal_pembelajaran\system\Database\BaseBuilder.php(2790): CodeIgniter\Database\BaseConnection->query('DELETE FROM `ke...', Array, false)
#4 D:\Udin\SMP 1\web\jurnal_pembelajaran\system\Model.php(445): CodeIgniter\Database\BaseBuilder->delete()
#5 D:\Udin\SMP 1\web\jurnal_pembelajaran\system\BaseModel.php(1080): CodeIgniter\Model->doDelete(Array, false)
#6 D:\Udin\SMP 1\web\jurnal_pembelajaran\app\Controllers\Admin.php(301): CodeIgniter\BaseModel->delete(Array)
#7 D:\Udin\SMP 1\web\jurnal_pembelajaran\system\CodeIgniter.php(942): App\Controllers\Admin->delete_kelas('59')
#8 D:\Udin\SMP 1\web\jurnal_pembelajaran\system\CodeIgniter.php(502): CodeIgniter\CodeIgniter->runController(Object(App\Controllers\Admin))
#9 D:\Udin\SMP 1\web\jurnal_pembelajaran\system\CodeIgniter.php(361): CodeIgniter\CodeIgniter->handleRequest(NULL, Object(Config\Cache), false)
#10 D:\Udin\SMP 1\web\jurnal_pembelajaran\public\index.php(79): CodeIgniter\CodeIgniter->run()
#11 D:\Udin\SMP 1\web\jurnal_pembelajaran\system\Commands\Server\rewrite.php(47): require_once('D:\\Udin\\SMP 1\\w...')
#12 {main}
CRITICAL - 2024-10-20 07:36:42 --> Cannot delete or update a parent row: a foreign key constraint fails (`jurnal_pembelajaran`.`siswa`, CONSTRAINT `fk_2` FOREIGN KEY (`kelas`) REFERENCES `kelas` (`id_kelas`))
in SYSTEMPATH\Database\BaseConnection.php on line 647.
 1 SYSTEMPATH\Database\BaseBuilder.php(2790): CodeIgniter\Database\BaseConnection->query('DELETE FROM `kelas`
WHERE `id_kelas` IN :id_kelas:', [...], false)
 2 SYSTEMPATH\Model.php(445): CodeIgniter\Database\BaseBuilder->delete()
 3 SYSTEMPATH\BaseModel.php(1080): CodeIgniter\Model->doDelete([...], false)
 4 APPPATH\Controllers\Admin.php(301): CodeIgniter\BaseModel->delete([...])
 5 SYSTEMPATH\CodeIgniter.php(942): App\Controllers\Admin->delete_kelas('59')
 6 SYSTEMPATH\CodeIgniter.php(502): CodeIgniter\CodeIgniter->runController(Object(App\Controllers\Admin))
 7 SYSTEMPATH\CodeIgniter.php(361): CodeIgniter\CodeIgniter->handleRequest(null, Object(Config\Cache), false)
 8 FCPATH\index.php(79): CodeIgniter\CodeIgniter->run()
 9 SYSTEMPATH\Commands\Server\rewrite.php(47): require_once('D:\\Udin\\SMP 1\\web\\jurnal_pembelajaran\\public\\index.php')
INFO - 2024-10-20 07:36:48 --> Session: Class initialized using 'CodeIgniter\Session\Handlers\FileHandler' driver.
INFO - 2024-10-20 07:36:53 --> Session: Class initialized using 'CodeIgniter\Session\Handlers\FileHandler' driver.
INFO - 2024-10-20 07:36:54 --> Session: Class initialized using 'CodeIgniter\Session\Handlers\FileHandler' driver.
INFO - 2024-10-20 07:37:03 --> Session: Class initialized using 'CodeIgniter\Session\Handlers\FileHandler' driver.
INFO - 2024-10-20 07:37:05 --> Session: Class initialized using 'CodeIgniter\Session\Handlers\FileHandler' driver.
INFO - 2024-10-20 07:37:08 --> Session: Class initialized using 'CodeIgniter\Session\Handlers\FileHandler' driver.
INFO - 2024-10-20 07:37:18 --> Session: Class initialized using 'CodeIgniter\Session\Handlers\FileHandler' driver.
ERROR - 2024-10-20 07:37:23 --> mysqli_sql_exception: Cannot delete or update a parent row: a foreign key constraint fails (`jurnal_pembelajaran`.`siswa`, CONSTRAINT `fk_2` FOREIGN KEY (`kelas`) REFERENCES `kelas` (`id_kelas`)) in D:\Udin\SMP 1\web\jurnal_pembelajaran\system\Database\MySQLi\Connection.php:306
Stack trace:
#0 D:\Udin\SMP 1\web\jurnal_pembelajaran\system\Database\MySQLi\Connection.php(306): mysqli->query('DELETE FROM `ke...', 0)
#1 D:\Udin\SMP 1\web\jurnal_pembelajaran\system\Database\BaseConnection.php(693): CodeIgniter\Database\MySQLi\Connection->execute('DELETE FROM `ke...')
#2 D:\Udin\SMP 1\web\jurnal_pembelajaran\system\Database\BaseConnection.php(607): CodeIgniter\Database\BaseConnection->simpleQuery('DELETE FROM `ke...')
#3 D:\Udin\SMP 1\web\jurnal_pembelajaran\system\Database\BaseBuilder.php(2790): CodeIgniter\Database\BaseConnection->query('DELETE FROM `ke...', Array, false)
#4 D:\Udin\SMP 1\web\jurnal_pembelajaran\system\Model.php(445): CodeIgniter\Database\BaseBuilder->delete()
#5 D:\Udin\SMP 1\web\jurnal_pembelajaran\system\BaseModel.php(1080): CodeIgniter\Model->doDelete(Array, false)
#6 D:\Udin\SMP 1\web\jurnal_pembelajaran\app\Controllers\Admin.php(301): CodeIgniter\BaseModel->delete(Array)
#7 D:\Udin\SMP 1\web\jurnal_pembelajaran\system\CodeIgniter.php(942): App\Controllers\Admin->delete_kelas('59')
#8 D:\Udin\SMP 1\web\jurnal_pembelajaran\system\CodeIgniter.php(502): CodeIgniter\CodeIgniter->runController(Object(App\Controllers\Admin))
#9 D:\Udin\SMP 1\web\jurnal_pembelajaran\system\CodeIgniter.php(361): CodeIgniter\CodeIgniter->handleRequest(NULL, Object(Config\Cache), false)
#10 D:\Udin\SMP 1\web\jurnal_pembelajaran\public\index.php(79): CodeIgniter\CodeIgniter->run()
#11 D:\Udin\SMP 1\web\jurnal_pembelajaran\system\Commands\Server\rewrite.php(47): require_once('D:\\Udin\\SMP 1\\w...')
#12 {main}
CRITICAL - 2024-10-20 07:37:23 --> Cannot delete or update a parent row: a foreign key constraint fails (`jurnal_pembelajaran`.`siswa`, CONSTRAINT `fk_2` FOREIGN KEY (`kelas`) REFERENCES `kelas` (`id_kelas`))
in SYSTEMPATH\Database\BaseConnection.php on line 647.
 1 SYSTEMPATH\Database\BaseBuilder.php(2790): CodeIgniter\Database\BaseConnection->query('DELETE FROM `kelas`
WHERE `id_kelas` IN :id_kelas:', [...], false)
 2 SYSTEMPATH\Model.php(445): CodeIgniter\Database\BaseBuilder->delete()
 3 SYSTEMPATH\BaseModel.php(1080): CodeIgniter\Model->doDelete([...], false)
 4 APPPATH\Controllers\Admin.php(301): CodeIgniter\BaseModel->delete([...])
 5 SYSTEMPATH\CodeIgniter.php(942): App\Controllers\Admin->delete_kelas('59')
 6 SYSTEMPATH\CodeIgniter.php(502): CodeIgniter\CodeIgniter->runController(Object(App\Controllers\Admin))
 7 SYSTEMPATH\CodeIgniter.php(361): CodeIgniter\CodeIgniter->handleRequest(null, Object(Config\Cache), false)
 8 FCPATH\index.php(79): CodeIgniter\CodeIgniter->run()
 9 SYSTEMPATH\Commands\Server\rewrite.php(47): require_once('D:\\Udin\\SMP 1\\web\\jurnal_pembelajaran\\public\\index.php')
INFO - 2024-10-20 07:37:57 --> Session: Class initialized using 'CodeIgniter\Session\Handlers\FileHandler' driver.
INFO - 2024-10-20 07:37:59 --> Session: Class initialized using 'CodeIgniter\Session\Handlers\FileHandler' driver.
INFO - 2024-10-20 07:38:01 --> Session: Class initialized using 'CodeIgniter\Session\Handlers\FileHandler' driver.
INFO - 2024-10-20 07:40:44 --> Session: Class initialized using 'CodeIgniter\Session\Handlers\FileHandler' driver.
INFO - 2024-10-20 07:40:46 --> Session: Class initialized using 'CodeIgniter\Session\Handlers\FileHandler' driver.
ERROR - 2024-10-20 07:41:44 --> mysqli_sql_exception: Cannot delete or update a parent row: a foreign key constraint fails (`jurnal_pembelajaran`.`siswa`, CONSTRAINT `fk_2` FOREIGN KEY (`kelas`) REFERENCES `kelas` (`id_kelas`)) in D:\Udin\SMP 1\web\jurnal_pembelajaran\system\Database\MySQLi\Connection.php:306
Stack trace:
#0 D:\Udin\SMP 1\web\jurnal_pembelajaran\system\Database\MySQLi\Connection.php(306): mysqli->query('DELETE FROM `ke...', 0)
#1 D:\Udin\SMP 1\web\jurnal_pembelajaran\system\Database\BaseConnection.php(693): CodeIgniter\Database\MySQLi\Connection->execute('DELETE FROM `ke...')
#2 D:\Udin\SMP 1\web\jurnal_pembelajaran\system\Database\BaseConnection.php(607): CodeIgniter\Database\BaseConnection->simpleQuery('DELETE FROM `ke...')
#3 D:\Udin\SMP 1\web\jurnal_pembelajaran\system\Database\BaseBuilder.php(2790): CodeIgniter\Database\BaseConnection->query('DELETE FROM `ke...', Array, false)
#4 D:\Udin\SMP 1\web\jurnal_pembelajaran\system\Model.php(445): CodeIgniter\Database\BaseBuilder->delete()
#5 D:\Udin\SMP 1\web\jurnal_pembelajaran\system\BaseModel.php(1080): CodeIgniter\Model->doDelete(Array, false)
#6 D:\Udin\SMP 1\web\jurnal_pembelajaran\app\Controllers\Admin.php(301): CodeIgniter\BaseModel->delete(Array)
#7 D:\Udin\SMP 1\web\jurnal_pembelajaran\system\CodeIgniter.php(942): App\Controllers\Admin->delete_kelas('59')
#8 D:\Udin\SMP 1\web\jurnal_pembelajaran\system\CodeIgniter.php(502): CodeIgniter\CodeIgniter->runController(Object(App\Controllers\Admin))
#9 D:\Udin\SMP 1\web\jurnal_pembelajaran\system\CodeIgniter.php(361): CodeIgniter\CodeIgniter->handleRequest(NULL, Object(Config\Cache), false)
#10 D:\Udin\SMP 1\web\jurnal_pembelajaran\public\index.php(79): CodeIgniter\CodeIgniter->run()
#11 D:\Udin\SMP 1\web\jurnal_pembelajaran\system\Commands\Server\rewrite.php(47): require_once('D:\\Udin\\SMP 1\\w...')
#12 {main}
CRITICAL - 2024-10-20 07:41:44 --> Cannot delete or update a parent row: a foreign key constraint fails (`jurnal_pembelajaran`.`siswa`, CONSTRAINT `fk_2` FOREIGN KEY (`kelas`) REFERENCES `kelas` (`id_kelas`))
in SYSTEMPATH\Database\BaseConnection.php on line 647.
 1 SYSTEMPATH\Database\BaseBuilder.php(2790): CodeIgniter\Database\BaseConnection->query('DELETE FROM `kelas`
WHERE `id_kelas` IN :id_kelas:', [...], false)
 2 SYSTEMPATH\Model.php(445): CodeIgniter\Database\BaseBuilder->delete()
 3 SYSTEMPATH\BaseModel.php(1080): CodeIgniter\Model->doDelete([...], false)
 4 APPPATH\Controllers\Admin.php(301): CodeIgniter\BaseModel->delete([...])
 5 SYSTEMPATH\CodeIgniter.php(942): App\Controllers\Admin->delete_kelas('59')
 6 SYSTEMPATH\CodeIgniter.php(502): CodeIgniter\CodeIgniter->runController(Object(App\Controllers\Admin))
 7 SYSTEMPATH\CodeIgniter.php(361): CodeIgniter\CodeIgniter->handleRequest(null, Object(Config\Cache), false)
 8 FCPATH\index.php(79): CodeIgniter\CodeIgniter->run()
 9 SYSTEMPATH\Commands\Server\rewrite.php(47): require_once('D:\\Udin\\SMP 1\\web\\jurnal_pembelajaran\\public\\index.php')
INFO - 2024-10-20 07:41:58 --> Session: Class initialized using 'CodeIgniter\Session\Handlers\FileHandler' driver.
INFO - 2024-10-20 07:42:57 --> Session: Class initialized using 'CodeIgniter\Session\Handlers\FileHandler' driver.
INFO - 2024-10-20 07:42:58 --> Session: Class initialized using 'CodeIgniter\Session\Handlers\FileHandler' driver.
INFO - 2024-10-20 07:43:25 --> Session: Class initialized using 'CodeIgniter\Session\Handlers\FileHandler' driver.
INFO - 2024-10-20 07:43:26 --> Session: Class initialized using 'CodeIgniter\Session\Handlers\FileHandler' driver.
INFO - 2024-10-20 07:43:27 --> Session: Class initialized using 'CodeIgniter\Session\Handlers\FileHandler' driver.
INFO - 2024-10-20 07:43:32 --> Session: Class initialized using 'CodeIgniter\Session\Handlers\FileHandler' driver.
INFO - 2024-10-20 07:44:08 --> Session: Class initialized using 'CodeIgniter\Session\Handlers\FileHandler' driver.
INFO - 2024-10-20 07:48:04 --> Session: Class initialized using 'CodeIgniter\Session\Handlers\FileHandler' driver.
INFO - 2024-10-20 07:48:06 --> Session: Class initialized using 'CodeIgniter\Session\Handlers\FileHandler' driver.
INFO - 2024-10-20 07:49:00 --> Session: Class initialized using 'CodeIgniter\Session\Handlers\FileHandler' driver.
INFO - 2024-10-20 07:49:02 --> Session: Class initialized using 'CodeIgniter\Session\Handlers\FileHandler' driver.
INFO - 2024-10-20 07:49:02 --> Session: Class initialized using 'CodeIgniter\Session\Handlers\FileHandler' driver.
INFO - 2024-10-20 07:49:54 --> Session: Class initialized using 'CodeIgniter\Session\Handlers\FileHandler' driver.
INFO - 2024-10-20 07:50:33 --> Session: Class initialized using 'CodeIgniter\Session\Handlers\FileHandler' driver.
INFO - 2024-10-20 07:50:34 --> Session: Class initialized using 'CodeIgniter\Session\Handlers\FileHandler' driver.
INFO - 2024-10-20 07:50:40 --> Session: Class initialized using 'CodeIgniter\Session\Handlers\FileHandler' driver.
INFO - 2024-10-20 07:50:40 --> Session: Class initialized using 'CodeIgniter\Session\Handlers\FileHandler' driver.
INFO - 2024-10-20 07:50:43 --> Session: Class initialized using 'CodeIgniter\Session\Handlers\FileHandler' driver.
INFO - 2024-10-20 07:50:46 --> Session: Class initialized using 'CodeIgniter\Session\Handlers\FileHandler' driver.
INFO - 2024-10-20 07:50:48 --> Session: Class initialized using 'CodeIgniter\Session\Handlers\FileHandler' driver.
INFO - 2024-10-20 07:50:50 --> Session: Class initialized using 'CodeIgniter\Session\Handlers\FileHandler' driver.
INFO - 2024-10-20 07:50:52 --> Session: Class initialized using 'CodeIgniter\Session\Handlers\FileHandler' driver.
INFO - 2024-10-20 07:50:55 --> Session: Class initialized using 'CodeIgniter\Session\Handlers\FileHandler' driver.
INFO - 2024-10-20 07:50:57 --> Session: Class initialized using 'CodeIgniter\Session\Handlers\FileHandler' driver.
INFO - 2024-10-20 07:50:59 --> Session: Class initialized using 'CodeIgniter\Session\Handlers\FileHandler' driver.
INFO - 2024-10-20 07:51:33 --> Session: Class initialized using 'CodeIgniter\Session\Handlers\FileHandler' driver.
INFO - 2024-10-20 07:51:34 --> Session: Class initialized using 'CodeIgniter\Session\Handlers\FileHandler' driver.
INFO - 2024-10-20 07:53:36 --> Session: Class initialized using 'CodeIgniter\Session\Handlers\FileHandler' driver.
INFO - 2024-10-20 07:56:51 --> Session: Class initialized using 'CodeIgniter\Session\Handlers\FileHandler' driver.
INFO - 2024-10-20 07:57:32 --> Session: Class initialized using 'CodeIgniter\Session\Handlers\FileHandler' driver.
INFO - 2024-10-20 07:57:50 --> Session: Class initialized using 'CodeIgniter\Session\Handlers\FileHandler' driver.
INFO - 2024-10-20 07:57:52 --> Session: Class initialized using 'CodeIgniter\Session\Handlers\FileHandler' driver.
INFO - 2024-10-20 07:57:54 --> Session: Class initialized using 'CodeIgniter\Session\Handlers\FileHandler' driver.
INFO - 2024-10-20 07:57:56 --> Session: Class initialized using 'CodeIgniter\Session\Handlers\FileHandler' driver.
INFO - 2024-10-20 07:59:17 --> Session: Class initialized using 'CodeIgniter\Session\Handlers\FileHandler' driver.
INFO - 2024-10-20 07:59:19 --> Session: Class initialized using 'CodeIgniter\Session\Handlers\FileHandler' driver.
INFO - 2024-10-20 07:59:21 --> Session: Class initialized using 'CodeIgniter\Session\Handlers\FileHandler' driver.
INFO - 2024-10-20 08:01:32 --> Session: Class initialized using 'CodeIgniter\Session\Handlers\FileHandler' driver.
CRITICAL - 2024-10-20 08:01:32 --> Call to undefined method App\Models\Siswa::getDaftarHadir
in SYSTEMPATH\Model.php on line 873.
 1 APPPATH\Controllers\Guru.php(58): CodeIgniter\Model->__call('getDaftarHadir', [])
 2 SYSTEMPATH\CodeIgniter.php(942): App\Controllers\Guru->isi_dh()
 3 SYSTEMPATH\CodeIgniter.php(502): CodeIgniter\CodeIgniter->runController(Object(App\Controllers\Guru))
 4 SYSTEMPATH\CodeIgniter.php(361): CodeIgniter\CodeIgniter->handleRequest(null, Object(Config\Cache), false)
 5 FCPATH\index.php(79): CodeIgniter\CodeIgniter->run()
 6 SYSTEMPATH\Commands\Server\rewrite.php(47): require_once('D:\\Udin\\SMP 1\\web\\jurnal_pembelajaran\\public\\index.php')
INFO - 2024-10-20 08:01:46 --> Session: Class initialized using 'CodeIgniter\Session\Handlers\FileHandler' driver.
INFO - 2024-10-20 08:02:25 --> Session: Class initialized using 'CodeIgniter\Session\Handlers\FileHandler' driver.
CRITICAL - 2024-10-20 08:02:25 --> Call to undefined method App\Models\Siswa::dhJoinKelas
in SYSTEMPATH\Model.php on line 873.
 1 APPPATH\Controllers\Guru.php(58): CodeIgniter\Model->__call('dhJoinKelas', [])
 2 SYSTEMPATH\CodeIgniter.php(942): App\Controllers\Guru->isi_dh()
 3 SYSTEMPATH\CodeIgniter.php(502): CodeIgniter\CodeIgniter->runController(Object(App\Controllers\Guru))
 4 SYSTEMPATH\CodeIgniter.php(361): CodeIgniter\CodeIgniter->handleRequest(null, Object(Config\Cache), false)
 5 FCPATH\index.php(79): CodeIgniter\CodeIgniter->run()
 6 SYSTEMPATH\Commands\Server\rewrite.php(47): require_once('D:\\Udin\\SMP 1\\web\\jurnal_pembelajaran\\public\\index.php')
INFO - 2024-10-20 08:02:27 --> Session: Class initialized using 'CodeIgniter\Session\Handlers\FileHandler' driver.
CRITICAL - 2024-10-20 08:02:27 --> Call to undefined method App\Models\Siswa::dhJoinKelas
in SYSTEMPATH\Model.php on line 873.
 1 APPPATH\Controllers\Guru.php(58): CodeIgniter\Model->__call('dhJoinKelas', [])
 2 SYSTEMPATH\CodeIgniter.php(942): App\Controllers\Guru->isi_dh()
 3 SYSTEMPATH\CodeIgniter.php(502): CodeIgniter\CodeIgniter->runController(Object(App\Controllers\Guru))
 4 SYSTEMPATH\CodeIgniter.php(361): CodeIgniter\CodeIgniter->handleRequest(null, Object(Config\Cache), false)
 5 FCPATH\index.php(79): CodeIgniter\CodeIgniter->run()
 6 SYSTEMPATH\Commands\Server\rewrite.php(47): require_once('D:\\Udin\\SMP 1\\web\\jurnal_pembelajaran\\public\\index.php')
INFO - 2024-10-20 08:02:32 --> Session: Class initialized using 'CodeIgniter\Session\Handlers\FileHandler' driver.
CRITICAL - 2024-10-20 08:02:32 --> Call to undefined method App\Models\Siswa::dhJoinKelas
in SYSTEMPATH\Model.php on line 873.
 1 APPPATH\Controllers\Guru.php(58): CodeIgniter\Model->__call('dhJoinKelas', [])
 2 SYSTEMPATH\CodeIgniter.php(942): App\Controllers\Guru->isi_dh()
 3 SYSTEMPATH\CodeIgniter.php(502): CodeIgniter\CodeIgniter->runController(Object(App\Controllers\Guru))
 4 SYSTEMPATH\CodeIgniter.php(361): CodeIgniter\CodeIgniter->handleRequest(null, Object(Config\Cache), false)
 5 FCPATH\index.php(79): CodeIgniter\CodeIgniter->run()
 6 SYSTEMPATH\Commands\Server\rewrite.php(47): require_once('D:\\Udin\\SMP 1\\web\\jurnal_pembelajaran\\public\\index.php')
INFO - 2024-10-20 08:02:39 --> Session: Class initialized using 'CodeIgniter\Session\Handlers\FileHandler' driver.
INFO - 2024-10-20 08:02:41 --> Session: Class initialized using 'CodeIgniter\Session\Handlers\FileHandler' driver.
INFO - 2024-10-20 08:03:29 --> Session: Class initialized using 'CodeIgniter\Session\Handlers\FileHandler' driver.
CRITICAL - 2024-10-20 08:03:29 --> Call to undefined method App\Models\Siswa::dhJoinKelas
in SYSTEMPATH\Model.php on line 873.
 1 APPPATH\Controllers\Guru.php(58): CodeIgniter\Model->__call('dhJoinKelas', [])
 2 SYSTEMPATH\CodeIgniter.php(942): App\Controllers\Guru->isi_dh()
 3 SYSTEMPATH\CodeIgniter.php(502): CodeIgniter\CodeIgniter->runController(Object(App\Controllers\Guru))
 4 SYSTEMPATH\CodeIgniter.php(361): CodeIgniter\CodeIgniter->handleRequest(null, Object(Config\Cache), false)
 5 FCPATH\index.php(79): CodeIgniter\CodeIgniter->run()
 6 SYSTEMPATH\Commands\Server\rewrite.php(47): require_once('D:\\Udin\\SMP 1\\web\\jurnal_pembelajaran\\public\\index.php')
INFO - 2024-10-20 08:03:32 --> Session: Class initialized using 'CodeIgniter\Session\Handlers\FileHandler' driver.
CRITICAL - 2024-10-20 08:03:32 --> Call to undefined method App\Models\Siswa::dhJoinKelas
in SYSTEMPATH\Model.php on line 873.
 1 APPPATH\Controllers\Guru.php(58): CodeIgniter\Model->__call('dhJoinKelas', [])
 2 SYSTEMPATH\CodeIgniter.php(942): App\Controllers\Guru->isi_dh()
 3 SYSTEMPATH\CodeIgniter.php(502): CodeIgniter\CodeIgniter->runController(Object(App\Controllers\Guru))
 4 SYSTEMPATH\CodeIgniter.php(361): CodeIgniter\CodeIgniter->handleRequest(null, Object(Config\Cache), false)
 5 FCPATH\index.php(79): CodeIgniter\CodeIgniter->run()
 6 SYSTEMPATH\Commands\Server\rewrite.php(47): require_once('D:\\Udin\\SMP 1\\web\\jurnal_pembelajaran\\public\\index.php')
INFO - 2024-10-20 08:03:46 --> Session: Class initialized using 'CodeIgniter\Session\Handlers\FileHandler' driver.
INFO - 2024-10-20 08:03:48 --> Session: Class initialized using 'CodeIgniter\Session\Handlers\FileHandler' driver.
INFO - 2024-10-20 08:05:13 --> Session: Class initialized using 'CodeIgniter\Session\Handlers\FileHandler' driver.
INFO - 2024-10-20 08:05:44 --> Session: Class initialized using 'CodeIgniter\Session\Handlers\FileHandler' driver.
INFO - 2024-10-20 08:07:06 --> Session: Class initialized using 'CodeIgniter\Session\Handlers\FileHandler' driver.
INFO - 2024-10-20 08:08:17 --> Session: Class initialized using 'CodeIgniter\Session\Handlers\FileHandler' driver.
INFO - 2024-10-20 08:11:40 --> Session: Class initialized using 'CodeIgniter\Session\Handlers\FileHandler' driver.
CRITICAL - 2024-10-20 08:11:40 --> Call to a member function where() on array
in APPPATH\Controllers\Guru.php on line 61.
 1 SYSTEMPATH\CodeIgniter.php(942): App\Controllers\Guru->isi_dh()
 2 SYSTEMPATH\CodeIgniter.php(502): CodeIgniter\CodeIgniter->runController(Object(App\Controllers\Guru))
 3 SYSTEMPATH\CodeIgniter.php(361): CodeIgniter\CodeIgniter->handleRequest(null, Object(Config\Cache), false)
 4 FCPATH\index.php(79): CodeIgniter\CodeIgniter->run()
 5 SYSTEMPATH\Commands\Server\rewrite.php(47): require_once('D:\\Udin\\SMP 1\\web\\jurnal_pembelajaran\\public\\index.php')
INFO - 2024-10-20 08:13:37 --> Session: Class initialized using 'CodeIgniter\Session\Handlers\FileHandler' driver.
INFO - 2024-10-20 08:16:24 --> Session: Class initialized using 'CodeIgniter\Session\Handlers\FileHandler' driver.
CRITICAL - 2024-10-20 08:16:24 --> Call to a member function on() on array
in APPPATH\Controllers\Guru.php on line 60.
 1 SYSTEMPATH\CodeIgniter.php(942): App\Controllers\Guru->isi_dh()
 2 SYSTEMPATH\CodeIgniter.php(502): CodeIgniter\CodeIgniter->runController(Object(App\Controllers\Guru))
 3 SYSTEMPATH\CodeIgniter.php(361): CodeIgniter\CodeIgniter->handleRequest(null, Object(Config\Cache), false)
 4 FCPATH\index.php(79): CodeIgniter\CodeIgniter->run()
 5 SYSTEMPATH\Commands\Server\rewrite.php(47): require_once('D:\\Udin\\SMP 1\\web\\jurnal_pembelajaran\\public\\index.php')
INFO - 2024-10-20 08:16:38 --> Session: Class initialized using 'CodeIgniter\Session\Handlers\FileHandler' driver.
CRITICAL - 2024-10-20 08:16:38 --> Call to a member function where() on array
in APPPATH\Controllers\Guru.php on line 60.
 1 SYSTEMPATH\CodeIgniter.php(942): App\Controllers\Guru->isi_dh()
 2 SYSTEMPATH\CodeIgniter.php(502): CodeIgniter\CodeIgniter->runController(Object(App\Controllers\Guru))
 3 SYSTEMPATH\CodeIgniter.php(361): CodeIgniter\CodeIgniter->handleRequest(null, Object(Config\Cache), false)
 4 FCPATH\index.php(79): CodeIgniter\CodeIgniter->run()
 5 SYSTEMPATH\Commands\Server\rewrite.php(47): require_once('D:\\Udin\\SMP 1\\web\\jurnal_pembelajaran\\public\\index.php')
INFO - 2024-10-20 08:17:26 --> Session: Class initialized using 'CodeIgniter\Session\Handlers\FileHandler' driver.
INFO - 2024-10-20 08:17:34 --> Session: Class initialized using 'CodeIgniter\Session\Handlers\FileHandler' driver.
INFO - 2024-10-20 08:17:38 --> Session: Class initialized using 'CodeIgniter\Session\Handlers\FileHandler' driver.
INFO - 2024-10-20 08:17:40 --> Session: Class initialized using 'CodeIgniter\Session\Handlers\FileHandler' driver.
INFO - 2024-10-20 08:26:43 --> Session: Class initialized using 'CodeIgniter\Session\Handlers\FileHandler' driver.
INFO - 2024-10-20 08:26:45 --> Session: Class initialized using 'CodeIgniter\Session\Handlers\FileHandler' driver.
INFO - 2024-10-20 08:26:47 --> Session: Class initialized using 'CodeIgniter\Session\Handlers\FileHandler' driver.
INFO - 2024-10-20 08:26:48 --> Session: Class initialized using 'CodeIgniter\Session\Handlers\FileHandler' driver.
INFO - 2024-10-20 08:26:50 --> Session: Class initialized using 'CodeIgniter\Session\Handlers\FileHandler' driver.
INFO - 2024-10-20 08:28:09 --> Session: Class initialized using 'CodeIgniter\Session\Handlers\FileHandler' driver.
CRITICAL - 2024-10-20 08:28:09 --> Undefined variable $kelas
in APPPATH\Views\guru\isi_dh.php on line 14.
 1 APPPATH\Views\guru\isi_dh.php(14): CodeIgniter\Debug\Exceptions->errorHandler(2, 'Undefined variable $kelas', 'D:\\Udin\\SMP 1\\web\\jurnal_pembelajaran\\app\\Views\\guru\\isi_dh.php', 14)
 2 SYSTEMPATH\View\View.php(228): include('D:\\Udin\\SMP 1\\web\\jurnal_pembelajaran\\app\\Views\\guru\\isi_dh.php')
 3 SYSTEMPATH\View\View.php(231): CodeIgniter\View\View->CodeIgniter\View\{closure}()
 4 SYSTEMPATH\Common.php(1190): CodeIgniter\View\View->render('guru/isi_dh', [], true)
 5 APPPATH\Controllers\Guru.php(72): view('guru/isi_dh', [...])
 6 SYSTEMPATH\CodeIgniter.php(942): App\Controllers\Guru->isi_dh()
 7 SYSTEMPATH\CodeIgniter.php(502): CodeIgniter\CodeIgniter->runController(Object(App\Controllers\Guru))
 8 SYSTEMPATH\CodeIgniter.php(361): CodeIgniter\CodeIgniter->handleRequest(null, Object(Config\Cache), false)
 9 FCPATH\index.php(79): CodeIgniter\CodeIgniter->run()
10 SYSTEMPATH\Commands\Server\rewrite.php(47): require_once('D:\\Udin\\SMP 1\\web\\jurnal_pembelajaran\\public\\index.php')
INFO - 2024-10-20 08:28:16 --> Session: Class initialized using 'CodeIgniter\Session\Handlers\FileHandler' driver.
INFO - 2024-10-20 08:28:19 --> Session: Class initialized using 'CodeIgniter\Session\Handlers\FileHandler' driver.
INFO - 2024-10-20 08:29:23 --> Session: Class initialized using 'CodeIgniter\Session\Handlers\FileHandler' driver.
CRITICAL - 2024-10-20 08:29:24 --> foreach() argument must be of type array|object, string given
in APPPATH\Views\guru\isi_dh.php on line 51.
 1 APPPATH\Views\guru\isi_dh.php(51): CodeIgniter\Debug\Exceptions->errorHandler(2, 'foreach() argument must be of type array|object, string given', 'D:\\Udin\\SMP 1\\web\\jurnal_pembelajaran\\app\\Views\\guru\\isi_dh.php', 51)
 2 SYSTEMPATH\View\View.php(228): include('D:\\Udin\\SMP 1\\web\\jurnal_pembelajaran\\app\\Views\\guru\\isi_dh.php')
 3 SYSTEMPATH\View\View.php(231): CodeIgniter\View\View->CodeIgniter\View\{closure}()
 4 SYSTEMPATH\Common.php(1190): CodeIgniter\View\View->render('guru/isi_dh', [], true)
 5 APPPATH\Controllers\Guru.php(75): view('guru/isi_dh', [...])
 6 SYSTEMPATH\CodeIgniter.php(942): App\Controllers\Guru->isi_dh()
 7 SYSTEMPATH\CodeIgniter.php(502): CodeIgniter\CodeIgniter->runController(Object(App\Controllers\Guru))
 8 SYSTEMPATH\CodeIgniter.php(361): CodeIgniter\CodeIgniter->handleRequest(null, Object(Config\Cache), false)
 9 FCPATH\index.php(79): CodeIgniter\CodeIgniter->run()
10 SYSTEMPATH\Commands\Server\rewrite.php(47): require_once('D:\\Udin\\SMP 1\\web\\jurnal_pembelajaran\\public\\index.php')
INFO - 2024-10-20 08:29:28 --> Session: Class initialized using 'CodeIgniter\Session\Handlers\FileHandler' driver.
CRITICAL - 2024-10-20 08:29:28 --> foreach() argument must be of type array|object, string given
in APPPATH\Views\guru\isi_dh.php on line 51.
 1 APPPATH\Views\guru\isi_dh.php(51): CodeIgniter\Debug\Exceptions->errorHandler(2, 'foreach() argument must be of type array|object, string given', 'D:\\Udin\\SMP 1\\web\\jurnal_pembelajaran\\app\\Views\\guru\\isi_dh.php', 51)
 2 SYSTEMPATH\View\View.php(228): include('D:\\Udin\\SMP 1\\web\\jurnal_pembelajaran\\app\\Views\\guru\\isi_dh.php')
 3 SYSTEMPATH\View\View.php(231): CodeIgniter\View\View->CodeIgniter\View\{closure}()
 4 SYSTEMPATH\Common.php(1190): CodeIgniter\View\View->render('guru/isi_dh', [], true)
 5 APPPATH\Controllers\Guru.php(75): view('guru/isi_dh', [...])
 6 SYSTEMPATH\CodeIgniter.php(942): App\Controllers\Guru->isi_dh()
 7 SYSTEMPATH\CodeIgniter.php(502): CodeIgniter\CodeIgniter->runController(Object(App\Controllers\Guru))
 8 SYSTEMPATH\CodeIgniter.php(361): CodeIgniter\CodeIgniter->handleRequest(null, Object(Config\Cache), false)
 9 FCPATH\index.php(79): CodeIgniter\CodeIgniter->run()
10 SYSTEMPATH\Commands\Server\rewrite.php(47): require_once('D:\\Udin\\SMP 1\\web\\jurnal_pembelajaran\\public\\index.php')
INFO - 2024-10-20 08:29:36 --> Session: Class initialized using 'CodeIgniter\Session\Handlers\FileHandler' driver.
INFO - 2024-10-20 08:30:43 --> Session: Class initialized using 'CodeIgniter\Session\Handlers\FileHandler' driver.
CRITICAL - 2024-10-20 08:30:43 --> Too few arguments to function App\Models\Siswa::getDH(), 0 passed in D:\Udin\SMP 1\web\jurnal_pembelajaran\app\Controllers\Guru.php on line 58 and exactly 1 expected
in APPPATH\Models\Siswa.php on line 22.
 1 APPPATH\Controllers\Guru.php(58): App\Models\Siswa->getDH()
 2 SYSTEMPATH\CodeIgniter.php(942): App\Controllers\Guru->isi_dh()
 3 SYSTEMPATH\CodeIgniter.php(502): CodeIgniter\CodeIgniter->runController(Object(App\Controllers\Guru))
 4 SYSTEMPATH\CodeIgniter.php(361): CodeIgniter\CodeIgniter->handleRequest(null, Object(Config\Cache), false)
 5 FCPATH\index.php(79): CodeIgniter\CodeIgniter->run()
 6 SYSTEMPATH\Commands\Server\rewrite.php(47): require_once('D:\\Udin\\SMP 1\\web\\jurnal_pembelajaran\\public\\index.php')
INFO - 2024-10-20 08:30:46 --> Session: Class initialized using 'CodeIgniter\Session\Handlers\FileHandler' driver.
CRITICAL - 2024-10-20 08:30:46 --> Too few arguments to function App\Models\Siswa::getDH(), 0 passed in D:\Udin\SMP 1\web\jurnal_pembelajaran\app\Controllers\Guru.php on line 58 and exactly 1 expected
in APPPATH\Models\Siswa.php on line 22.
 1 APPPATH\Controllers\Guru.php(58): App\Models\Siswa->getDH()
 2 SYSTEMPATH\CodeIgniter.php(942): App\Controllers\Guru->isi_dh()
 3 SYSTEMPATH\CodeIgniter.php(502): CodeIgniter\CodeIgniter->runController(Object(App\Controllers\Guru))
 4 SYSTEMPATH\CodeIgniter.php(361): CodeIgniter\CodeIgniter->handleRequest(null, Object(Config\Cache), false)
 5 FCPATH\index.php(79): CodeIgniter\CodeIgniter->run()
 6 SYSTEMPATH\Commands\Server\rewrite.php(47): require_once('D:\\Udin\\SMP 1\\web\\jurnal_pembelajaran\\public\\index.php')
INFO - 2024-10-20 08:30:57 --> Session: Class initialized using 'CodeIgniter\Session\Handlers\FileHandler' driver.
INFO - 2024-10-20 08:31:00 --> Session: Class initialized using 'CodeIgniter\Session\Handlers\FileHandler' driver.
INFO - 2024-10-20 08:31:01 --> Session: Class initialized using 'CodeIgniter\Session\Handlers\FileHandler' driver.
INFO - 2024-10-20 08:32:35 --> Session: Class initialized using 'CodeIgniter\Session\Handlers\FileHandler' driver.
INFO - 2024-10-20 08:32:37 --> Session: Class initialized using 'CodeIgniter\Session\Handlers\FileHandler' driver.
INFO - 2024-10-20 08:35:20 --> Session: Class initialized using 'CodeIgniter\Session\Handlers\FileHandler' driver.
INFO - 2024-10-20 08:35:22 --> Session: Class initialized using 'CodeIgniter\Session\Handlers\FileHandler' driver.
INFO - 2024-10-20 08:38:27 --> Session: Class initialized using 'CodeIgniter\Session\Handlers\FileHandler' driver.
INFO - 2024-10-20 08:38:48 --> Session: Class initialized using 'CodeIgniter\Session\Handlers\FileHandler' driver.
ERROR - 2024-10-20 08:38:48 --> mysqli_sql_exception: Unknown column 'kelas' in 'where clause' in D:\Udin\SMP 1\web\jurnal_pembelajaran\system\Database\MySQLi\Connection.php:306
Stack trace:
#0 D:\Udin\SMP 1\web\jurnal_pembelajaran\system\Database\MySQLi\Connection.php(306): mysqli->query('SELECT *\nFROM `...', 0)
#1 D:\Udin\SMP 1\web\jurnal_pembelajaran\system\Database\BaseConnection.php(693): CodeIgniter\Database\MySQLi\Connection->execute('SELECT *\nFROM `...')
#2 D:\Udin\SMP 1\web\jurnal_pembelajaran\system\Database\BaseConnection.php(607): CodeIgniter\Database\BaseConnection->simpleQuery('SELECT *\nFROM `...')
#3 D:\Udin\SMP 1\web\jurnal_pembelajaran\system\Database\BaseBuilder.php(1615): CodeIgniter\Database\BaseConnection->query('SELECT *\nFROM `...', Array, false)
#4 D:\Udin\SMP 1\web\jurnal_pembelajaran\system\Model.php(237): CodeIgniter\Database\BaseBuilder->get()
#5 D:\Udin\SMP 1\web\jurnal_pembelajaran\system\BaseModel.php(624): CodeIgniter\Model->doFindAll(0, 0)
#6 D:\Udin\SMP 1\web\jurnal_pembelajaran\app\Controllers\Guru.php(62): CodeIgniter\BaseModel->findAll()
#7 D:\Udin\SMP 1\web\jurnal_pembelajaran\system\CodeIgniter.php(942): App\Controllers\Guru->isi_dh()
#8 D:\Udin\SMP 1\web\jurnal_pembelajaran\system\CodeIgniter.php(502): CodeIgniter\CodeIgniter->runController(Object(App\Controllers\Guru))
#9 D:\Udin\SMP 1\web\jurnal_pembelajaran\system\CodeIgniter.php(361): CodeIgniter\CodeIgniter->handleRequest(NULL, Object(Config\Cache), false)
#10 D:\Udin\SMP 1\web\jurnal_pembelajaran\public\index.php(79): CodeIgniter\CodeIgniter->run()
#11 D:\Udin\SMP 1\web\jurnal_pembelajaran\system\Commands\Server\rewrite.php(47): require_once('D:\\Udin\\SMP 1\\w...')
#12 {main}
CRITICAL - 2024-10-20 08:38:48 --> Unknown column 'kelas' in 'where clause'
in SYSTEMPATH\Database\BaseConnection.php on line 647.
 1 SYSTEMPATH\Database\BaseBuilder.php(1615): CodeIgniter\Database\BaseConnection->query('SELECT *
FROM `daftar_hadir`
WHERE `kelas` = :kelas:', [...], false)
 2 SYSTEMPATH\Model.php(237): CodeIgniter\Database\BaseBuilder->get()
 3 SYSTEMPATH\BaseModel.php(624): CodeIgniter\Model->doFindAll(0, 0)
 4 APPPATH\Controllers\Guru.php(62): CodeIgniter\BaseModel->findAll()
 5 SYSTEMPATH\CodeIgniter.php(942): App\Controllers\Guru->isi_dh()
 6 SYSTEMPATH\CodeIgniter.php(502): CodeIgniter\CodeIgniter->runController(Object(App\Controllers\Guru))
 7 SYSTEMPATH\CodeIgniter.php(361): CodeIgniter\CodeIgniter->handleRequest(null, Object(Config\Cache), false)
 8 FCPATH\index.php(79): CodeIgniter\CodeIgniter->run()
 9 SYSTEMPATH\Commands\Server\rewrite.php(47): require_once('D:\\Udin\\SMP 1\\web\\jurnal_pembelajaran\\public\\index.php')
INFO - 2024-10-20 08:39:20 --> Session: Class initialized using 'CodeIgniter\Session\Handlers\FileHandler' driver.
CRITICAL - 2024-10-20 08:39:20 --> Undefined array key "id_siswa"
in APPPATH\Views\guru\isi_dh.php on line 62.
 1 APPPATH\Views\guru\isi_dh.php(62): CodeIgniter\Debug\Exceptions->errorHandler(2, 'Undefined array key "id_siswa"', 'D:\\Udin\\SMP 1\\web\\jurnal_pembelajaran\\app\\Views\\guru\\isi_dh.php', 62)
 2 SYSTEMPATH\View\View.php(228): include('D:\\Udin\\SMP 1\\web\\jurnal_pembelajaran\\app\\Views\\guru\\isi_dh.php')
 3 SYSTEMPATH\View\View.php(231): CodeIgniter\View\View->CodeIgniter\View\{closure}()
 4 SYSTEMPATH\Common.php(1190): CodeIgniter\View\View->render('guru/isi_dh', [], true)
 5 APPPATH\Controllers\Guru.php(78): view('guru/isi_dh', [...])
 6 SYSTEMPATH\CodeIgniter.php(942): App\Controllers\Guru->isi_dh()
 7 SYSTEMPATH\CodeIgniter.php(502): CodeIgniter\CodeIgniter->runController(Object(App\Controllers\Guru))
 8 SYSTEMPATH\CodeIgniter.php(361): CodeIgniter\CodeIgniter->handleRequest(null, Object(Config\Cache), false)
 9 FCPATH\index.php(79): CodeIgniter\CodeIgniter->run()
10 SYSTEMPATH\Commands\Server\rewrite.php(47): require_once('D:\\Udin\\SMP 1\\web\\jurnal_pembelajaran\\public\\index.php')
INFO - 2024-10-20 08:40:02 --> Session: Class initialized using 'CodeIgniter\Session\Handlers\FileHandler' driver.
INFO - 2024-10-20 08:41:13 --> Session: Class initialized using 'CodeIgniter\Session\Handlers\FileHandler' driver.
INFO - 2024-10-20 08:41:20 --> Session: Class initialized using 'CodeIgniter\Session\Handlers\FileHandler' driver.
CRITICAL - 2024-10-20 08:41:20 --> Call to undefined method App\Models\DaftarHadir::getDH
in SYSTEMPATH\Model.php on line 873.
 1 APPPATH\Controllers\Guru.php(59): CodeIgniter\Model->__call('getDH', [...])
 2 SYSTEMPATH\CodeIgniter.php(942): App\Controllers\Guru->isi_dh()
 3 SYSTEMPATH\CodeIgniter.php(502): CodeIgniter\CodeIgniter->runController(Object(App\Controllers\Guru))
 4 SYSTEMPATH\CodeIgniter.php(361): CodeIgniter\CodeIgniter->handleRequest(null, Object(Config\Cache), false)
 5 FCPATH\index.php(79): CodeIgniter\CodeIgniter->run()
 6 SYSTEMPATH\Commands\Server\rewrite.php(47): require_once('D:\\Udin\\SMP 1\\web\\jurnal_pembelajaran\\public\\index.php')
INFO - 2024-10-20 08:41:32 --> Session: Class initialized using 'CodeIgniter\Session\Handlers\FileHandler' driver.
INFO - 2024-10-20 08:41:39 --> Session: Class initialized using 'CodeIgniter\Session\Handlers\FileHandler' driver.
INFO - 2024-10-20 08:41:42 --> Session: Class initialized using 'CodeIgniter\Session\Handlers\FileHandler' driver.
INFO - 2024-10-20 08:42:03 --> Session: Class initialized using 'CodeIgniter\Session\Handlers\FileHandler' driver.
INFO - 2024-10-20 08:42:09 --> Session: Class initialized using 'CodeIgniter\Session\Handlers\FileHandler' driver.
INFO - 2024-10-20 08:42:14 --> Session: Class initialized using 'CodeIgniter\Session\Handlers\FileHandler' driver.
INFO - 2024-10-20 08:42:14 --> Session: Class initialized using 'CodeIgniter\Session\Handlers\FileHandler' driver.
INFO - 2024-10-20 08:42:16 --> Session: Class initialized using 'CodeIgniter\Session\Handlers\FileHandler' driver.
INFO - 2024-10-20 08:42:18 --> Session: Class initialized using 'CodeIgniter\Session\Handlers\FileHandler' driver.
INFO - 2024-10-20 08:42:29 --> Session: Class initialized using 'CodeIgniter\Session\Handlers\FileHandler' driver.
INFO - 2024-10-20 08:42:37 --> Session: Class initialized using 'CodeIgniter\Session\Handlers\FileHandler' driver.
INFO - 2024-10-20 08:42:40 --> Session: Class initialized using 'CodeIgniter\Session\Handlers\FileHandler' driver.
INFO - 2024-10-20 08:42:48 --> Session: Class initialized using 'CodeIgniter\Session\Handlers\FileHandler' driver.
INFO - 2024-10-20 08:42:48 --> Session: Class initialized using 'CodeIgniter\Session\Handlers\FileHandler' driver.
INFO - 2024-10-20 08:43:09 --> Session: Class initialized using 'CodeIgniter\Session\Handlers\FileHandler' driver.
INFO - 2024-10-20 08:43:13 --> Session: Class initialized using 'CodeIgniter\Session\Handlers\FileHandler' driver.
INFO - 2024-10-20 08:43:37 --> Session: Class initialized using 'CodeIgniter\Session\Handlers\FileHandler' driver.
INFO - 2024-10-20 08:43:39 --> Session: Class initialized using 'CodeIgniter\Session\Handlers\FileHandler' driver.
INFO - 2024-10-20 08:43:50 --> Session: Class initialized using 'CodeIgniter\Session\Handlers\FileHandler' driver.
INFO - 2024-10-20 08:44:15 --> Session: Class initialized using 'CodeIgniter\Session\Handlers\FileHandler' driver.
CRITICAL - 2024-10-20 08:44:15 --> Undefined array key "kelas"
in APPPATH\Views\guru\isi_dh.php on line 32.
 1 APPPATH\Views\guru\isi_dh.php(32): CodeIgniter\Debug\Exceptions->errorHandler(2, 'Undefined array key "kelas"', 'D:\\Udin\\SMP 1\\web\\jurnal_pembelajaran\\app\\Views\\guru\\isi_dh.php', 32)
 2 SYSTEMPATH\View\View.php(228): include('D:\\Udin\\SMP 1\\web\\jurnal_pembelajaran\\app\\Views\\guru\\isi_dh.php')
 3 SYSTEMPATH\View\View.php(231): CodeIgniter\View\View->CodeIgniter\View\{closure}()
 4 SYSTEMPATH\Common.php(1190): CodeIgniter\View\View->render('guru/isi_dh', [], true)
 5 APPPATH\Controllers\Guru.php(78): view('guru/isi_dh', [...])
 6 SYSTEMPATH\CodeIgniter.php(942): App\Controllers\Guru->isi_dh()
 7 SYSTEMPATH\CodeIgniter.php(502): CodeIgniter\CodeIgniter->runController(Object(App\Controllers\Guru))
 8 SYSTEMPATH\CodeIgniter.php(361): CodeIgniter\CodeIgniter->handleRequest(null, Object(Config\Cache), false)
 9 FCPATH\index.php(79): CodeIgniter\CodeIgniter->run()
10 SYSTEMPATH\Commands\Server\rewrite.php(47): require_once('D:\\Udin\\SMP 1\\web\\jurnal_pembelajaran\\public\\index.php')
INFO - 2024-10-20 08:44:22 --> Session: Class initialized using 'CodeIgniter\Session\Handlers\FileHandler' driver.
CRITICAL - 2024-10-20 08:44:22 --> Undefined array key "nama_kelas"
in APPPATH\Views\guru\isi_dh.php on line 32.
 1 APPPATH\Views\guru\isi_dh.php(32): CodeIgniter\Debug\Exceptions->errorHandler(2, 'Undefined array key "nama_kelas"', 'D:\\Udin\\SMP 1\\web\\jurnal_pembelajaran\\app\\Views\\guru\\isi_dh.php', 32)
 2 SYSTEMPATH\View\View.php(228): include('D:\\Udin\\SMP 1\\web\\jurnal_pembelajaran\\app\\Views\\guru\\isi_dh.php')
 3 SYSTEMPATH\View\View.php(231): CodeIgniter\View\View->CodeIgniter\View\{closure}()
 4 SYSTEMPATH\Common.php(1190): CodeIgniter\View\View->render('guru/isi_dh', [], true)
 5 APPPATH\Controllers\Guru.php(78): view('guru/isi_dh', [...])
 6 SYSTEMPATH\CodeIgniter.php(942): App\Controllers\Guru->isi_dh()
 7 SYSTEMPATH\CodeIgniter.php(502): CodeIgniter\CodeIgniter->runController(Object(App\Controllers\Guru))
 8 SYSTEMPATH\CodeIgniter.php(361): CodeIgniter\CodeIgniter->handleRequest(null, Object(Config\Cache), false)
 9 FCPATH\index.php(79): CodeIgniter\CodeIgniter->run()
10 SYSTEMPATH\Commands\Server\rewrite.php(47): require_once('D:\\Udin\\SMP 1\\web\\jurnal_pembelajaran\\public\\index.php')
INFO - 2024-10-20 08:44:46 --> Session: Class initialized using 'CodeIgniter\Session\Handlers\FileHandler' driver.
INFO - 2024-10-20 08:45:29 --> Session: Class initialized using 'CodeIgniter\Session\Handlers\FileHandler' driver.
INFO - 2024-10-20 08:45:33 --> Session: Class initialized using 'CodeIgniter\Session\Handlers\FileHandler' driver.
INFO - 2024-10-20 08:45:41 --> Session: Class initialized using 'CodeIgniter\Session\Handlers\FileHandler' driver.
INFO - 2024-10-20 08:46:19 --> Session: Class initialized using 'CodeIgniter\Session\Handlers\FileHandler' driver.
INFO - 2024-10-20 08:46:22 --> Session: Class initialized using 'CodeIgniter\Session\Handlers\FileHandler' driver.
INFO - 2024-10-20 08:46:27 --> Session: Class initialized using 'CodeIgniter\Session\Handlers\FileHandler' driver.
INFO - 2024-10-20 08:48:21 --> Session: Class initialized using 'CodeIgniter\Session\Handlers\FileHandler' driver.
INFO - 2024-10-20 08:48:28 --> Session: Class initialized using 'CodeIgniter\Session\Handlers\FileHandler' driver.
CRITICAL - 2024-10-20 08:52:13 --> syntax error, unexpected token "}", expecting identifier or variable or "{" or "$"
in APPPATH\Models\DaftarHadir.php on line 20.
 1 SYSTEMPATH\Autoloader\Autoloader.php(291): CodeIgniter\Autoloader\Autoloader->includeFile('D:\\Udin\\SMP 1\\web\\jurnal_pembelajaran\\app\\Models\\DaftarHadir.php')
 2 SYSTEMPATH\Autoloader\Autoloader.php(269): CodeIgniter\Autoloader\Autoloader->loadInNamespace('App\\Models\\DaftarHadir')
 3 APPPATH\Controllers\Guru.php(53): CodeIgniter\Autoloader\Autoloader->loadClass('App\\Models\\DaftarHadir')
 4 SYSTEMPATH\CodeIgniter.php(942): App\Controllers\Guru->isi_dh()
 5 SYSTEMPATH\CodeIgniter.php(502): CodeIgniter\CodeIgniter->runController(Object(App\Controllers\Guru))
 6 SYSTEMPATH\CodeIgniter.php(361): CodeIgniter\CodeIgniter->handleRequest(null, Object(Config\Cache), false)
 7 FCPATH\index.php(79): CodeIgniter\CodeIgniter->run()
 8 SYSTEMPATH\Commands\Server\rewrite.php(47): require_once('D:\\Udin\\SMP 1\\web\\jurnal_pembelajaran\\public\\index.php')
CRITICAL - 2024-10-20 08:52:16 --> syntax error, unexpected token "}", expecting identifier or variable or "{" or "$"
in APPPATH\Models\DaftarHadir.php on line 20.
 1 SYSTEMPATH\Autoloader\Autoloader.php(291): CodeIgniter\Autoloader\Autoloader->includeFile('D:\\Udin\\SMP 1\\web\\jurnal_pembelajaran\\app\\Models\\DaftarHadir.php')
 2 SYSTEMPATH\Autoloader\Autoloader.php(269): CodeIgniter\Autoloader\Autoloader->loadInNamespace('App\\Models\\DaftarHadir')
 3 APPPATH\Controllers\Guru.php(53): CodeIgniter\Autoloader\Autoloader->loadClass('App\\Models\\DaftarHadir')
 4 SYSTEMPATH\CodeIgniter.php(942): App\Controllers\Guru->isi_dh()
 5 SYSTEMPATH\CodeIgniter.php(502): CodeIgniter\CodeIgniter->runController(Object(App\Controllers\Guru))
 6 SYSTEMPATH\CodeIgniter.php(361): CodeIgniter\CodeIgniter->handleRequest(null, Object(Config\Cache), false)
 7 FCPATH\index.php(79): CodeIgniter\CodeIgniter->run()
 8 SYSTEMPATH\Commands\Server\rewrite.php(47): require_once('D:\\Udin\\SMP 1\\web\\jurnal_pembelajaran\\public\\index.php')
INFO - 2024-10-20 08:52:24 --> Session: Class initialized using 'CodeIgniter\Session\Handlers\FileHandler' driver.
INFO - 2024-10-20 08:52:26 --> Session: Class initialized using 'CodeIgniter\Session\Handlers\FileHandler' driver.
INFO - 2024-10-20 08:52:28 --> Session: Class initialized using 'CodeIgniter\Session\Handlers\FileHandler' driver.
INFO - 2024-10-20 08:52:35 --> Session: Class initialized using 'CodeIgniter\Session\Handlers\FileHandler' driver.
INFO - 2024-10-20 08:52:36 --> Session: Class initialized using 'CodeIgniter\Session\Handlers\FileHandler' driver.
INFO - 2024-10-20 08:52:55 --> Session: Class initialized using 'CodeIgniter\Session\Handlers\FileHandler' driver.
INFO - 2024-10-20 08:52:59 --> Session: Class initialized using 'CodeIgniter\Session\Handlers\FileHandler' driver.
INFO - 2024-10-20 08:53:02 --> Session: Class initialized using 'CodeIgniter\Session\Handlers\FileHandler' driver.
INFO - 2024-10-20 08:53:08 --> Session: Class initialized using 'CodeIgniter\Session\Handlers\FileHandler' driver.
INFO - 2024-10-20 08:53:13 --> Session: Class initialized using 'CodeIgniter\Session\Handlers\FileHandler' driver.
INFO - 2024-10-20 08:53:13 --> Session: Class initialized using 'CodeIgniter\Session\Handlers\FileHandler' driver.
INFO - 2024-10-20 08:53:15 --> Session: Class initialized using 'CodeIgniter\Session\Handlers\FileHandler' driver.
INFO - 2024-10-20 08:53:20 --> Session: Class initialized using 'CodeIgniter\Session\Handlers\FileHandler' driver.
INFO - 2024-10-20 08:53:20 --> Session: Class initialized using 'CodeIgniter\Session\Handlers\FileHandler' driver.
INFO - 2024-10-20 08:53:22 --> Session: Class initialized using 'CodeIgniter\Session\Handlers\FileHandler' driver.
INFO - 2024-10-20 08:53:26 --> Session: Class initialized using 'CodeIgniter\Session\Handlers\FileHandler' driver.
INFO - 2024-10-20 09:20:45 --> Session: Class initialized using 'CodeIgniter\Session\Handlers\FileHandler' driver.
INFO - 2024-10-20 09:25:01 --> Session: Class initialized using 'CodeIgniter\Session\Handlers\FileHandler' driver.
ERROR - 2024-10-20 09:25:01 --> mysqli_sql_exception: Unknown column 'daftar_hadi.nama_siswa' in 'on clause' in D:\Udin\SMP 1\web\jurnal_pembelajaran\system\Database\MySQLi\Connection.php:306
Stack trace:
#0 D:\Udin\SMP 1\web\jurnal_pembelajaran\system\Database\MySQLi\Connection.php(306): mysqli->query('SELECT `daftar_...', 0)
#1 D:\Udin\SMP 1\web\jurnal_pembelajaran\system\Database\BaseConnection.php(693): CodeIgniter\Database\MySQLi\Connection->execute('SELECT `daftar_...')
#2 D:\Udin\SMP 1\web\jurnal_pembelajaran\system\Database\BaseConnection.php(607): CodeIgniter\Database\BaseConnection->simpleQuery('SELECT `daftar_...')
#3 D:\Udin\SMP 1\web\jurnal_pembelajaran\system\Database\BaseBuilder.php(1615): CodeIgniter\Database\BaseConnection->query('SELECT `daftar_...', Array, false)
#4 D:\Udin\SMP 1\web\jurnal_pembelajaran\system\Model.php(237): CodeIgniter\Database\BaseBuilder->get()
#5 D:\Udin\SMP 1\web\jurnal_pembelajaran\system\BaseModel.php(624): CodeIgniter\Model->doFindAll(0, 0)
#6 D:\Udin\SMP 1\web\jurnal_pembelajaran\app\Models\DaftarHadir.php(25): CodeIgniter\BaseModel->findAll()
#7 D:\Udin\SMP 1\web\jurnal_pembelajaran\app\Controllers\Guru.php(38): App\Models\DaftarHadir->getDaftarHadir('2024-10-19')
#8 D:\Udin\SMP 1\web\jurnal_pembelajaran\system\CodeIgniter.php(942): App\Controllers\Guru->daftar_hadir()
#9 D:\Udin\SMP 1\web\jurnal_pembelajaran\system\CodeIgniter.php(502): CodeIgniter\CodeIgniter->runController(Object(App\Controllers\Guru))
#10 D:\Udin\SMP 1\web\jurnal_pembelajaran\system\CodeIgniter.php(361): CodeIgniter\CodeIgniter->handleRequest(NULL, Object(Config\Cache), false)
#11 D:\Udin\SMP 1\web\jurnal_pembelajaran\public\index.php(79): CodeIgniter\CodeIgniter->run()
#12 D:\Udin\SMP 1\web\jurnal_pembelajaran\system\Commands\Server\rewrite.php(47): require_once('D:\\Udin\\SMP 1\\w...')
#13 {main}
CRITICAL - 2024-10-20 09:25:01 --> Unknown column 'daftar_hadi.nama_siswa' in 'on clause'
in SYSTEMPATH\Database\BaseConnection.php on line 647.
 1 SYSTEMPATH\Database\BaseBuilder.php(1615): CodeIgniter\Database\BaseConnection->query('SELECT `daftar_hadir`.*, `siswa`.`nama_siswa`
FROM `daftar_hadir`
JOIN `kelas` ON `daftar_hadir`.`nama_kelas` = `kelas`.`id_kelas`
JOIN `siswa` ON `daftar_hadi`.`nama_siswa` = `siswa`.`nama_siswa`
WHERE `daftar_hadir`.`hari_tanggal` = :daftar_hadir.hari_tanggal:', [...], false)
 2 SYSTEMPATH\Model.php(237): CodeIgniter\Database\BaseBuilder->get()
 3 SYSTEMPATH\BaseModel.php(624): CodeIgniter\Model->doFindAll(0, 0)
 4 APPPATH\Models\DaftarHadir.php(25): CodeIgniter\BaseModel->findAll()
 5 APPPATH\Controllers\Guru.php(38): App\Models\DaftarHadir->getDaftarHadir('2024-10-19')
 6 SYSTEMPATH\CodeIgniter.php(942): App\Controllers\Guru->daftar_hadir()
 7 SYSTEMPATH\CodeIgniter.php(502): CodeIgniter\CodeIgniter->runController(Object(App\Controllers\Guru))
 8 SYSTEMPATH\CodeIgniter.php(361): CodeIgniter\CodeIgniter->handleRequest(null, Object(Config\Cache), false)
 9 FCPATH\index.php(79): CodeIgniter\CodeIgniter->run()
10 SYSTEMPATH\Commands\Server\rewrite.php(47): require_once('D:\\Udin\\SMP 1\\web\\jurnal_pembelajaran\\public\\index.php')
INFO - 2024-10-20 09:26:59 --> Session: Class initialized using 'CodeIgniter\Session\Handlers\FileHandler' driver.
INFO - 2024-10-20 09:27:04 --> Session: Class initialized using 'CodeIgniter\Session\Handlers\FileHandler' driver.
INFO - 2024-10-20 09:27:22 --> Session: Class initialized using 'CodeIgniter\Session\Handlers\FileHandler' driver.
INFO - 2024-10-20 09:29:43 --> Session: Class initialized using 'CodeIgniter\Session\Handlers\FileHandler' driver.
INFO - 2024-10-20 09:29:46 --> Session: Class initialized using 'CodeIgniter\Session\Handlers\FileHandler' driver.
INFO - 2024-10-20 09:32:12 --> Session: Class initialized using 'CodeIgniter\Session\Handlers\FileHandler' driver.
INFO - 2024-10-20 09:32:13 --> Session: Class initialized using 'CodeIgniter\Session\Handlers\FileHandler' driver.
INFO - 2024-10-20 09:32:14 --> Session: Class initialized using 'CodeIgniter\Session\Handlers\FileHandler' driver.
INFO - 2024-10-20 09:32:17 --> Session: Class initialized using 'CodeIgniter\Session\Handlers\FileHandler' driver.
INFO - 2024-10-20 09:32:21 --> Session: Class initialized using 'CodeIgniter\Session\Handlers\FileHandler' driver.
INFO - 2024-10-20 09:36:03 --> Session: Class initialized using 'CodeIgniter\Session\Handlers\FileHandler' driver.
INFO - 2024-10-20 09:36:39 --> Session: Class initialized using 'CodeIgniter\Session\Handlers\FileHandler' driver.
INFO - 2024-10-20 09:38:44 --> Session: Class initialized using 'CodeIgniter\Session\Handlers\FileHandler' driver.
INFO - 2024-10-20 10:43:36 --> Session: Class initialized using 'CodeIgniter\Session\Handlers\FileHandler' driver.
INFO - 2024-10-20 10:44:08 --> Session: Class initialized using 'CodeIgniter\Session\Handlers\FileHandler' driver.
INFO - 2024-10-20 10:48:07 --> Session: Class initialized using 'CodeIgniter\Session\Handlers\FileHandler' driver.
INFO - 2024-10-20 10:49:08 --> Session: Class initialized using 'CodeIgniter\Session\Handlers\FileHandler' driver.
INFO - 2024-10-20 10:49:12 --> Session: Class initialized using 'CodeIgniter\Session\Handlers\FileHandler' driver.
INFO - 2024-10-20 10:50:06 --> Session: Class initialized using 'CodeIgniter\Session\Handlers\FileHandler' driver.
CRITICAL - 2024-10-20 10:50:06 --> Undefined variable $kelas
in APPPATH\Views\guru\daftar_hadir.php on line 45.
 1 APPPATH\Views\guru\daftar_hadir.php(45): CodeIgniter\Debug\Exceptions->errorHandler(2, 'Undefined variable $kelas', 'D:\\Udin\\SMP 1\\web\\jurnal_pembelajaran\\app\\Views\\guru\\daftar_hadir.php', 45)
 2 SYSTEMPATH\View\View.php(228): include('D:\\Udin\\SMP 1\\web\\jurnal_pembelajaran\\app\\Views\\guru\\daftar_hadir.php')
 3 SYSTEMPATH\View\View.php(231): CodeIgniter\View\View->CodeIgniter\View\{closure}()
 4 SYSTEMPATH\Common.php(1190): CodeIgniter\View\View->render('guru/daftar_hadir', [], true)
 5 APPPATH\Controllers\Guru.php(61): view('guru/daftar_hadir', [...])
 6 SYSTEMPATH\CodeIgniter.php(942): App\Controllers\Guru->daftar_hadir()
 7 SYSTEMPATH\CodeIgniter.php(502): CodeIgniter\CodeIgniter->runController(Object(App\Controllers\Guru))
 8 SYSTEMPATH\CodeIgniter.php(361): CodeIgniter\CodeIgniter->handleRequest(null, Object(Config\Cache), false)
 9 FCPATH\index.php(79): CodeIgniter\CodeIgniter->run()
10 SYSTEMPATH\Commands\Server\rewrite.php(47): require_once('D:\\Udin\\SMP 1\\web\\jurnal_pembelajaran\\public\\index.php')
INFO - 2024-10-20 10:50:16 --> Session: Class initialized using 'CodeIgniter\Session\Handlers\FileHandler' driver.
INFO - 2024-10-20 10:51:15 --> Session: Class initialized using 'CodeIgniter\Session\Handlers\FileHandler' driver.
INFO - 2024-10-20 12:48:14 --> Session: Class initialized using 'CodeIgniter\Session\Handlers\FileHandler' driver.
INFO - 2024-10-20 13:06:43 --> Session: Class initialized using 'CodeIgniter\Session\Handlers\FileHandler' driver.
CRITICAL - 2024-10-20 13:06:43 --> Object of class App\Models\DaftarHadir could not be converted to string
in APPPATH\Controllers\Guru.php on line 49.
 1 SYSTEMPATH\CodeIgniter.php(942): App\Controllers\Guru->daftar_hadir()
 2 SYSTEMPATH\CodeIgniter.php(502): CodeIgniter\CodeIgniter->runController(Object(App\Controllers\Guru))
 3 SYSTEMPATH\CodeIgniter.php(361): CodeIgniter\CodeIgniter->handleRequest(null, Object(Config\Cache), false)
 4 FCPATH\index.php(79): CodeIgniter\CodeIgniter->run()
 5 SYSTEMPATH\Commands\Server\rewrite.php(47): require_once('D:\\Udin\\SMP 1\\web\\jurnal_pembelajaran\\public\\index.php')
INFO - 2024-10-20 13:09:59 --> Session: Class initialized using 'CodeIgniter\Session\Handlers\FileHandler' driver.
CRITICAL - 2024-10-20 13:09:59 --> Object of class App\Models\DaftarHadir could not be converted to string
in APPPATH\Controllers\Guru.php on line 49.
 1 SYSTEMPATH\CodeIgniter.php(942): App\Controllers\Guru->daftar_hadir()
 2 SYSTEMPATH\CodeIgniter.php(502): CodeIgniter\CodeIgniter->runController(Object(App\Controllers\Guru))
 3 SYSTEMPATH\CodeIgniter.php(361): CodeIgniter\CodeIgniter->handleRequest(null, Object(Config\Cache), false)
 4 FCPATH\index.php(79): CodeIgniter\CodeIgniter->run()
 5 SYSTEMPATH\Commands\Server\rewrite.php(47): require_once('D:\\Udin\\SMP 1\\web\\jurnal_pembelajaran\\public\\index.php')
INFO - 2024-10-20 13:11:45 --> Session: Class initialized using 'CodeIgniter\Session\Handlers\FileHandler' driver.
CRITICAL - 2024-10-20 13:11:45 --> Object of class App\Models\DaftarHadir could not be converted to string
in APPPATH\Controllers\Guru.php on line 49.
 1 SYSTEMPATH\CodeIgniter.php(942): App\Controllers\Guru->daftar_hadir()
 2 SYSTEMPATH\CodeIgniter.php(502): CodeIgniter\CodeIgniter->runController(Object(App\Controllers\Guru))
 3 SYSTEMPATH\CodeIgniter.php(361): CodeIgniter\CodeIgniter->handleRequest(null, Object(Config\Cache), false)
 4 FCPATH\index.php(79): CodeIgniter\CodeIgniter->run()
 5 SYSTEMPATH\Commands\Server\rewrite.php(47): require_once('D:\\Udin\\SMP 1\\web\\jurnal_pembelajaran\\public\\index.php')
INFO - 2024-10-20 13:13:05 --> Session: Class initialized using 'CodeIgniter\Session\Handlers\FileHandler' driver.
CRITICAL - 2024-10-20 13:13:05 --> Object of class App\Models\DaftarHadir could not be converted to string
in APPPATH\Controllers\Guru.php on line 49.
 1 SYSTEMPATH\CodeIgniter.php(942): App\Controllers\Guru->daftar_hadir()
 2 SYSTEMPATH\CodeIgniter.php(502): CodeIgniter\CodeIgniter->runController(Object(App\Controllers\Guru))
 3 SYSTEMPATH\CodeIgniter.php(361): CodeIgniter\CodeIgniter->handleRequest(null, Object(Config\Cache), false)
 4 FCPATH\index.php(79): CodeIgniter\CodeIgniter->run()
 5 SYSTEMPATH\Commands\Server\rewrite.php(47): require_once('D:\\Udin\\SMP 1\\web\\jurnal_pembelajaran\\public\\index.php')
INFO - 2024-10-20 13:13:09 --> Session: Class initialized using 'CodeIgniter\Session\Handlers\FileHandler' driver.
CRITICAL - 2024-10-20 13:13:09 --> Object of class App\Models\DaftarHadir could not be converted to string
in APPPATH\Controllers\Guru.php on line 49.
 1 SYSTEMPATH\CodeIgniter.php(942): App\Controllers\Guru->daftar_hadir()
 2 SYSTEMPATH\CodeIgniter.php(502): CodeIgniter\CodeIgniter->runController(Object(App\Controllers\Guru))
 3 SYSTEMPATH\CodeIgniter.php(361): CodeIgniter\CodeIgniter->handleRequest(null, Object(Config\Cache), false)
 4 FCPATH\index.php(79): CodeIgniter\CodeIgniter->run()
 5 SYSTEMPATH\Commands\Server\rewrite.php(47): require_once('D:\\Udin\\SMP 1\\web\\jurnal_pembelajaran\\public\\index.php')
