INFO - 2024-07-01 07:17:48 --> Session: Class initialized using 'CodeIgniter\Session\Handlers\FileHandler' driver.
INFO - 2024-07-01 07:18:14 --> Session: Class initialized using 'CodeIgniter\Session\Handlers\FileHandler' driver.
INFO - 2024-07-01 07:18:14 --> Session: Class initialized using 'CodeIgniter\Session\Handlers\FileHandler' driver.
INFO - 2024-07-01 07:18:17 --> Session: Class initialized using 'CodeIgniter\Session\Handlers\FileHandler' driver.
INFO - 2024-07-01 07:18:29 --> Session: Class initialized using 'CodeIgniter\Session\Handlers\FileHandler' driver.
INFO - 2024-07-01 07:18:31 --> Session: Class initialized using 'CodeIgniter\Session\Handlers\FileHandler' driver.
INFO - 2024-07-01 07:19:02 --> Session: Class initialized using 'CodeIgniter\Session\Handlers\FileHandler' driver.
INFO - 2024-07-01 07:19:10 --> Session: Class initialized using 'CodeIgniter\Session\Handlers\FileHandler' driver.
INFO - 2024-07-01 07:22:55 --> Session: Class initialized using 'CodeIgniter\Session\Handlers\FileHandler' driver.
INFO - 2024-07-01 07:22:58 --> Session: Class initialized using 'CodeIgniter\Session\Handlers\FileHandler' driver.
INFO - 2024-07-01 07:24:00 --> Session: Class initialized using 'CodeIgniter\Session\Handlers\FileHandler' driver.
INFO - 2024-07-01 07:24:46 --> Session: Class initialized using 'CodeIgniter\Session\Handlers\FileHandler' driver.
CRITICAL - 2024-07-01 07:30:57 --> Cannot use object of type App\Models\User as array
in APPPATH\Controllers\Admin.php on line 288.
 1 SYSTEMPATH\CodeIgniter.php(942): App\Controllers\Admin->tambah_kelas()
 2 SYSTEMPATH\CodeIgniter.php(502): CodeIgniter\CodeIgniter->runController(Object(App\Controllers\Admin))
 3 SYSTEMPATH\CodeIgniter.php(361): CodeIgniter\CodeIgniter->handleRequest(null, Object(Config\Cache), false)
 4 FCPATH\index.php(79): CodeIgniter\CodeIgniter->run()
 5 SYSTEMPATH\Commands\Server\rewrite.php(47): require_once('D:\\Udin\\SMP 1\\web\\administrasi\\public\\index.php')
CRITICAL - 2024-07-01 07:31:41 --> Cannot use object of type App\Models\User as array
in APPPATH\Controllers\Admin.php on line 288.
 1 SYSTEMPATH\CodeIgniter.php(942): App\Controllers\Admin->tambah_kelas()
 2 SYSTEMPATH\CodeIgniter.php(502): CodeIgniter\CodeIgniter->runController(Object(App\Controllers\Admin))
 3 SYSTEMPATH\CodeIgniter.php(361): CodeIgniter\CodeIgniter->handleRequest(null, Object(Config\Cache), false)
 4 FCPATH\index.php(79): CodeIgniter\CodeIgniter->run()
 5 SYSTEMPATH\Commands\Server\rewrite.php(47): require_once('D:\\Udin\\SMP 1\\web\\administrasi\\public\\index.php')
CRITICAL - 2024-07-01 07:31:45 --> Cannot use object of type App\Models\User as array
in APPPATH\Controllers\Admin.php on line 288.
 1 SYSTEMPATH\CodeIgniter.php(942): App\Controllers\Admin->tambah_kelas()
 2 SYSTEMPATH\CodeIgniter.php(502): CodeIgniter\CodeIgniter->runController(Object(App\Controllers\Admin))
 3 SYSTEMPATH\CodeIgniter.php(361): CodeIgniter\CodeIgniter->handleRequest(null, Object(Config\Cache), false)
 4 FCPATH\index.php(79): CodeIgniter\CodeIgniter->run()
 5 SYSTEMPATH\Commands\Server\rewrite.php(47): require_once('D:\\Udin\\SMP 1\\web\\administrasi\\public\\index.php')
CRITICAL - 2024-07-01 07:31:45 --> Cannot use object of type App\Models\User as array
in APPPATH\Controllers\Admin.php on line 288.
 1 SYSTEMPATH\CodeIgniter.php(942): App\Controllers\Admin->tambah_kelas()
 2 SYSTEMPATH\CodeIgniter.php(502): CodeIgniter\CodeIgniter->runController(Object(App\Controllers\Admin))
 3 SYSTEMPATH\CodeIgniter.php(361): CodeIgniter\CodeIgniter->handleRequest(null, Object(Config\Cache), false)
 4 FCPATH\index.php(79): CodeIgniter\CodeIgniter->run()
 5 SYSTEMPATH\Commands\Server\rewrite.php(47): require_once('D:\\Udin\\SMP 1\\web\\administrasi\\public\\index.php')
CRITICAL - 2024-07-01 07:31:54 --> Cannot use object of type App\Models\User as array
in APPPATH\Controllers\Admin.php on line 288.
 1 SYSTEMPATH\CodeIgniter.php(942): App\Controllers\Admin->tambah_kelas()
 2 SYSTEMPATH\CodeIgniter.php(502): CodeIgniter\CodeIgniter->runController(Object(App\Controllers\Admin))
 3 SYSTEMPATH\CodeIgniter.php(361): CodeIgniter\CodeIgniter->handleRequest(null, Object(Config\Cache), false)
 4 FCPATH\index.php(79): CodeIgniter\CodeIgniter->run()
 5 SYSTEMPATH\Commands\Server\rewrite.php(47): require_once('D:\\Udin\\SMP 1\\web\\administrasi\\public\\index.php')
CRITICAL - 2024-07-01 07:31:55 --> Cannot use object of type App\Models\User as array
in APPPATH\Controllers\Admin.php on line 288.
 1 SYSTEMPATH\CodeIgniter.php(942): App\Controllers\Admin->tambah_kelas()
 2 SYSTEMPATH\CodeIgniter.php(502): CodeIgniter\CodeIgniter->runController(Object(App\Controllers\Admin))
 3 SYSTEMPATH\CodeIgniter.php(361): CodeIgniter\CodeIgniter->handleRequest(null, Object(Config\Cache), false)
 4 FCPATH\index.php(79): CodeIgniter\CodeIgniter->run()
 5 SYSTEMPATH\Commands\Server\rewrite.php(47): require_once('D:\\Udin\\SMP 1\\web\\administrasi\\public\\index.php')
INFO - 2024-07-01 07:33:17 --> Session: Class initialized using 'CodeIgniter\Session\Handlers\FileHandler' driver.
CRITICAL - 2024-07-01 07:33:17 --> syntax error, unexpected end of file
in APPPATH\Views\admin\input_kelas_admin_view.php on line 78.
 1 SYSTEMPATH\View\View.php(231): CodeIgniter\View\View->CodeIgniter\View\{closure}()
 2 SYSTEMPATH\Common.php(1190): CodeIgniter\View\View->render('/admin/input_kelas_admin_view', [], true)
 3 APPPATH\Controllers\Admin.php(297): view('/admin/input_kelas_admin_view', [...])
 4 SYSTEMPATH\CodeIgniter.php(942): App\Controllers\Admin->tambah_kelas()
 5 SYSTEMPATH\CodeIgniter.php(502): CodeIgniter\CodeIgniter->runController(Object(App\Controllers\Admin))
 6 SYSTEMPATH\CodeIgniter.php(361): CodeIgniter\CodeIgniter->handleRequest(null, Object(Config\Cache), false)
 7 FCPATH\index.php(79): CodeIgniter\CodeIgniter->run()
 8 SYSTEMPATH\Commands\Server\rewrite.php(47): require_once('D:\\Udin\\SMP 1\\web\\administrasi\\public\\index.php')
INFO - 2024-07-01 07:33:19 --> Session: Class initialized using 'CodeIgniter\Session\Handlers\FileHandler' driver.
INFO - 2024-07-01 07:33:21 --> Session: Class initialized using 'CodeIgniter\Session\Handlers\FileHandler' driver.
CRITICAL - 2024-07-01 07:33:21 --> syntax error, unexpected end of file
in APPPATH\Views\admin\input_kelas_admin_view.php on line 78.
 1 SYSTEMPATH\View\View.php(231): CodeIgniter\View\View->CodeIgniter\View\{closure}()
 2 SYSTEMPATH\Common.php(1190): CodeIgniter\View\View->render('/admin/input_kelas_admin_view', [], true)
 3 APPPATH\Controllers\Admin.php(297): view('/admin/input_kelas_admin_view', [...])
 4 SYSTEMPATH\CodeIgniter.php(942): App\Controllers\Admin->tambah_kelas()
 5 SYSTEMPATH\CodeIgniter.php(502): CodeIgniter\CodeIgniter->runController(Object(App\Controllers\Admin))
 6 SYSTEMPATH\CodeIgniter.php(361): CodeIgniter\CodeIgniter->handleRequest(null, Object(Config\Cache), false)
 7 FCPATH\index.php(79): CodeIgniter\CodeIgniter->run()
 8 SYSTEMPATH\Commands\Server\rewrite.php(47): require_once('D:\\Udin\\SMP 1\\web\\administrasi\\public\\index.php')
INFO - 2024-07-01 07:33:24 --> Session: Class initialized using 'CodeIgniter\Session\Handlers\FileHandler' driver.
CRITICAL - 2024-07-01 07:33:24 --> syntax error, unexpected end of file
in APPPATH\Views\admin\input_kelas_admin_view.php on line 78.
 1 SYSTEMPATH\View\View.php(231): CodeIgniter\View\View->CodeIgniter\View\{closure}()
 2 SYSTEMPATH\Common.php(1190): CodeIgniter\View\View->render('/admin/input_kelas_admin_view', [], true)
 3 APPPATH\Controllers\Admin.php(297): view('/admin/input_kelas_admin_view', [...])
 4 SYSTEMPATH\CodeIgniter.php(942): App\Controllers\Admin->tambah_kelas()
 5 SYSTEMPATH\CodeIgniter.php(502): CodeIgniter\CodeIgniter->runController(Object(App\Controllers\Admin))
 6 SYSTEMPATH\CodeIgniter.php(361): CodeIgniter\CodeIgniter->handleRequest(null, Object(Config\Cache), false)
 7 FCPATH\index.php(79): CodeIgniter\CodeIgniter->run()
 8 SYSTEMPATH\Commands\Server\rewrite.php(47): require_once('D:\\Udin\\SMP 1\\web\\administrasi\\public\\index.php')
INFO - 2024-07-01 07:34:50 --> Session: Class initialized using 'CodeIgniter\Session\Handlers\FileHandler' driver.
CRITICAL - 2024-07-01 07:34:50 --> Undefined array key "wali_kelas"
in APPPATH\Views\admin\input_kelas_admin_view.php on line 58.
 1 APPPATH\Views\admin\input_kelas_admin_view.php(58): CodeIgniter\Debug\Exceptions->errorHandler(2, 'Undefined array key "wali_kelas"', 'D:\\Udin\\SMP 1\\web\\administrasi\\app\\Views\\admin\\input_kelas_admin_view.php', 58)
 2 SYSTEMPATH\View\View.php(228): include('D:\\Udin\\SMP 1\\web\\administrasi\\app\\Views\\admin\\input_kelas_admin_view.php')
 3 SYSTEMPATH\View\View.php(231): CodeIgniter\View\View->CodeIgniter\View\{closure}()
 4 SYSTEMPATH\Common.php(1190): CodeIgniter\View\View->render('/admin/input_kelas_admin_view', [], true)
 5 APPPATH\Controllers\Admin.php(297): view('/admin/input_kelas_admin_view', [...])
 6 SYSTEMPATH\CodeIgniter.php(942): App\Controllers\Admin->tambah_kelas()
 7 SYSTEMPATH\CodeIgniter.php(502): CodeIgniter\CodeIgniter->runController(Object(App\Controllers\Admin))
 8 SYSTEMPATH\CodeIgniter.php(361): CodeIgniter\CodeIgniter->handleRequest(null, Object(Config\Cache), false)
 9 FCPATH\index.php(79): CodeIgniter\CodeIgniter->run()
10 SYSTEMPATH\Commands\Server\rewrite.php(47): require_once('D:\\Udin\\SMP 1\\web\\administrasi\\public\\index.php')
INFO - 2024-07-01 07:34:52 --> Session: Class initialized using 'CodeIgniter\Session\Handlers\FileHandler' driver.
CRITICAL - 2024-07-01 07:34:52 --> Undefined array key "wali_kelas"
in APPPATH\Views\admin\input_kelas_admin_view.php on line 58.
 1 APPPATH\Views\admin\input_kelas_admin_view.php(58): CodeIgniter\Debug\Exceptions->errorHandler(2, 'Undefined array key "wali_kelas"', 'D:\\Udin\\SMP 1\\web\\administrasi\\app\\Views\\admin\\input_kelas_admin_view.php', 58)
 2 SYSTEMPATH\View\View.php(228): include('D:\\Udin\\SMP 1\\web\\administrasi\\app\\Views\\admin\\input_kelas_admin_view.php')
 3 SYSTEMPATH\View\View.php(231): CodeIgniter\View\View->CodeIgniter\View\{closure}()
 4 SYSTEMPATH\Common.php(1190): CodeIgniter\View\View->render('/admin/input_kelas_admin_view', [], true)
 5 APPPATH\Controllers\Admin.php(297): view('/admin/input_kelas_admin_view', [...])
 6 SYSTEMPATH\CodeIgniter.php(942): App\Controllers\Admin->tambah_kelas()
 7 SYSTEMPATH\CodeIgniter.php(502): CodeIgniter\CodeIgniter->runController(Object(App\Controllers\Admin))
 8 SYSTEMPATH\CodeIgniter.php(361): CodeIgniter\CodeIgniter->handleRequest(null, Object(Config\Cache), false)
 9 FCPATH\index.php(79): CodeIgniter\CodeIgniter->run()
10 SYSTEMPATH\Commands\Server\rewrite.php(47): require_once('D:\\Udin\\SMP 1\\web\\administrasi\\public\\index.php')
INFO - 2024-07-01 07:35:07 --> Session: Class initialized using 'CodeIgniter\Session\Handlers\FileHandler' driver.
INFO - 2024-07-01 07:36:55 --> Session: Class initialized using 'CodeIgniter\Session\Handlers\FileHandler' driver.
INFO - 2024-07-01 07:37:06 --> Session: Class initialized using 'CodeIgniter\Session\Handlers\FileHandler' driver.
INFO - 2024-07-01 07:37:15 --> Session: Class initialized using 'CodeIgniter\Session\Handlers\FileHandler' driver.
INFO - 2024-07-01 07:37:20 --> Session: Class initialized using 'CodeIgniter\Session\Handlers\FileHandler' driver.
INFO - 2024-07-01 07:38:15 --> Session: Class initialized using 'CodeIgniter\Session\Handlers\FileHandler' driver.
INFO - 2024-07-01 07:38:24 --> Session: Class initialized using 'CodeIgniter\Session\Handlers\FileHandler' driver.
INFO - 2024-07-01 07:39:40 --> Session: Class initialized using 'CodeIgniter\Session\Handlers\FileHandler' driver.
INFO - 2024-07-01 07:39:49 --> Session: Class initialized using 'CodeIgniter\Session\Handlers\FileHandler' driver.
INFO - 2024-07-01 07:40:23 --> Session: Class initialized using 'CodeIgniter\Session\Handlers\FileHandler' driver.
INFO - 2024-07-01 07:40:25 --> Session: Class initialized using 'CodeIgniter\Session\Handlers\FileHandler' driver.
INFO - 2024-07-01 07:40:36 --> Session: Class initialized using 'CodeIgniter\Session\Handlers\FileHandler' driver.
INFO - 2024-07-01 07:40:56 --> Session: Class initialized using 'CodeIgniter\Session\Handlers\FileHandler' driver.
INFO - 2024-07-01 07:41:23 --> Session: Class initialized using 'CodeIgniter\Session\Handlers\FileHandler' driver.
INFO - 2024-07-01 07:41:29 --> Session: Class initialized using 'CodeIgniter\Session\Handlers\FileHandler' driver.
INFO - 2024-07-01 07:41:58 --> Session: Class initialized using 'CodeIgniter\Session\Handlers\FileHandler' driver.
INFO - 2024-07-01 07:41:59 --> Session: Class initialized using 'CodeIgniter\Session\Handlers\FileHandler' driver.
INFO - 2024-07-01 07:42:08 --> Session: Class initialized using 'CodeIgniter\Session\Handlers\FileHandler' driver.
INFO - 2024-07-01 07:42:17 --> Session: Class initialized using 'CodeIgniter\Session\Handlers\FileHandler' driver.
INFO - 2024-07-01 07:42:25 --> Session: Class initialized using 'CodeIgniter\Session\Handlers\FileHandler' driver.
INFO - 2024-07-01 07:42:27 --> Session: Class initialized using 'CodeIgniter\Session\Handlers\FileHandler' driver.
INFO - 2024-07-01 07:42:29 --> Session: Class initialized using 'CodeIgniter\Session\Handlers\FileHandler' driver.
INFO - 2024-07-01 07:42:34 --> Session: Class initialized using 'CodeIgniter\Session\Handlers\FileHandler' driver.
INFO - 2024-07-01 07:42:36 --> Session: Class initialized using 'CodeIgniter\Session\Handlers\FileHandler' driver.
INFO - 2024-07-01 07:42:39 --> Session: Class initialized using 'CodeIgniter\Session\Handlers\FileHandler' driver.
INFO - 2024-07-01 07:42:49 --> Session: Class initialized using 'CodeIgniter\Session\Handlers\FileHandler' driver.
INFO - 2024-07-01 07:42:49 --> Session: Class initialized using 'CodeIgniter\Session\Handlers\FileHandler' driver.
INFO - 2024-07-01 07:42:53 --> Session: Class initialized using 'CodeIgniter\Session\Handlers\FileHandler' driver.
INFO - 2024-07-01 07:42:55 --> Session: Class initialized using 'CodeIgniter\Session\Handlers\FileHandler' driver.
INFO - 2024-07-01 07:42:58 --> Session: Class initialized using 'CodeIgniter\Session\Handlers\FileHandler' driver.
INFO - 2024-07-01 07:43:05 --> Session: Class initialized using 'CodeIgniter\Session\Handlers\FileHandler' driver.
INFO - 2024-07-01 07:43:05 --> Session: Class initialized using 'CodeIgniter\Session\Handlers\FileHandler' driver.
INFO - 2024-07-01 07:43:08 --> Session: Class initialized using 'CodeIgniter\Session\Handlers\FileHandler' driver.
INFO - 2024-07-01 07:43:10 --> Session: Class initialized using 'CodeIgniter\Session\Handlers\FileHandler' driver.
INFO - 2024-07-01 07:43:22 --> Session: Class initialized using 'CodeIgniter\Session\Handlers\FileHandler' driver.
INFO - 2024-07-01 07:43:27 --> Session: Class initialized using 'CodeIgniter\Session\Handlers\FileHandler' driver.
INFO - 2024-07-01 07:43:30 --> Session: Class initialized using 'CodeIgniter\Session\Handlers\FileHandler' driver.
INFO - 2024-07-01 07:43:45 --> Session: Class initialized using 'CodeIgniter\Session\Handlers\FileHandler' driver.
INFO - 2024-07-01 07:43:46 --> Session: Class initialized using 'CodeIgniter\Session\Handlers\FileHandler' driver.
INFO - 2024-07-01 07:45:30 --> Session: Class initialized using 'CodeIgniter\Session\Handlers\FileHandler' driver.
INFO - 2024-07-01 07:46:23 --> Session: Class initialized using 'CodeIgniter\Session\Handlers\FileHandler' driver.
INFO - 2024-07-01 07:46:25 --> Session: Class initialized using 'CodeIgniter\Session\Handlers\FileHandler' driver.
INFO - 2024-07-01 07:46:29 --> Session: Class initialized using 'CodeIgniter\Session\Handlers\FileHandler' driver.
INFO - 2024-07-01 07:46:32 --> Session: Class initialized using 'CodeIgniter\Session\Handlers\FileHandler' driver.
INFO - 2024-07-01 07:46:32 --> Session: Class initialized using 'CodeIgniter\Session\Handlers\FileHandler' driver.
INFO - 2024-07-01 07:46:34 --> Session: Class initialized using 'CodeIgniter\Session\Handlers\FileHandler' driver.
INFO - 2024-07-01 07:46:34 --> Session: Class initialized using 'CodeIgniter\Session\Handlers\FileHandler' driver.
INFO - 2024-07-01 07:51:16 --> Session: Class initialized using 'CodeIgniter\Session\Handlers\FileHandler' driver.
INFO - 2024-07-01 07:51:51 --> Session: Class initialized using 'CodeIgniter\Session\Handlers\FileHandler' driver.
INFO - 2024-07-01 07:51:55 --> Session: Class initialized using 'CodeIgniter\Session\Handlers\FileHandler' driver.
INFO - 2024-07-01 07:51:59 --> Session: Class initialized using 'CodeIgniter\Session\Handlers\FileHandler' driver.
INFO - 2024-07-01 07:51:59 --> Session: Class initialized using 'CodeIgniter\Session\Handlers\FileHandler' driver.
INFO - 2024-07-01 07:52:02 --> Session: Class initialized using 'CodeIgniter\Session\Handlers\FileHandler' driver.
INFO - 2024-07-01 07:52:02 --> Session: Class initialized using 'CodeIgniter\Session\Handlers\FileHandler' driver.
INFO - 2024-07-01 07:52:25 --> Session: Class initialized using 'CodeIgniter\Session\Handlers\FileHandler' driver.
INFO - 2024-07-01 07:52:32 --> Session: Class initialized using 'CodeIgniter\Session\Handlers\FileHandler' driver.
INFO - 2024-07-01 07:52:32 --> Session: Class initialized using 'CodeIgniter\Session\Handlers\FileHandler' driver.
INFO - 2024-07-01 07:52:34 --> Session: Class initialized using 'CodeIgniter\Session\Handlers\FileHandler' driver.
INFO - 2024-07-01 07:52:36 --> Session: Class initialized using 'CodeIgniter\Session\Handlers\FileHandler' driver.
INFO - 2024-07-01 07:52:39 --> Session: Class initialized using 'CodeIgniter\Session\Handlers\FileHandler' driver.
INFO - 2024-07-01 07:53:54 --> Session: Class initialized using 'CodeIgniter\Session\Handlers\FileHandler' driver.
INFO - 2024-07-01 07:53:54 --> Session: Class initialized using 'CodeIgniter\Session\Handlers\FileHandler' driver.
INFO - 2024-07-01 07:53:55 --> Session: Class initialized using 'CodeIgniter\Session\Handlers\FileHandler' driver.
INFO - 2024-07-01 07:54:01 --> Session: Class initialized using 'CodeIgniter\Session\Handlers\FileHandler' driver.
INFO - 2024-07-01 07:55:31 --> Session: Class initialized using 'CodeIgniter\Session\Handlers\FileHandler' driver.
INFO - 2024-07-01 07:55:36 --> Session: Class initialized using 'CodeIgniter\Session\Handlers\FileHandler' driver.
INFO - 2024-07-01 07:55:59 --> Session: Class initialized using 'CodeIgniter\Session\Handlers\FileHandler' driver.
INFO - 2024-07-01 07:56:03 --> Session: Class initialized using 'CodeIgniter\Session\Handlers\FileHandler' driver.
INFO - 2024-07-01 07:56:24 --> Session: Class initialized using 'CodeIgniter\Session\Handlers\FileHandler' driver.
INFO - 2024-07-01 07:56:30 --> Session: Class initialized using 'CodeIgniter\Session\Handlers\FileHandler' driver.
INFO - 2024-07-01 08:02:05 --> Session: Class initialized using 'CodeIgniter\Session\Handlers\FileHandler' driver.
INFO - 2024-07-01 08:02:07 --> Session: Class initialized using 'CodeIgniter\Session\Handlers\FileHandler' driver.
INFO - 2024-07-01 08:02:09 --> Session: Class initialized using 'CodeIgniter\Session\Handlers\FileHandler' driver.
INFO - 2024-07-01 08:02:10 --> Session: Class initialized using 'CodeIgniter\Session\Handlers\FileHandler' driver.
CRITICAL - 2024-07-01 08:02:10 --> Undefined variable $bana_lengkap
in APPPATH\Views\admin\input_kelas_admin_view.php on line 59.
 1 APPPATH\Views\admin\input_kelas_admin_view.php(59): CodeIgniter\Debug\Exceptions->errorHandler(2, 'Undefined variable $bana_lengkap', 'D:\\Udin\\SMP 1\\web\\administrasi\\app\\Views\\admin\\input_kelas_admin_view.php', 59)
 2 SYSTEMPATH\View\View.php(228): include('D:\\Udin\\SMP 1\\web\\administrasi\\app\\Views\\admin\\input_kelas_admin_view.php')
 3 SYSTEMPATH\View\View.php(231): CodeIgniter\View\View->CodeIgniter\View\{closure}()
 4 SYSTEMPATH\Common.php(1190): CodeIgniter\View\View->render('/admin/input_kelas_admin_view', [], true)
 5 APPPATH\Controllers\Admin.php(297): view('/admin/input_kelas_admin_view', [...])
 6 SYSTEMPATH\CodeIgniter.php(942): App\Controllers\Admin->tambah_kelas()
 7 SYSTEMPATH\CodeIgniter.php(502): CodeIgniter\CodeIgniter->runController(Object(App\Controllers\Admin))
 8 SYSTEMPATH\CodeIgniter.php(361): CodeIgniter\CodeIgniter->handleRequest(null, Object(Config\Cache), false)
 9 FCPATH\index.php(79): CodeIgniter\CodeIgniter->run()
10 SYSTEMPATH\Commands\Server\rewrite.php(47): require_once('D:\\Udin\\SMP 1\\web\\administrasi\\public\\index.php')
INFO - 2024-07-01 08:02:29 --> Session: Class initialized using 'CodeIgniter\Session\Handlers\FileHandler' driver.
CRITICAL - 2024-07-01 08:02:29 --> Undefined variable $nana_lengkap
in APPPATH\Views\admin\input_kelas_admin_view.php on line 59.
 1 APPPATH\Views\admin\input_kelas_admin_view.php(59): CodeIgniter\Debug\Exceptions->errorHandler(2, 'Undefined variable $nana_lengkap', 'D:\\Udin\\SMP 1\\web\\administrasi\\app\\Views\\admin\\input_kelas_admin_view.php', 59)
 2 SYSTEMPATH\View\View.php(228): include('D:\\Udin\\SMP 1\\web\\administrasi\\app\\Views\\admin\\input_kelas_admin_view.php')
 3 SYSTEMPATH\View\View.php(231): CodeIgniter\View\View->CodeIgniter\View\{closure}()
 4 SYSTEMPATH\Common.php(1190): CodeIgniter\View\View->render('/admin/input_kelas_admin_view', [], true)
 5 APPPATH\Controllers\Admin.php(297): view('/admin/input_kelas_admin_view', [...])
 6 SYSTEMPATH\CodeIgniter.php(942): App\Controllers\Admin->tambah_kelas()
 7 SYSTEMPATH\CodeIgniter.php(502): CodeIgniter\CodeIgniter->runController(Object(App\Controllers\Admin))
 8 SYSTEMPATH\CodeIgniter.php(361): CodeIgniter\CodeIgniter->handleRequest(null, Object(Config\Cache), false)
 9 FCPATH\index.php(79): CodeIgniter\CodeIgniter->run()
10 SYSTEMPATH\Commands\Server\rewrite.php(47): require_once('D:\\Udin\\SMP 1\\web\\administrasi\\public\\index.php')
INFO - 2024-07-01 08:02:31 --> Session: Class initialized using 'CodeIgniter\Session\Handlers\FileHandler' driver.
CRITICAL - 2024-07-01 08:02:31 --> Undefined variable $nana_lengkap
in APPPATH\Views\admin\input_kelas_admin_view.php on line 59.
 1 APPPATH\Views\admin\input_kelas_admin_view.php(59): CodeIgniter\Debug\Exceptions->errorHandler(2, 'Undefined variable $nana_lengkap', 'D:\\Udin\\SMP 1\\web\\administrasi\\app\\Views\\admin\\input_kelas_admin_view.php', 59)
 2 SYSTEMPATH\View\View.php(228): include('D:\\Udin\\SMP 1\\web\\administrasi\\app\\Views\\admin\\input_kelas_admin_view.php')
 3 SYSTEMPATH\View\View.php(231): CodeIgniter\View\View->CodeIgniter\View\{closure}()
 4 SYSTEMPATH\Common.php(1190): CodeIgniter\View\View->render('/admin/input_kelas_admin_view', [], true)
 5 APPPATH\Controllers\Admin.php(297): view('/admin/input_kelas_admin_view', [...])
 6 SYSTEMPATH\CodeIgniter.php(942): App\Controllers\Admin->tambah_kelas()
 7 SYSTEMPATH\CodeIgniter.php(502): CodeIgniter\CodeIgniter->runController(Object(App\Controllers\Admin))
 8 SYSTEMPATH\CodeIgniter.php(361): CodeIgniter\CodeIgniter->handleRequest(null, Object(Config\Cache), false)
 9 FCPATH\index.php(79): CodeIgniter\CodeIgniter->run()
10 SYSTEMPATH\Commands\Server\rewrite.php(47): require_once('D:\\Udin\\SMP 1\\web\\administrasi\\public\\index.php')
INFO - 2024-07-01 08:02:31 --> Session: Class initialized using 'CodeIgniter\Session\Handlers\FileHandler' driver.
CRITICAL - 2024-07-01 08:02:31 --> Undefined variable $nana_lengkap
in APPPATH\Views\admin\input_kelas_admin_view.php on line 59.
 1 APPPATH\Views\admin\input_kelas_admin_view.php(59): CodeIgniter\Debug\Exceptions->errorHandler(2, 'Undefined variable $nana_lengkap', 'D:\\Udin\\SMP 1\\web\\administrasi\\app\\Views\\admin\\input_kelas_admin_view.php', 59)
 2 SYSTEMPATH\View\View.php(228): include('D:\\Udin\\SMP 1\\web\\administrasi\\app\\Views\\admin\\input_kelas_admin_view.php')
 3 SYSTEMPATH\View\View.php(231): CodeIgniter\View\View->CodeIgniter\View\{closure}()
 4 SYSTEMPATH\Common.php(1190): CodeIgniter\View\View->render('/admin/input_kelas_admin_view', [], true)
 5 APPPATH\Controllers\Admin.php(297): view('/admin/input_kelas_admin_view', [...])
 6 SYSTEMPATH\CodeIgniter.php(942): App\Controllers\Admin->tambah_kelas()
 7 SYSTEMPATH\CodeIgniter.php(502): CodeIgniter\CodeIgniter->runController(Object(App\Controllers\Admin))
 8 SYSTEMPATH\CodeIgniter.php(361): CodeIgniter\CodeIgniter->handleRequest(null, Object(Config\Cache), false)
 9 FCPATH\index.php(79): CodeIgniter\CodeIgniter->run()
10 SYSTEMPATH\Commands\Server\rewrite.php(47): require_once('D:\\Udin\\SMP 1\\web\\administrasi\\public\\index.php')
INFO - 2024-07-01 08:02:31 --> Session: Class initialized using 'CodeIgniter\Session\Handlers\FileHandler' driver.
CRITICAL - 2024-07-01 08:02:31 --> Undefined variable $nana_lengkap
in APPPATH\Views\admin\input_kelas_admin_view.php on line 59.
 1 APPPATH\Views\admin\input_kelas_admin_view.php(59): CodeIgniter\Debug\Exceptions->errorHandler(2, 'Undefined variable $nana_lengkap', 'D:\\Udin\\SMP 1\\web\\administrasi\\app\\Views\\admin\\input_kelas_admin_view.php', 59)
 2 SYSTEMPATH\View\View.php(228): include('D:\\Udin\\SMP 1\\web\\administrasi\\app\\Views\\admin\\input_kelas_admin_view.php')
 3 SYSTEMPATH\View\View.php(231): CodeIgniter\View\View->CodeIgniter\View\{closure}()
 4 SYSTEMPATH\Common.php(1190): CodeIgniter\View\View->render('/admin/input_kelas_admin_view', [], true)
 5 APPPATH\Controllers\Admin.php(297): view('/admin/input_kelas_admin_view', [...])
 6 SYSTEMPATH\CodeIgniter.php(942): App\Controllers\Admin->tambah_kelas()
 7 SYSTEMPATH\CodeIgniter.php(502): CodeIgniter\CodeIgniter->runController(Object(App\Controllers\Admin))
 8 SYSTEMPATH\CodeIgniter.php(361): CodeIgniter\CodeIgniter->handleRequest(null, Object(Config\Cache), false)
 9 FCPATH\index.php(79): CodeIgniter\CodeIgniter->run()
10 SYSTEMPATH\Commands\Server\rewrite.php(47): require_once('D:\\Udin\\SMP 1\\web\\administrasi\\public\\index.php')
INFO - 2024-07-01 08:02:31 --> Session: Class initialized using 'CodeIgniter\Session\Handlers\FileHandler' driver.
CRITICAL - 2024-07-01 08:02:31 --> Undefined variable $nana_lengkap
in APPPATH\Views\admin\input_kelas_admin_view.php on line 59.
 1 APPPATH\Views\admin\input_kelas_admin_view.php(59): CodeIgniter\Debug\Exceptions->errorHandler(2, 'Undefined variable $nana_lengkap', 'D:\\Udin\\SMP 1\\web\\administrasi\\app\\Views\\admin\\input_kelas_admin_view.php', 59)
 2 SYSTEMPATH\View\View.php(228): include('D:\\Udin\\SMP 1\\web\\administrasi\\app\\Views\\admin\\input_kelas_admin_view.php')
 3 SYSTEMPATH\View\View.php(231): CodeIgniter\View\View->CodeIgniter\View\{closure}()
 4 SYSTEMPATH\Common.php(1190): CodeIgniter\View\View->render('/admin/input_kelas_admin_view', [], true)
 5 APPPATH\Controllers\Admin.php(297): view('/admin/input_kelas_admin_view', [...])
 6 SYSTEMPATH\CodeIgniter.php(942): App\Controllers\Admin->tambah_kelas()
 7 SYSTEMPATH\CodeIgniter.php(502): CodeIgniter\CodeIgniter->runController(Object(App\Controllers\Admin))
 8 SYSTEMPATH\CodeIgniter.php(361): CodeIgniter\CodeIgniter->handleRequest(null, Object(Config\Cache), false)
 9 FCPATH\index.php(79): CodeIgniter\CodeIgniter->run()
10 SYSTEMPATH\Commands\Server\rewrite.php(47): require_once('D:\\Udin\\SMP 1\\web\\administrasi\\public\\index.php')
INFO - 2024-07-01 08:02:34 --> Session: Class initialized using 'CodeIgniter\Session\Handlers\FileHandler' driver.
INFO - 2024-07-01 08:02:39 --> Session: Class initialized using 'CodeIgniter\Session\Handlers\FileHandler' driver.
INFO - 2024-07-01 08:03:22 --> Session: Class initialized using 'CodeIgniter\Session\Handlers\FileHandler' driver.
INFO - 2024-07-01 08:12:29 --> Session: Class initialized using 'CodeIgniter\Session\Handlers\FileHandler' driver.
INFO - 2024-07-01 08:12:30 --> Session: Class initialized using 'CodeIgniter\Session\Handlers\FileHandler' driver.
CRITICAL - 2024-07-01 08:12:30 --> Undefined variable $nama_lengkap
in APPPATH\Views\admin\input_kelas_admin_view.php on line 59.
 1 APPPATH\Views\admin\input_kelas_admin_view.php(59): CodeIgniter\Debug\Exceptions->errorHandler(2, 'Undefined variable $nama_lengkap', 'D:\\Udin\\SMP 1\\web\\administrasi\\app\\Views\\admin\\input_kelas_admin_view.php', 59)
 2 SYSTEMPATH\View\View.php(228): include('D:\\Udin\\SMP 1\\web\\administrasi\\app\\Views\\admin\\input_kelas_admin_view.php')
 3 SYSTEMPATH\View\View.php(231): CodeIgniter\View\View->CodeIgniter\View\{closure}()
 4 SYSTEMPATH\Common.php(1190): CodeIgniter\View\View->render('/admin/input_kelas_admin_view', [], true)
 5 APPPATH\Controllers\Admin.php(297): view('/admin/input_kelas_admin_view', [...])
 6 SYSTEMPATH\CodeIgniter.php(942): App\Controllers\Admin->tambah_kelas()
 7 SYSTEMPATH\CodeIgniter.php(502): CodeIgniter\CodeIgniter->runController(Object(App\Controllers\Admin))
 8 SYSTEMPATH\CodeIgniter.php(361): CodeIgniter\CodeIgniter->handleRequest(null, Object(Config\Cache), false)
 9 FCPATH\index.php(79): CodeIgniter\CodeIgniter->run()
10 SYSTEMPATH\Commands\Server\rewrite.php(47): require_once('D:\\Udin\\SMP 1\\web\\administrasi\\public\\index.php')
INFO - 2024-07-01 08:12:40 --> Session: Class initialized using 'CodeIgniter\Session\Handlers\FileHandler' driver.
INFO - 2024-07-01 08:12:54 --> Session: Class initialized using 'CodeIgniter\Session\Handlers\FileHandler' driver.
INFO - 2024-07-01 08:17:33 --> Session: Class initialized using 'CodeIgniter\Session\Handlers\FileHandler' driver.
INFO - 2024-07-01 08:17:35 --> Session: Class initialized using 'CodeIgniter\Session\Handlers\FileHandler' driver.
INFO - 2024-07-01 08:17:38 --> Session: Class initialized using 'CodeIgniter\Session\Handlers\FileHandler' driver.
INFO - 2024-07-01 08:17:42 --> Session: Class initialized using 'CodeIgniter\Session\Handlers\FileHandler' driver.
INFO - 2024-07-01 08:17:42 --> Session: Class initialized using 'CodeIgniter\Session\Handlers\FileHandler' driver.
INFO - 2024-07-01 08:17:43 --> Session: Class initialized using 'CodeIgniter\Session\Handlers\FileHandler' driver.
INFO - 2024-07-01 08:17:43 --> Session: Class initialized using 'CodeIgniter\Session\Handlers\FileHandler' driver.
INFO - 2024-07-01 08:17:46 --> Session: Class initialized using 'CodeIgniter\Session\Handlers\FileHandler' driver.
INFO - 2024-07-01 08:17:46 --> Session: Class initialized using 'CodeIgniter\Session\Handlers\FileHandler' driver.
INFO - 2024-07-01 08:17:48 --> Session: Class initialized using 'CodeIgniter\Session\Handlers\FileHandler' driver.
INFO - 2024-07-01 08:17:48 --> Session: Class initialized using 'CodeIgniter\Session\Handlers\FileHandler' driver.
INFO - 2024-07-01 08:17:49 --> Session: Class initialized using 'CodeIgniter\Session\Handlers\FileHandler' driver.
INFO - 2024-07-01 08:17:49 --> Session: Class initialized using 'CodeIgniter\Session\Handlers\FileHandler' driver.
INFO - 2024-07-01 08:17:52 --> Session: Class initialized using 'CodeIgniter\Session\Handlers\FileHandler' driver.
INFO - 2024-07-01 08:17:52 --> Session: Class initialized using 'CodeIgniter\Session\Handlers\FileHandler' driver.
CRITICAL - 2024-07-01 14:50:36 --> Class "Locale" not found
in SYSTEMPATH\CodeIgniter.php on line 218.
 1 ROOTPATH\spark(88): CodeIgniter\CodeIgniter->initialize()
CRITICAL - 2024-07-01 14:50:36 --> Uncaught Error: Class "Locale" not found in D:\Udin\SMP 1\web\administrasi\system\I18n\TimeTrait.php:74
Stack trace:
#0 D:\Udin\SMP 1\web\administrasi\system\I18n\TimeTrait.php(115): CodeIgniter\I18n\Time->__construct(NULL, NULL, NULL)
#1 D:\Udin\SMP 1\web\administrasi\system\HTTP\ResponseTrait.php(468): CodeIgniter\I18n\Time::now()
#2 D:\Udin\SMP 1\web\administrasi\system\HTTP\ResponseTrait.php(446): CodeIgniter\HTTP\Response->sendHeaders()
#3 D:\Udin\SMP 1\web\administrasi\system\Debug\ExceptionHandler.php(81): CodeIgniter\HTTP\Response->send()
#4 D:\Udin\SMP 1\web\administrasi\system\Debug\Exceptions.php(148): CodeIgniter\Debug\ExceptionHandler->handle(Object(Error), Object(CodeIgniter\HTTP\IncomingRequest), Object(CodeIgniter\HTTP\Response), 500, 1)
#5 [internal function]: CodeIgniter\Debug\Exceptions->exceptionHandler(Object(Error))
#6 {main}
  thrown
【Previous Exception】
Error
Class "Locale" not found
#0 D:\Udin\SMP 1\web\administrasi\spark(88): CodeIgniter\CodeIgniter->initialize()
#1 {main}
in SYSTEMPATH\I18n\TimeTrait.php on line 74.
 1 [internal function]: CodeIgniter\Debug\Exceptions->shutdownHandler()
INFO - 2024-07-01 12:52:11 --> Session: Class initialized using 'CodeIgniter\Session\Handlers\FileHandler' driver.
INFO - 2024-07-01 12:52:18 --> Session: Class initialized using 'CodeIgniter\Session\Handlers\FileHandler' driver.
INFO - 2024-07-01 12:52:18 --> Session: Class initialized using 'CodeIgniter\Session\Handlers\FileHandler' driver.
INFO - 2024-07-01 12:52:22 --> Session: Class initialized using 'CodeIgniter\Session\Handlers\FileHandler' driver.
INFO - 2024-07-01 12:52:25 --> Session: Class initialized using 'CodeIgniter\Session\Handlers\FileHandler' driver.
INFO - 2024-07-01 12:52:25 --> Session: Class initialized using 'CodeIgniter\Session\Handlers\FileHandler' driver.
INFO - 2024-07-01 12:52:27 --> Session: Class initialized using 'CodeIgniter\Session\Handlers\FileHandler' driver.
INFO - 2024-07-01 12:52:27 --> Session: Class initialized using 'CodeIgniter\Session\Handlers\FileHandler' driver.
INFO - 2024-07-01 12:52:29 --> Session: Class initialized using 'CodeIgniter\Session\Handlers\FileHandler' driver.
INFO - 2024-07-01 12:52:29 --> Session: Class initialized using 'CodeIgniter\Session\Handlers\FileHandler' driver.
INFO - 2024-07-01 12:52:31 --> Session: Class initialized using 'CodeIgniter\Session\Handlers\FileHandler' driver.
INFO - 2024-07-01 12:52:32 --> Session: Class initialized using 'CodeIgniter\Session\Handlers\FileHandler' driver.
INFO - 2024-07-01 12:52:34 --> Session: Class initialized using 'CodeIgniter\Session\Handlers\FileHandler' driver.
INFO - 2024-07-01 12:52:34 --> Session: Class initialized using 'CodeIgniter\Session\Handlers\FileHandler' driver.
INFO - 2024-07-01 12:52:45 --> Session: Class initialized using 'CodeIgniter\Session\Handlers\FileHandler' driver.
INFO - 2024-07-01 12:52:50 --> Session: Class initialized using 'CodeIgniter\Session\Handlers\FileHandler' driver.
INFO - 2024-07-01 12:54:37 --> Session: Class initialized using 'CodeIgniter\Session\Handlers\FileHandler' driver.
INFO - 2024-07-01 12:54:39 --> Session: Class initialized using 'CodeIgniter\Session\Handlers\FileHandler' driver.
INFO - 2024-07-01 12:57:29 --> Session: Class initialized using 'CodeIgniter\Session\Handlers\FileHandler' driver.
INFO - 2024-07-01 12:57:31 --> Session: Class initialized using 'CodeIgniter\Session\Handlers\FileHandler' driver.
INFO - 2024-07-01 12:57:36 --> Session: Class initialized using 'CodeIgniter\Session\Handlers\FileHandler' driver.
INFO - 2024-07-01 12:57:46 --> Session: Class initialized using 'CodeIgniter\Session\Handlers\FileHandler' driver.
INFO - 2024-07-01 12:57:53 --> Session: Class initialized using 'CodeIgniter\Session\Handlers\FileHandler' driver.
INFO - 2024-07-01 12:58:06 --> Session: Class initialized using 'CodeIgniter\Session\Handlers\FileHandler' driver.
INFO - 2024-07-01 12:58:08 --> Session: Class initialized using 'CodeIgniter\Session\Handlers\FileHandler' driver.
INFO - 2024-07-01 12:58:12 --> Session: Class initialized using 'CodeIgniter\Session\Handlers\FileHandler' driver.
INFO - 2024-07-01 12:58:48 --> Session: Class initialized using 'CodeIgniter\Session\Handlers\FileHandler' driver.
INFO - 2024-07-01 12:58:57 --> Session: Class initialized using 'CodeIgniter\Session\Handlers\FileHandler' driver.
INFO - 2024-07-01 12:59:08 --> Session: Class initialized using 'CodeIgniter\Session\Handlers\FileHandler' driver.
INFO - 2024-07-01 12:59:08 --> Session: Class initialized using 'CodeIgniter\Session\Handlers\FileHandler' driver.
INFO - 2024-07-01 12:59:12 --> Session: Class initialized using 'CodeIgniter\Session\Handlers\FileHandler' driver.
INFO - 2024-07-01 12:59:16 --> Session: Class initialized using 'CodeIgniter\Session\Handlers\FileHandler' driver.
INFO - 2024-07-01 12:59:54 --> Session: Class initialized using 'CodeIgniter\Session\Handlers\FileHandler' driver.
INFO - 2024-07-01 13:00:09 --> Session: Class initialized using 'CodeIgniter\Session\Handlers\FileHandler' driver.
INFO - 2024-07-01 13:00:09 --> Session: Class initialized using 'CodeIgniter\Session\Handlers\FileHandler' driver.
INFO - 2024-07-01 13:00:19 --> Session: Class initialized using 'CodeIgniter\Session\Handlers\FileHandler' driver.
INFO - 2024-07-01 13:00:19 --> Session: Class initialized using 'CodeIgniter\Session\Handlers\FileHandler' driver.
INFO - 2024-07-01 13:00:23 --> Session: Class initialized using 'CodeIgniter\Session\Handlers\FileHandler' driver.
INFO - 2024-07-01 13:00:26 --> Session: Class initialized using 'CodeIgniter\Session\Handlers\FileHandler' driver.
INFO - 2024-07-01 13:32:59 --> Session: Class initialized using 'CodeIgniter\Session\Handlers\FileHandler' driver.
INFO - 2024-07-01 13:35:26 --> Session: Class initialized using 'CodeIgniter\Session\Handlers\FileHandler' driver.
INFO - 2024-07-01 13:38:25 --> Session: Class initialized using 'CodeIgniter\Session\Handlers\FileHandler' driver.
INFO - 2024-07-01 13:39:00 --> Session: Class initialized using 'CodeIgniter\Session\Handlers\FileHandler' driver.
INFO - 2024-07-01 13:41:17 --> Session: Class initialized using 'CodeIgniter\Session\Handlers\FileHandler' driver.
INFO - 2024-07-01 13:43:17 --> Session: Class initialized using 'CodeIgniter\Session\Handlers\FileHandler' driver.
ERROR - 2024-07-01 13:43:17 --> mysqli_sql_exception: Table 'administrasi.media_pembelajaran' doesn't exist in D:\Udin\SMP 1\web\administrasi\system\Database\MySQLi\Connection.php:306
Stack trace:
#0 D:\Udin\SMP 1\web\administrasi\system\Database\MySQLi\Connection.php(306): mysqli->query('SELECT *\nFROM `...', 0)
#1 D:\Udin\SMP 1\web\administrasi\system\Database\BaseConnection.php(693): CodeIgniter\Database\MySQLi\Connection->execute('SELECT *\nFROM `...')
#2 D:\Udin\SMP 1\web\administrasi\system\Database\BaseConnection.php(607): CodeIgniter\Database\BaseConnection->simpleQuery('SELECT *\nFROM `...')
#3 D:\Udin\SMP 1\web\administrasi\system\Database\BaseBuilder.php(1615): CodeIgniter\Database\BaseConnection->query('SELECT *\nFROM `...', Array, false)
#4 D:\Udin\SMP 1\web\administrasi\system\Model.php(237): CodeIgniter\Database\BaseBuilder->get()
#5 D:\Udin\SMP 1\web\administrasi\system\BaseModel.php(624): CodeIgniter\Model->doFindAll(0, 0)
#6 D:\Udin\SMP 1\web\administrasi\app\Controllers\Guru.php(54): CodeIgniter\BaseModel->findAll()
#7 D:\Udin\SMP 1\web\administrasi\system\CodeIgniter.php(942): App\Controllers\Guru->tambah_jurnal()
#8 D:\Udin\SMP 1\web\administrasi\system\CodeIgniter.php(502): CodeIgniter\CodeIgniter->runController(Object(App\Controllers\Guru))
#9 D:\Udin\SMP 1\web\administrasi\system\CodeIgniter.php(361): CodeIgniter\CodeIgniter->handleRequest(NULL, Object(Config\Cache), false)
#10 D:\Udin\SMP 1\web\administrasi\public\index.php(79): CodeIgniter\CodeIgniter->run()
#11 D:\Udin\SMP 1\web\administrasi\system\Commands\Server\rewrite.php(47): require_once('D:\\Udin\\SMP 1\\w...')
#12 {main}
CRITICAL - 2024-07-01 13:43:17 --> Table 'administrasi.media_pembelajaran' doesn't exist
in SYSTEMPATH\Database\BaseConnection.php on line 647.
 1 SYSTEMPATH\Database\BaseBuilder.php(1615): CodeIgniter\Database\BaseConnection->query('SELECT *
FROM `media_pembelajaran`', [], false)
 2 SYSTEMPATH\Model.php(237): CodeIgniter\Database\BaseBuilder->get()
 3 SYSTEMPATH\BaseModel.php(624): CodeIgniter\Model->doFindAll(0, 0)
 4 APPPATH\Controllers\Guru.php(54): CodeIgniter\BaseModel->findAll()
 5 SYSTEMPATH\CodeIgniter.php(942): App\Controllers\Guru->tambah_jurnal()
 6 SYSTEMPATH\CodeIgniter.php(502): CodeIgniter\CodeIgniter->runController(Object(App\Controllers\Guru))
 7 SYSTEMPATH\CodeIgniter.php(361): CodeIgniter\CodeIgniter->handleRequest(null, Object(Config\Cache), false)
 8 FCPATH\index.php(79): CodeIgniter\CodeIgniter->run()
 9 SYSTEMPATH\Commands\Server\rewrite.php(47): require_once('D:\\Udin\\SMP 1\\web\\administrasi\\public\\index.php')
INFO - 2024-07-01 13:43:45 --> Session: Class initialized using 'CodeIgniter\Session\Handlers\FileHandler' driver.
INFO - 2024-07-01 13:44:17 --> Session: Class initialized using 'CodeIgniter\Session\Handlers\FileHandler' driver.
INFO - 2024-07-01 13:44:18 --> Session: Class initialized using 'CodeIgniter\Session\Handlers\FileHandler' driver.
INFO - 2024-07-01 13:44:26 --> Session: Class initialized using 'CodeIgniter\Session\Handlers\FileHandler' driver.
INFO - 2024-07-01 13:44:26 --> Session: Class initialized using 'CodeIgniter\Session\Handlers\FileHandler' driver.
INFO - 2024-07-01 13:44:31 --> Session: Class initialized using 'CodeIgniter\Session\Handlers\FileHandler' driver.
INFO - 2024-07-01 13:44:31 --> Session: Class initialized using 'CodeIgniter\Session\Handlers\FileHandler' driver.
INFO - 2024-07-01 13:44:35 --> Session: Class initialized using 'CodeIgniter\Session\Handlers\FileHandler' driver.
INFO - 2024-07-01 13:44:35 --> Session: Class initialized using 'CodeIgniter\Session\Handlers\FileHandler' driver.
INFO - 2024-07-01 13:44:40 --> Session: Class initialized using 'CodeIgniter\Session\Handlers\FileHandler' driver.
INFO - 2024-07-01 13:44:40 --> Session: Class initialized using 'CodeIgniter\Session\Handlers\FileHandler' driver.
INFO - 2024-07-01 13:45:53 --> Session: Class initialized using 'CodeIgniter\Session\Handlers\FileHandler' driver.
INFO - 2024-07-01 13:45:54 --> Session: Class initialized using 'CodeIgniter\Session\Handlers\FileHandler' driver.
ERROR - 2024-07-01 13:45:54 --> mysqli_sql_exception: Table 'administrasi.media_pembelajaran' doesn't exist in D:\Udin\SMP 1\web\administrasi\system\Database\MySQLi\Connection.php:306
Stack trace:
#0 D:\Udin\SMP 1\web\administrasi\system\Database\MySQLi\Connection.php(306): mysqli->query('SELECT *\nFROM `...', 0)
#1 D:\Udin\SMP 1\web\administrasi\system\Database\BaseConnection.php(693): CodeIgniter\Database\MySQLi\Connection->execute('SELECT *\nFROM `...')
#2 D:\Udin\SMP 1\web\administrasi\system\Database\BaseConnection.php(607): CodeIgniter\Database\BaseConnection->simpleQuery('SELECT *\nFROM `...')
#3 D:\Udin\SMP 1\web\administrasi\system\Database\BaseBuilder.php(1615): CodeIgniter\Database\BaseConnection->query('SELECT *\nFROM `...', Array, false)
#4 D:\Udin\SMP 1\web\administrasi\system\Model.php(237): CodeIgniter\Database\BaseBuilder->get()
#5 D:\Udin\SMP 1\web\administrasi\system\BaseModel.php(624): CodeIgniter\Model->doFindAll(0, 0)
#6 D:\Udin\SMP 1\web\administrasi\app\Controllers\Guru.php(54): CodeIgniter\BaseModel->findAll()
#7 D:\Udin\SMP 1\web\administrasi\system\CodeIgniter.php(942): App\Controllers\Guru->tambah_jurnal()
#8 D:\Udin\SMP 1\web\administrasi\system\CodeIgniter.php(502): CodeIgniter\CodeIgniter->runController(Object(App\Controllers\Guru))
#9 D:\Udin\SMP 1\web\administrasi\system\CodeIgniter.php(361): CodeIgniter\CodeIgniter->handleRequest(NULL, Object(Config\Cache), false)
#10 D:\Udin\SMP 1\web\administrasi\public\index.php(79): CodeIgniter\CodeIgniter->run()
#11 D:\Udin\SMP 1\web\administrasi\system\Commands\Server\rewrite.php(47): require_once('D:\\Udin\\SMP 1\\w...')
#12 {main}
CRITICAL - 2024-07-01 13:45:54 --> Table 'administrasi.media_pembelajaran' doesn't exist
in SYSTEMPATH\Database\BaseConnection.php on line 647.
 1 SYSTEMPATH\Database\BaseBuilder.php(1615): CodeIgniter\Database\BaseConnection->query('SELECT *
FROM `media_pembelajaran`', [], false)
 2 SYSTEMPATH\Model.php(237): CodeIgniter\Database\BaseBuilder->get()
 3 SYSTEMPATH\BaseModel.php(624): CodeIgniter\Model->doFindAll(0, 0)
 4 APPPATH\Controllers\Guru.php(54): CodeIgniter\BaseModel->findAll()
 5 SYSTEMPATH\CodeIgniter.php(942): App\Controllers\Guru->tambah_jurnal()
 6 SYSTEMPATH\CodeIgniter.php(502): CodeIgniter\CodeIgniter->runController(Object(App\Controllers\Guru))
 7 SYSTEMPATH\CodeIgniter.php(361): CodeIgniter\CodeIgniter->handleRequest(null, Object(Config\Cache), false)
 8 FCPATH\index.php(79): CodeIgniter\CodeIgniter->run()
 9 SYSTEMPATH\Commands\Server\rewrite.php(47): require_once('D:\\Udin\\SMP 1\\web\\administrasi\\public\\index.php')
INFO - 2024-07-01 13:46:00 --> Session: Class initialized using 'CodeIgniter\Session\Handlers\FileHandler' driver.
ERROR - 2024-07-01 13:46:00 --> mysqli_sql_exception: Table 'administrasi.media_pembelajaran' doesn't exist in D:\Udin\SMP 1\web\administrasi\system\Database\MySQLi\Connection.php:306
Stack trace:
#0 D:\Udin\SMP 1\web\administrasi\system\Database\MySQLi\Connection.php(306): mysqli->query('SELECT *\nFROM `...', 0)
#1 D:\Udin\SMP 1\web\administrasi\system\Database\BaseConnection.php(693): CodeIgniter\Database\MySQLi\Connection->execute('SELECT *\nFROM `...')
#2 D:\Udin\SMP 1\web\administrasi\system\Database\BaseConnection.php(607): CodeIgniter\Database\BaseConnection->simpleQuery('SELECT *\nFROM `...')
#3 D:\Udin\SMP 1\web\administrasi\system\Database\BaseBuilder.php(1615): CodeIgniter\Database\BaseConnection->query('SELECT *\nFROM `...', Array, false)
#4 D:\Udin\SMP 1\web\administrasi\system\Model.php(237): CodeIgniter\Database\BaseBuilder->get()
#5 D:\Udin\SMP 1\web\administrasi\system\BaseModel.php(624): CodeIgniter\Model->doFindAll(0, 0)
#6 D:\Udin\SMP 1\web\administrasi\app\Controllers\Guru.php(54): CodeIgniter\BaseModel->findAll()
#7 D:\Udin\SMP 1\web\administrasi\system\CodeIgniter.php(942): App\Controllers\Guru->tambah_jurnal()
#8 D:\Udin\SMP 1\web\administrasi\system\CodeIgniter.php(502): CodeIgniter\CodeIgniter->runController(Object(App\Controllers\Guru))
#9 D:\Udin\SMP 1\web\administrasi\system\CodeIgniter.php(361): CodeIgniter\CodeIgniter->handleRequest(NULL, Object(Config\Cache), false)
#10 D:\Udin\SMP 1\web\administrasi\public\index.php(79): CodeIgniter\CodeIgniter->run()
#11 D:\Udin\SMP 1\web\administrasi\system\Commands\Server\rewrite.php(47): require_once('D:\\Udin\\SMP 1\\w...')
#12 {main}
CRITICAL - 2024-07-01 13:46:00 --> Table 'administrasi.media_pembelajaran' doesn't exist
in SYSTEMPATH\Database\BaseConnection.php on line 647.
 1 SYSTEMPATH\Database\BaseBuilder.php(1615): CodeIgniter\Database\BaseConnection->query('SELECT *
FROM `media_pembelajaran`', [], false)
 2 SYSTEMPATH\Model.php(237): CodeIgniter\Database\BaseBuilder->get()
 3 SYSTEMPATH\BaseModel.php(624): CodeIgniter\Model->doFindAll(0, 0)
 4 APPPATH\Controllers\Guru.php(54): CodeIgniter\BaseModel->findAll()
 5 SYSTEMPATH\CodeIgniter.php(942): App\Controllers\Guru->tambah_jurnal()
 6 SYSTEMPATH\CodeIgniter.php(502): CodeIgniter\CodeIgniter->runController(Object(App\Controllers\Guru))
 7 SYSTEMPATH\CodeIgniter.php(361): CodeIgniter\CodeIgniter->handleRequest(null, Object(Config\Cache), false)
 8 FCPATH\index.php(79): CodeIgniter\CodeIgniter->run()
 9 SYSTEMPATH\Commands\Server\rewrite.php(47): require_once('D:\\Udin\\SMP 1\\web\\administrasi\\public\\index.php')
INFO - 2024-07-01 13:46:02 --> Session: Class initialized using 'CodeIgniter\Session\Handlers\FileHandler' driver.
ERROR - 2024-07-01 13:46:02 --> mysqli_sql_exception: Table 'administrasi.media_pembelajaran' doesn't exist in D:\Udin\SMP 1\web\administrasi\system\Database\MySQLi\Connection.php:306
Stack trace:
#0 D:\Udin\SMP 1\web\administrasi\system\Database\MySQLi\Connection.php(306): mysqli->query('SELECT *\nFROM `...', 0)
#1 D:\Udin\SMP 1\web\administrasi\system\Database\BaseConnection.php(693): CodeIgniter\Database\MySQLi\Connection->execute('SELECT *\nFROM `...')
#2 D:\Udin\SMP 1\web\administrasi\system\Database\BaseConnection.php(607): CodeIgniter\Database\BaseConnection->simpleQuery('SELECT *\nFROM `...')
#3 D:\Udin\SMP 1\web\administrasi\system\Database\BaseBuilder.php(1615): CodeIgniter\Database\BaseConnection->query('SELECT *\nFROM `...', Array, false)
#4 D:\Udin\SMP 1\web\administrasi\system\Model.php(237): CodeIgniter\Database\BaseBuilder->get()
#5 D:\Udin\SMP 1\web\administrasi\system\BaseModel.php(624): CodeIgniter\Model->doFindAll(0, 0)
#6 D:\Udin\SMP 1\web\administrasi\app\Controllers\Guru.php(54): CodeIgniter\BaseModel->findAll()
#7 D:\Udin\SMP 1\web\administrasi\system\CodeIgniter.php(942): App\Controllers\Guru->tambah_jurnal()
#8 D:\Udin\SMP 1\web\administrasi\system\CodeIgniter.php(502): CodeIgniter\CodeIgniter->runController(Object(App\Controllers\Guru))
#9 D:\Udin\SMP 1\web\administrasi\system\CodeIgniter.php(361): CodeIgniter\CodeIgniter->handleRequest(NULL, Object(Config\Cache), false)
#10 D:\Udin\SMP 1\web\administrasi\public\index.php(79): CodeIgniter\CodeIgniter->run()
#11 D:\Udin\SMP 1\web\administrasi\system\Commands\Server\rewrite.php(47): require_once('D:\\Udin\\SMP 1\\w...')
#12 {main}
CRITICAL - 2024-07-01 13:46:02 --> Table 'administrasi.media_pembelajaran' doesn't exist
in SYSTEMPATH\Database\BaseConnection.php on line 647.
 1 SYSTEMPATH\Database\BaseBuilder.php(1615): CodeIgniter\Database\BaseConnection->query('SELECT *
FROM `media_pembelajaran`', [], false)
 2 SYSTEMPATH\Model.php(237): CodeIgniter\Database\BaseBuilder->get()
 3 SYSTEMPATH\BaseModel.php(624): CodeIgniter\Model->doFindAll(0, 0)
 4 APPPATH\Controllers\Guru.php(54): CodeIgniter\BaseModel->findAll()
 5 SYSTEMPATH\CodeIgniter.php(942): App\Controllers\Guru->tambah_jurnal()
 6 SYSTEMPATH\CodeIgniter.php(502): CodeIgniter\CodeIgniter->runController(Object(App\Controllers\Guru))
 7 SYSTEMPATH\CodeIgniter.php(361): CodeIgniter\CodeIgniter->handleRequest(null, Object(Config\Cache), false)
 8 FCPATH\index.php(79): CodeIgniter\CodeIgniter->run()
 9 SYSTEMPATH\Commands\Server\rewrite.php(47): require_once('D:\\Udin\\SMP 1\\web\\administrasi\\public\\index.php')
CRITICAL - 2024-07-01 13:46:13 --> Class "App\Models\MediaPembelajaran" not found
in APPPATH\Controllers\Guru.php on line 48.
 1 SYSTEMPATH\CodeIgniter.php(942): App\Controllers\Guru->tambah_jurnal()
 2 SYSTEMPATH\CodeIgniter.php(502): CodeIgniter\CodeIgniter->runController(Object(App\Controllers\Guru))
 3 SYSTEMPATH\CodeIgniter.php(361): CodeIgniter\CodeIgniter->handleRequest(null, Object(Config\Cache), false)
 4 FCPATH\index.php(79): CodeIgniter\CodeIgniter->run()
 5 SYSTEMPATH\Commands\Server\rewrite.php(47): require_once('D:\\Udin\\SMP 1\\web\\administrasi\\public\\index.php')
CRITICAL - 2024-07-01 13:46:14 --> Class "App\Models\MediaPembelajaran" not found
in APPPATH\Controllers\Guru.php on line 48.
 1 SYSTEMPATH\CodeIgniter.php(942): App\Controllers\Guru->tambah_jurnal()
 2 SYSTEMPATH\CodeIgniter.php(502): CodeIgniter\CodeIgniter->runController(Object(App\Controllers\Guru))
 3 SYSTEMPATH\CodeIgniter.php(361): CodeIgniter\CodeIgniter->handleRequest(null, Object(Config\Cache), false)
 4 FCPATH\index.php(79): CodeIgniter\CodeIgniter->run()
 5 SYSTEMPATH\Commands\Server\rewrite.php(47): require_once('D:\\Udin\\SMP 1\\web\\administrasi\\public\\index.php')
INFO - 2024-07-01 13:46:44 --> Session: Class initialized using 'CodeIgniter\Session\Handlers\FileHandler' driver.
