INFO - 2024-05-21 08:50:47 --> Session: Class initialized using 'CodeIgniter\Session\Handlers\FileHandler' driver.
INFO - 2024-05-21 08:56:03 --> Session: Class initialized using 'CodeIgniter\Session\Handlers\FileHandler' driver.
INFO - 2024-05-21 08:56:06 --> Session: Class initialized using 'CodeIgniter\Session\Handlers\FileHandler' driver.
INFO - 2024-05-21 08:56:49 --> Session: Class initialized using 'CodeIgniter\Session\Handlers\FileHandler' driver.
INFO - 2024-05-21 08:57:07 --> Session: Class initialized using 'CodeIgniter\Session\Handlers\FileHandler' driver.
INFO - 2024-05-21 08:59:34 --> Session: Class initialized using 'CodeIgniter\Session\Handlers\FileHandler' driver.
INFO - 2024-05-21 09:00:02 --> Session: Class initialized using 'CodeIgniter\Session\Handlers\FileHandler' driver.
INFO - 2024-05-21 09:00:28 --> Session: Class initialized using 'CodeIgniter\Session\Handlers\FileHandler' driver.
INFO - 2024-05-21 09:00:30 --> Session: Class initialized using 'CodeIgniter\Session\Handlers\FileHandler' driver.
INFO - 2024-05-21 09:00:53 --> Session: Class initialized using 'CodeIgniter\Session\Handlers\FileHandler' driver.
INFO - 2024-05-21 09:01:37 --> Session: Class initialized using 'CodeIgniter\Session\Handlers\FileHandler' driver.
INFO - 2024-05-21 09:01:39 --> Session: Class initialized using 'CodeIgniter\Session\Handlers\FileHandler' driver.
INFO - 2024-05-21 09:01:43 --> Session: Class initialized using 'CodeIgniter\Session\Handlers\FileHandler' driver.
INFO - 2024-05-21 09:01:44 --> Session: Class initialized using 'CodeIgniter\Session\Handlers\FileHandler' driver.
INFO - 2024-05-21 09:01:51 --> Session: Class initialized using 'CodeIgniter\Session\Handlers\FileHandler' driver.
INFO - 2024-05-21 09:01:52 --> Session: Class initialized using 'CodeIgniter\Session\Handlers\FileHandler' driver.
INFO - 2024-05-21 09:01:53 --> Session: Class initialized using 'CodeIgniter\Session\Handlers\FileHandler' driver.
INFO - 2024-05-21 09:02:16 --> Session: Class initialized using 'CodeIgniter\Session\Handlers\FileHandler' driver.
INFO - 2024-05-21 09:02:17 --> Session: Class initialized using 'CodeIgniter\Session\Handlers\FileHandler' driver.
INFO - 2024-05-21 09:02:18 --> Session: Class initialized using 'CodeIgniter\Session\Handlers\FileHandler' driver.
INFO - 2024-05-21 09:02:18 --> Session: Class initialized using 'CodeIgniter\Session\Handlers\FileHandler' driver.
INFO - 2024-05-21 09:02:55 --> Session: Class initialized using 'CodeIgniter\Session\Handlers\FileHandler' driver.
INFO - 2024-05-21 09:02:56 --> Session: Class initialized using 'CodeIgniter\Session\Handlers\FileHandler' driver.
INFO - 2024-05-21 09:03:13 --> Session: Class initialized using 'CodeIgniter\Session\Handlers\FileHandler' driver.
INFO - 2024-05-21 09:04:44 --> Session: Class initialized using 'CodeIgniter\Session\Handlers\FileHandler' driver.
INFO - 2024-05-21 09:04:45 --> Session: Class initialized using 'CodeIgniter\Session\Handlers\FileHandler' driver.
INFO - 2024-05-21 09:04:49 --> Session: Class initialized using 'CodeIgniter\Session\Handlers\FileHandler' driver.
INFO - 2024-05-21 09:04:51 --> Session: Class initialized using 'CodeIgniter\Session\Handlers\FileHandler' driver.
INFO - 2024-05-21 09:06:47 --> Session: Class initialized using 'CodeIgniter\Session\Handlers\FileHandler' driver.
INFO - 2024-05-21 09:06:48 --> Session: Class initialized using 'CodeIgniter\Session\Handlers\FileHandler' driver.
INFO - 2024-05-21 09:07:09 --> Session: Class initialized using 'CodeIgniter\Session\Handlers\FileHandler' driver.
INFO - 2024-05-21 09:07:10 --> Session: Class initialized using 'CodeIgniter\Session\Handlers\FileHandler' driver.
INFO - 2024-05-21 09:07:11 --> Session: Class initialized using 'CodeIgniter\Session\Handlers\FileHandler' driver.
INFO - 2024-05-21 09:07:14 --> Session: Class initialized using 'CodeIgniter\Session\Handlers\FileHandler' driver.
INFO - 2024-05-21 09:08:51 --> Session: Class initialized using 'CodeIgniter\Session\Handlers\FileHandler' driver.
INFO - 2024-05-21 09:08:52 --> Session: Class initialized using 'CodeIgniter\Session\Handlers\FileHandler' driver.
INFO - 2024-05-21 09:08:57 --> Session: Class initialized using 'CodeIgniter\Session\Handlers\FileHandler' driver.
INFO - 2024-05-21 09:09:02 --> Session: Class initialized using 'CodeIgniter\Session\Handlers\FileHandler' driver.
INFO - 2024-05-21 09:09:03 --> Session: Class initialized using 'CodeIgniter\Session\Handlers\FileHandler' driver.
INFO - 2024-05-21 09:09:07 --> Session: Class initialized using 'CodeIgniter\Session\Handlers\FileHandler' driver.
INFO - 2024-05-21 09:09:08 --> Session: Class initialized using 'CodeIgniter\Session\Handlers\FileHandler' driver.
INFO - 2024-05-21 09:09:09 --> Session: Class initialized using 'CodeIgniter\Session\Handlers\FileHandler' driver.
INFO - 2024-05-21 09:09:11 --> Session: Class initialized using 'CodeIgniter\Session\Handlers\FileHandler' driver.
INFO - 2024-05-21 09:09:12 --> Session: Class initialized using 'CodeIgniter\Session\Handlers\FileHandler' driver.
INFO - 2024-05-21 09:09:13 --> Session: Class initialized using 'CodeIgniter\Session\Handlers\FileHandler' driver.
INFO - 2024-05-21 09:09:16 --> Session: Class initialized using 'CodeIgniter\Session\Handlers\FileHandler' driver.
INFO - 2024-05-21 09:09:17 --> Session: Class initialized using 'CodeIgniter\Session\Handlers\FileHandler' driver.
INFO - 2024-05-21 09:09:18 --> Session: Class initialized using 'CodeIgniter\Session\Handlers\FileHandler' driver.
INFO - 2024-05-21 09:09:44 --> Session: Class initialized using 'CodeIgniter\Session\Handlers\FileHandler' driver.
INFO - 2024-05-21 09:09:45 --> Session: Class initialized using 'CodeIgniter\Session\Handlers\FileHandler' driver.
INFO - 2024-05-21 09:09:46 --> Session: Class initialized using 'CodeIgniter\Session\Handlers\FileHandler' driver.
INFO - 2024-05-21 09:09:54 --> Session: Class initialized using 'CodeIgniter\Session\Handlers\FileHandler' driver.
INFO - 2024-05-21 09:10:28 --> Session: Class initialized using 'CodeIgniter\Session\Handlers\FileHandler' driver.
INFO - 2024-05-21 09:10:29 --> Session: Class initialized using 'CodeIgniter\Session\Handlers\FileHandler' driver.
INFO - 2024-05-21 09:11:16 --> Session: Class initialized using 'CodeIgniter\Session\Handlers\FileHandler' driver.
INFO - 2024-05-21 09:11:16 --> Session: Class initialized using 'CodeIgniter\Session\Handlers\FileHandler' driver.
INFO - 2024-05-21 09:11:17 --> Session: Class initialized using 'CodeIgniter\Session\Handlers\FileHandler' driver.
INFO - 2024-05-21 09:11:30 --> Session: Class initialized using 'CodeIgniter\Session\Handlers\FileHandler' driver.
INFO - 2024-05-21 09:11:31 --> Session: Class initialized using 'CodeIgniter\Session\Handlers\FileHandler' driver.
INFO - 2024-05-21 09:23:05 --> Session: Class initialized using 'CodeIgniter\Session\Handlers\FileHandler' driver.
INFO - 2024-05-21 09:36:36 --> Session: Class initialized using 'CodeIgniter\Session\Handlers\FileHandler' driver.
INFO - 2024-05-21 09:36:38 --> Session: Class initialized using 'CodeIgniter\Session\Handlers\FileHandler' driver.
INFO - 2024-05-21 09:40:02 --> Session: Class initialized using 'CodeIgniter\Session\Handlers\FileHandler' driver.
INFO - 2024-05-21 09:40:56 --> Session: Class initialized using 'CodeIgniter\Session\Handlers\FileHandler' driver.
INFO - 2024-05-21 09:42:10 --> Session: Class initialized using 'CodeIgniter\Session\Handlers\FileHandler' driver.
INFO - 2024-05-21 09:43:32 --> Session: Class initialized using 'CodeIgniter\Session\Handlers\FileHandler' driver.
INFO - 2024-05-21 09:44:07 --> Session: Class initialized using 'CodeIgniter\Session\Handlers\FileHandler' driver.
INFO - 2024-05-21 09:44:33 --> Session: Class initialized using 'CodeIgniter\Session\Handlers\FileHandler' driver.
INFO - 2024-05-21 09:45:02 --> Session: Class initialized using 'CodeIgniter\Session\Handlers\FileHandler' driver.
INFO - 2024-05-21 09:45:10 --> Session: Class initialized using 'CodeIgniter\Session\Handlers\FileHandler' driver.
INFO - 2024-05-21 09:45:10 --> Session: Class initialized using 'CodeIgniter\Session\Handlers\FileHandler' driver.
INFO - 2024-05-21 09:45:28 --> Session: Class initialized using 'CodeIgniter\Session\Handlers\FileHandler' driver.
INFO - 2024-05-21 09:45:28 --> Session: Class initialized using 'CodeIgniter\Session\Handlers\FileHandler' driver.
INFO - 2024-05-21 09:45:28 --> Session: Class initialized using 'CodeIgniter\Session\Handlers\FileHandler' driver.
INFO - 2024-05-21 09:45:29 --> Session: Class initialized using 'CodeIgniter\Session\Handlers\FileHandler' driver.
INFO - 2024-05-21 09:46:19 --> Session: Class initialized using 'CodeIgniter\Session\Handlers\FileHandler' driver.
INFO - 2024-05-21 09:46:37 --> Session: Class initialized using 'CodeIgniter\Session\Handlers\FileHandler' driver.
INFO - 2024-05-21 09:46:39 --> Session: Class initialized using 'CodeIgniter\Session\Handlers\FileHandler' driver.
INFO - 2024-05-21 09:47:04 --> Session: Class initialized using 'CodeIgniter\Session\Handlers\FileHandler' driver.
INFO - 2024-05-21 09:47:04 --> Session: Class initialized using 'CodeIgniter\Session\Handlers\FileHandler' driver.
INFO - 2024-05-21 09:47:07 --> Session: Class initialized using 'CodeIgniter\Session\Handlers\FileHandler' driver.
INFO - 2024-05-21 09:47:08 --> Session: Class initialized using 'CodeIgniter\Session\Handlers\FileHandler' driver.
INFO - 2024-05-21 09:47:53 --> Session: Class initialized using 'CodeIgniter\Session\Handlers\FileHandler' driver.
INFO - 2024-05-21 09:51:48 --> Session: Class initialized using 'CodeIgniter\Session\Handlers\FileHandler' driver.
INFO - 2024-05-21 09:51:50 --> Session: Class initialized using 'CodeIgniter\Session\Handlers\FileHandler' driver.
INFO - 2024-05-21 09:51:51 --> Session: Class initialized using 'CodeIgniter\Session\Handlers\FileHandler' driver.
INFO - 2024-05-21 09:51:55 --> Session: Class initialized using 'CodeIgniter\Session\Handlers\FileHandler' driver.
INFO - 2024-05-21 09:52:04 --> Session: Class initialized using 'CodeIgniter\Session\Handlers\FileHandler' driver.
INFO - 2024-05-21 09:53:00 --> Session: Class initialized using 'CodeIgniter\Session\Handlers\FileHandler' driver.
INFO - 2024-05-21 09:53:01 --> Session: Class initialized using 'CodeIgniter\Session\Handlers\FileHandler' driver.
INFO - 2024-05-21 09:53:07 --> Session: Class initialized using 'CodeIgniter\Session\Handlers\FileHandler' driver.
INFO - 2024-05-21 09:53:08 --> Session: Class initialized using 'CodeIgniter\Session\Handlers\FileHandler' driver.
INFO - 2024-05-21 09:54:03 --> Session: Class initialized using 'CodeIgniter\Session\Handlers\FileHandler' driver.
INFO - 2024-05-21 09:54:04 --> Session: Class initialized using 'CodeIgniter\Session\Handlers\FileHandler' driver.
INFO - 2024-05-21 09:54:11 --> Session: Class initialized using 'CodeIgniter\Session\Handlers\FileHandler' driver.
INFO - 2024-05-21 09:54:12 --> Session: Class initialized using 'CodeIgniter\Session\Handlers\FileHandler' driver.
INFO - 2024-05-21 09:54:12 --> Session: Class initialized using 'CodeIgniter\Session\Handlers\FileHandler' driver.
INFO - 2024-05-21 09:54:12 --> Session: Class initialized using 'CodeIgniter\Session\Handlers\FileHandler' driver.
INFO - 2024-05-21 09:54:12 --> Session: Class initialized using 'CodeIgniter\Session\Handlers\FileHandler' driver.
INFO - 2024-05-21 09:54:29 --> Session: Class initialized using 'CodeIgniter\Session\Handlers\FileHandler' driver.
INFO - 2024-05-21 09:54:29 --> Session: Class initialized using 'CodeIgniter\Session\Handlers\FileHandler' driver.
INFO - 2024-05-21 09:54:32 --> Session: Class initialized using 'CodeIgniter\Session\Handlers\FileHandler' driver.
INFO - 2024-05-21 09:54:37 --> Session: Class initialized using 'CodeIgniter\Session\Handlers\FileHandler' driver.
INFO - 2024-05-21 09:54:39 --> Session: Class initialized using 'CodeIgniter\Session\Handlers\FileHandler' driver.
INFO - 2024-05-21 09:55:01 --> Session: Class initialized using 'CodeIgniter\Session\Handlers\FileHandler' driver.
INFO - 2024-05-21 09:55:11 --> Session: Class initialized using 'CodeIgniter\Session\Handlers\FileHandler' driver.
INFO - 2024-05-21 10:04:34 --> Session: Class initialized using 'CodeIgniter\Session\Handlers\FileHandler' driver.
INFO - 2024-05-21 10:06:57 --> Session: Class initialized using 'CodeIgniter\Session\Handlers\FileHandler' driver.
INFO - 2024-05-21 10:08:27 --> Session: Class initialized using 'CodeIgniter\Session\Handlers\FileHandler' driver.
INFO - 2024-05-21 10:09:17 --> Session: Class initialized using 'CodeIgniter\Session\Handlers\FileHandler' driver.
INFO - 2024-05-21 10:10:03 --> Session: Class initialized using 'CodeIgniter\Session\Handlers\FileHandler' driver.
INFO - 2024-05-21 10:17:05 --> Session: Class initialized using 'CodeIgniter\Session\Handlers\FileHandler' driver.
INFO - 2024-05-21 10:17:29 --> Session: Class initialized using 'CodeIgniter\Session\Handlers\FileHandler' driver.
ERROR - 2024-05-21 10:17:59 --> mysqli_sql_exception: Column 'jam_ke' cannot be null in D:\Udin\SMP 1\web\administrasi\system\Database\MySQLi\Connection.php:306
Stack trace:
#0 D:\Udin\SMP 1\web\administrasi\system\Database\MySQLi\Connection.php(306): mysqli->query('INSERT INTO `ju...', 0)
#1 D:\Udin\SMP 1\web\administrasi\system\Database\BaseConnection.php(693): CodeIgniter\Database\MySQLi\Connection->execute('INSERT INTO `ju...')
#2 D:\Udin\SMP 1\web\administrasi\system\Database\BaseConnection.php(607): CodeIgniter\Database\BaseConnection->simpleQuery('INSERT INTO `ju...')
#3 D:\Udin\SMP 1\web\administrasi\system\Database\BaseBuilder.php(2308): CodeIgniter\Database\BaseConnection->query('INSERT INTO `ju...', Array, false)
#4 D:\Udin\SMP 1\web\administrasi\system\Model.php(319): CodeIgniter\Database\BaseBuilder->insert()
#5 D:\Udin\SMP 1\web\administrasi\system\BaseModel.php(788): CodeIgniter\Model->doInsert(Array)
#6 D:\Udin\SMP 1\web\administrasi\system\Model.php(715): CodeIgniter\BaseModel->insert(Array, true)
#7 D:\Udin\SMP 1\web\administrasi\app\Controllers\Guru.php(88): CodeIgniter\Model->insert(Array)
#8 D:\Udin\SMP 1\web\administrasi\system\CodeIgniter.php(942): App\Controllers\Guru->simpan_jurnal()
#9 D:\Udin\SMP 1\web\administrasi\system\CodeIgniter.php(502): CodeIgniter\CodeIgniter->runController(Object(App\Controllers\Guru))
#10 D:\Udin\SMP 1\web\administrasi\system\CodeIgniter.php(361): CodeIgniter\CodeIgniter->handleRequest(NULL, Object(Config\Cache), false)
#11 D:\Udin\SMP 1\web\administrasi\public\index.php(79): CodeIgniter\CodeIgniter->run()
#12 D:\Udin\SMP 1\web\administrasi\system\Commands\Server\rewrite.php(47): require_once('D:\\Udin\\SMP 1\\w...')
#13 {main}
CRITICAL - 2024-05-21 10:17:59 --> Column 'jam_ke' cannot be null
in SYSTEMPATH\Database\BaseConnection.php on line 647.
 1 SYSTEMPATH\Database\BaseBuilder.php(2308): CodeIgniter\Database\BaseConnection->query('INSERT INTO `jurnal_kelas` (`kelas`, `hari_tanggal`, `jam_ke`, `mapel`, `uraian_materi`, `media_pembelajaran`, `hadir`, `sakit`, `ijin`, `alpa`, `jumlah`, `nama_siswa_tidak_hadir`) VALUES (:kelas:, :hari_tanggal:, :jam_ke:, :mapel:, :uraian_materi:, :media_pembelajaran:, :hadir:, :sakit:, :ijin:, :alpa:, :jumlah:, :nama_siswa_tidak_hadir:)', [...], false)
 2 SYSTEMPATH\Model.php(319): CodeIgniter\Database\BaseBuilder->insert()
 3 SYSTEMPATH\BaseModel.php(788): CodeIgniter\Model->doInsert([...])
 4 SYSTEMPATH\Model.php(715): CodeIgniter\BaseModel->insert([...], true)
 5 APPPATH\Controllers\Guru.php(88): CodeIgniter\Model->insert([...])
 6 SYSTEMPATH\CodeIgniter.php(942): App\Controllers\Guru->simpan_jurnal()
 7 SYSTEMPATH\CodeIgniter.php(502): CodeIgniter\CodeIgniter->runController(Object(App\Controllers\Guru))
 8 SYSTEMPATH\CodeIgniter.php(361): CodeIgniter\CodeIgniter->handleRequest(null, Object(Config\Cache), false)
 9 FCPATH\index.php(79): CodeIgniter\CodeIgniter->run()
10 SYSTEMPATH\Commands\Server\rewrite.php(47): require_once('D:\\Udin\\SMP 1\\web\\administrasi\\public\\index.php')
INFO - 2024-05-21 10:19:06 --> Session: Class initialized using 'CodeIgniter\Session\Handlers\FileHandler' driver.
ERROR - 2024-05-21 10:19:17 --> mysqli_sql_exception: Column 'jam_ke' cannot be null in D:\Udin\SMP 1\web\administrasi\system\Database\MySQLi\Connection.php:306
Stack trace:
#0 D:\Udin\SMP 1\web\administrasi\system\Database\MySQLi\Connection.php(306): mysqli->query('INSERT INTO `ju...', 0)
#1 D:\Udin\SMP 1\web\administrasi\system\Database\BaseConnection.php(693): CodeIgniter\Database\MySQLi\Connection->execute('INSERT INTO `ju...')
#2 D:\Udin\SMP 1\web\administrasi\system\Database\BaseConnection.php(607): CodeIgniter\Database\BaseConnection->simpleQuery('INSERT INTO `ju...')
#3 D:\Udin\SMP 1\web\administrasi\system\Database\BaseBuilder.php(2308): CodeIgniter\Database\BaseConnection->query('INSERT INTO `ju...', Array, false)
#4 D:\Udin\SMP 1\web\administrasi\system\Model.php(319): CodeIgniter\Database\BaseBuilder->insert()
#5 D:\Udin\SMP 1\web\administrasi\system\BaseModel.php(788): CodeIgniter\Model->doInsert(Array)
#6 D:\Udin\SMP 1\web\administrasi\system\Model.php(715): CodeIgniter\BaseModel->insert(Array, true)
#7 D:\Udin\SMP 1\web\administrasi\app\Controllers\Guru.php(88): CodeIgniter\Model->insert(Array)
#8 D:\Udin\SMP 1\web\administrasi\system\CodeIgniter.php(942): App\Controllers\Guru->simpan_jurnal()
#9 D:\Udin\SMP 1\web\administrasi\system\CodeIgniter.php(502): CodeIgniter\CodeIgniter->runController(Object(App\Controllers\Guru))
#10 D:\Udin\SMP 1\web\administrasi\system\CodeIgniter.php(361): CodeIgniter\CodeIgniter->handleRequest(NULL, Object(Config\Cache), false)
#11 D:\Udin\SMP 1\web\administrasi\public\index.php(79): CodeIgniter\CodeIgniter->run()
#12 D:\Udin\SMP 1\web\administrasi\system\Commands\Server\rewrite.php(47): require_once('D:\\Udin\\SMP 1\\w...')
#13 {main}
CRITICAL - 2024-05-21 10:19:17 --> Column 'jam_ke' cannot be null
in SYSTEMPATH\Database\BaseConnection.php on line 647.
 1 SYSTEMPATH\Database\BaseBuilder.php(2308): CodeIgniter\Database\BaseConnection->query('INSERT INTO `jurnal_kelas` (`kelas`, `hari_tanggal`, `jam_ke`, `mapel`, `uraian_materi`, `media_pembelajaran`, `hadir`, `sakit`, `ijin`, `alpa`, `jumlah`, `nama_siswa_tidak_hadir`) VALUES (:kelas:, :hari_tanggal:, :jam_ke:, :mapel:, :uraian_materi:, :media_pembelajaran:, :hadir:, :sakit:, :ijin:, :alpa:, :jumlah:, :nama_siswa_tidak_hadir:)', [...], false)
 2 SYSTEMPATH\Model.php(319): CodeIgniter\Database\BaseBuilder->insert()
 3 SYSTEMPATH\BaseModel.php(788): CodeIgniter\Model->doInsert([...])
 4 SYSTEMPATH\Model.php(715): CodeIgniter\BaseModel->insert([...], true)
 5 APPPATH\Controllers\Guru.php(88): CodeIgniter\Model->insert([...])
 6 SYSTEMPATH\CodeIgniter.php(942): App\Controllers\Guru->simpan_jurnal()
 7 SYSTEMPATH\CodeIgniter.php(502): CodeIgniter\CodeIgniter->runController(Object(App\Controllers\Guru))
 8 SYSTEMPATH\CodeIgniter.php(361): CodeIgniter\CodeIgniter->handleRequest(null, Object(Config\Cache), false)
 9 FCPATH\index.php(79): CodeIgniter\CodeIgniter->run()
10 SYSTEMPATH\Commands\Server\rewrite.php(47): require_once('D:\\Udin\\SMP 1\\web\\administrasi\\public\\index.php')
INFO - 2024-05-21 10:19:21 --> Session: Class initialized using 'CodeIgniter\Session\Handlers\FileHandler' driver.
INFO - 2024-05-21 10:19:35 --> Session: Class initialized using 'CodeIgniter\Session\Handlers\FileHandler' driver.
ERROR - 2024-05-21 10:23:10 --> mysqli_sql_exception: Column 'jam_ke' cannot be null in D:\Udin\SMP 1\web\administrasi\system\Database\MySQLi\Connection.php:306
Stack trace:
#0 D:\Udin\SMP 1\web\administrasi\system\Database\MySQLi\Connection.php(306): mysqli->query('INSERT INTO `ju...', 0)
#1 D:\Udin\SMP 1\web\administrasi\system\Database\BaseConnection.php(693): CodeIgniter\Database\MySQLi\Connection->execute('INSERT INTO `ju...')
#2 D:\Udin\SMP 1\web\administrasi\system\Database\BaseConnection.php(607): CodeIgniter\Database\BaseConnection->simpleQuery('INSERT INTO `ju...')
#3 D:\Udin\SMP 1\web\administrasi\system\Database\BaseBuilder.php(2308): CodeIgniter\Database\BaseConnection->query('INSERT INTO `ju...', Array, false)
#4 D:\Udin\SMP 1\web\administrasi\system\Model.php(319): CodeIgniter\Database\BaseBuilder->insert()
#5 D:\Udin\SMP 1\web\administrasi\system\BaseModel.php(788): CodeIgniter\Model->doInsert(Array)
#6 D:\Udin\SMP 1\web\administrasi\system\Model.php(715): CodeIgniter\BaseModel->insert(Array, true)
#7 D:\Udin\SMP 1\web\administrasi\app\Controllers\Guru.php(88): CodeIgniter\Model->insert(Array)
#8 D:\Udin\SMP 1\web\administrasi\system\CodeIgniter.php(942): App\Controllers\Guru->simpan_jurnal()
#9 D:\Udin\SMP 1\web\administrasi\system\CodeIgniter.php(502): CodeIgniter\CodeIgniter->runController(Object(App\Controllers\Guru))
#10 D:\Udin\SMP 1\web\administrasi\system\CodeIgniter.php(361): CodeIgniter\CodeIgniter->handleRequest(NULL, Object(Config\Cache), false)
#11 D:\Udin\SMP 1\web\administrasi\public\index.php(79): CodeIgniter\CodeIgniter->run()
#12 D:\Udin\SMP 1\web\administrasi\system\Commands\Server\rewrite.php(47): require_once('D:\\Udin\\SMP 1\\w...')
#13 {main}
CRITICAL - 2024-05-21 10:23:10 --> Column 'jam_ke' cannot be null
in SYSTEMPATH\Database\BaseConnection.php on line 647.
 1 SYSTEMPATH\Database\BaseBuilder.php(2308): CodeIgniter\Database\BaseConnection->query('INSERT INTO `jurnal_kelas` (`kelas`, `hari_tanggal`, `jam_ke`, `mapel`, `uraian_materi`, `media_pembelajaran`, `hadir`, `sakit`, `ijin`, `alpa`, `jumlah`, `nama_siswa_tidak_hadir`) VALUES (:kelas:, :hari_tanggal:, :jam_ke:, :mapel:, :uraian_materi:, :media_pembelajaran:, :hadir:, :sakit:, :ijin:, :alpa:, :jumlah:, :nama_siswa_tidak_hadir:)', [...], false)
 2 SYSTEMPATH\Model.php(319): CodeIgniter\Database\BaseBuilder->insert()
 3 SYSTEMPATH\BaseModel.php(788): CodeIgniter\Model->doInsert([...])
 4 SYSTEMPATH\Model.php(715): CodeIgniter\BaseModel->insert([...], true)
 5 APPPATH\Controllers\Guru.php(88): CodeIgniter\Model->insert([...])
 6 SYSTEMPATH\CodeIgniter.php(942): App\Controllers\Guru->simpan_jurnal()
 7 SYSTEMPATH\CodeIgniter.php(502): CodeIgniter\CodeIgniter->runController(Object(App\Controllers\Guru))
 8 SYSTEMPATH\CodeIgniter.php(361): CodeIgniter\CodeIgniter->handleRequest(null, Object(Config\Cache), false)
 9 FCPATH\index.php(79): CodeIgniter\CodeIgniter->run()
10 SYSTEMPATH\Commands\Server\rewrite.php(47): require_once('D:\\Udin\\SMP 1\\web\\administrasi\\public\\index.php')
ERROR - 2024-05-21 10:31:08 --> mysqli_sql_exception: Column 'jam_ke' cannot be null in D:\Udin\SMP 1\web\administrasi\system\Database\MySQLi\Connection.php:306
Stack trace:
#0 D:\Udin\SMP 1\web\administrasi\system\Database\MySQLi\Connection.php(306): mysqli->query('INSERT INTO `ju...', 0)
#1 D:\Udin\SMP 1\web\administrasi\system\Database\BaseConnection.php(693): CodeIgniter\Database\MySQLi\Connection->execute('INSERT INTO `ju...')
#2 D:\Udin\SMP 1\web\administrasi\system\Database\BaseConnection.php(607): CodeIgniter\Database\BaseConnection->simpleQuery('INSERT INTO `ju...')
#3 D:\Udin\SMP 1\web\administrasi\system\Database\BaseBuilder.php(2308): CodeIgniter\Database\BaseConnection->query('INSERT INTO `ju...', Array, false)
#4 D:\Udin\SMP 1\web\administrasi\system\Model.php(319): CodeIgniter\Database\BaseBuilder->insert()
#5 D:\Udin\SMP 1\web\administrasi\system\BaseModel.php(788): CodeIgniter\Model->doInsert(Array)
#6 D:\Udin\SMP 1\web\administrasi\system\Model.php(715): CodeIgniter\BaseModel->insert(Array, true)
#7 D:\Udin\SMP 1\web\administrasi\app\Controllers\Guru.php(88): CodeIgniter\Model->insert(Array)
#8 D:\Udin\SMP 1\web\administrasi\system\CodeIgniter.php(942): App\Controllers\Guru->simpan_jurnal()
#9 D:\Udin\SMP 1\web\administrasi\system\CodeIgniter.php(502): CodeIgniter\CodeIgniter->runController(Object(App\Controllers\Guru))
#10 D:\Udin\SMP 1\web\administrasi\system\CodeIgniter.php(361): CodeIgniter\CodeIgniter->handleRequest(NULL, Object(Config\Cache), false)
#11 D:\Udin\SMP 1\web\administrasi\public\index.php(79): CodeIgniter\CodeIgniter->run()
#12 D:\Udin\SMP 1\web\administrasi\system\Commands\Server\rewrite.php(47): require_once('D:\\Udin\\SMP 1\\w...')
#13 {main}
CRITICAL - 2024-05-21 10:31:08 --> Column 'jam_ke' cannot be null
in SYSTEMPATH\Database\BaseConnection.php on line 647.
 1 SYSTEMPATH\Database\BaseBuilder.php(2308): CodeIgniter\Database\BaseConnection->query('INSERT INTO `jurnal_kelas` (`kelas`, `hari_tanggal`, `jam_ke`, `mapel`, `uraian_materi`, `media_pembelajaran`, `hadir`, `sakit`, `ijin`, `alpa`, `jumlah`, `nama_siswa_tidak_hadir`) VALUES (:kelas:, :hari_tanggal:, :jam_ke:, :mapel:, :uraian_materi:, :media_pembelajaran:, :hadir:, :sakit:, :ijin:, :alpa:, :jumlah:, :nama_siswa_tidak_hadir:)', [...], false)
 2 SYSTEMPATH\Model.php(319): CodeIgniter\Database\BaseBuilder->insert()
 3 SYSTEMPATH\BaseModel.php(788): CodeIgniter\Model->doInsert([...])
 4 SYSTEMPATH\Model.php(715): CodeIgniter\BaseModel->insert([...], true)
 5 APPPATH\Controllers\Guru.php(88): CodeIgniter\Model->insert([...])
 6 SYSTEMPATH\CodeIgniter.php(942): App\Controllers\Guru->simpan_jurnal()
 7 SYSTEMPATH\CodeIgniter.php(502): CodeIgniter\CodeIgniter->runController(Object(App\Controllers\Guru))
 8 SYSTEMPATH\CodeIgniter.php(361): CodeIgniter\CodeIgniter->handleRequest(null, Object(Config\Cache), false)
 9 FCPATH\index.php(79): CodeIgniter\CodeIgniter->run()
10 SYSTEMPATH\Commands\Server\rewrite.php(47): require_once('D:\\Udin\\SMP 1\\web\\administrasi\\public\\index.php')
INFO - 2024-05-21 10:31:10 --> Session: Class initialized using 'CodeIgniter\Session\Handlers\FileHandler' driver.
ERROR - 2024-05-21 10:31:13 --> mysqli_sql_exception: Column 'jam_ke' cannot be null in D:\Udin\SMP 1\web\administrasi\system\Database\MySQLi\Connection.php:306
Stack trace:
#0 D:\Udin\SMP 1\web\administrasi\system\Database\MySQLi\Connection.php(306): mysqli->query('INSERT INTO `ju...', 0)
#1 D:\Udin\SMP 1\web\administrasi\system\Database\BaseConnection.php(693): CodeIgniter\Database\MySQLi\Connection->execute('INSERT INTO `ju...')
#2 D:\Udin\SMP 1\web\administrasi\system\Database\BaseConnection.php(607): CodeIgniter\Database\BaseConnection->simpleQuery('INSERT INTO `ju...')
#3 D:\Udin\SMP 1\web\administrasi\system\Database\BaseBuilder.php(2308): CodeIgniter\Database\BaseConnection->query('INSERT INTO `ju...', Array, false)
#4 D:\Udin\SMP 1\web\administrasi\system\Model.php(319): CodeIgniter\Database\BaseBuilder->insert()
#5 D:\Udin\SMP 1\web\administrasi\system\BaseModel.php(788): CodeIgniter\Model->doInsert(Array)
#6 D:\Udin\SMP 1\web\administrasi\system\Model.php(715): CodeIgniter\BaseModel->insert(Array, true)
#7 D:\Udin\SMP 1\web\administrasi\app\Controllers\Guru.php(88): CodeIgniter\Model->insert(Array)
#8 D:\Udin\SMP 1\web\administrasi\system\CodeIgniter.php(942): App\Controllers\Guru->simpan_jurnal()
#9 D:\Udin\SMP 1\web\administrasi\system\CodeIgniter.php(502): CodeIgniter\CodeIgniter->runController(Object(App\Controllers\Guru))
#10 D:\Udin\SMP 1\web\administrasi\system\CodeIgniter.php(361): CodeIgniter\CodeIgniter->handleRequest(NULL, Object(Config\Cache), false)
#11 D:\Udin\SMP 1\web\administrasi\public\index.php(79): CodeIgniter\CodeIgniter->run()
#12 D:\Udin\SMP 1\web\administrasi\system\Commands\Server\rewrite.php(47): require_once('D:\\Udin\\SMP 1\\w...')
#13 {main}
CRITICAL - 2024-05-21 10:31:13 --> Column 'jam_ke' cannot be null
in SYSTEMPATH\Database\BaseConnection.php on line 647.
 1 SYSTEMPATH\Database\BaseBuilder.php(2308): CodeIgniter\Database\BaseConnection->query('INSERT INTO `jurnal_kelas` (`kelas`, `hari_tanggal`, `jam_ke`, `mapel`, `uraian_materi`, `media_pembelajaran`, `hadir`, `sakit`, `ijin`, `alpa`, `jumlah`, `nama_siswa_tidak_hadir`) VALUES (:kelas:, :hari_tanggal:, :jam_ke:, :mapel:, :uraian_materi:, :media_pembelajaran:, :hadir:, :sakit:, :ijin:, :alpa:, :jumlah:, :nama_siswa_tidak_hadir:)', [...], false)
 2 SYSTEMPATH\Model.php(319): CodeIgniter\Database\BaseBuilder->insert()
 3 SYSTEMPATH\BaseModel.php(788): CodeIgniter\Model->doInsert([...])
 4 SYSTEMPATH\Model.php(715): CodeIgniter\BaseModel->insert([...], true)
 5 APPPATH\Controllers\Guru.php(88): CodeIgniter\Model->insert([...])
 6 SYSTEMPATH\CodeIgniter.php(942): App\Controllers\Guru->simpan_jurnal()
 7 SYSTEMPATH\CodeIgniter.php(502): CodeIgniter\CodeIgniter->runController(Object(App\Controllers\Guru))
 8 SYSTEMPATH\CodeIgniter.php(361): CodeIgniter\CodeIgniter->handleRequest(null, Object(Config\Cache), false)
 9 FCPATH\index.php(79): CodeIgniter\CodeIgniter->run()
10 SYSTEMPATH\Commands\Server\rewrite.php(47): require_once('D:\\Udin\\SMP 1\\web\\administrasi\\public\\index.php')
INFO - 2024-05-21 10:35:44 --> Session: Class initialized using 'CodeIgniter\Session\Handlers\FileHandler' driver.
ERROR - 2024-05-21 10:35:46 --> mysqli_sql_exception: Column 'jam_ke' cannot be null in D:\Udin\SMP 1\web\administrasi\system\Database\MySQLi\Connection.php:306
Stack trace:
#0 D:\Udin\SMP 1\web\administrasi\system\Database\MySQLi\Connection.php(306): mysqli->query('INSERT INTO `ju...', 0)
#1 D:\Udin\SMP 1\web\administrasi\system\Database\BaseConnection.php(693): CodeIgniter\Database\MySQLi\Connection->execute('INSERT INTO `ju...')
#2 D:\Udin\SMP 1\web\administrasi\system\Database\BaseConnection.php(607): CodeIgniter\Database\BaseConnection->simpleQuery('INSERT INTO `ju...')
#3 D:\Udin\SMP 1\web\administrasi\system\Database\BaseBuilder.php(2308): CodeIgniter\Database\BaseConnection->query('INSERT INTO `ju...', Array, false)
#4 D:\Udin\SMP 1\web\administrasi\system\Model.php(319): CodeIgniter\Database\BaseBuilder->insert()
#5 D:\Udin\SMP 1\web\administrasi\system\BaseModel.php(788): CodeIgniter\Model->doInsert(Array)
#6 D:\Udin\SMP 1\web\administrasi\system\Model.php(715): CodeIgniter\BaseModel->insert(Array, true)
#7 D:\Udin\SMP 1\web\administrasi\app\Controllers\Guru.php(88): CodeIgniter\Model->insert(Array)
#8 D:\Udin\SMP 1\web\administrasi\system\CodeIgniter.php(942): App\Controllers\Guru->simpan_jurnal()
#9 D:\Udin\SMP 1\web\administrasi\system\CodeIgniter.php(502): CodeIgniter\CodeIgniter->runController(Object(App\Controllers\Guru))
#10 D:\Udin\SMP 1\web\administrasi\system\CodeIgniter.php(361): CodeIgniter\CodeIgniter->handleRequest(NULL, Object(Config\Cache), false)
#11 D:\Udin\SMP 1\web\administrasi\public\index.php(79): CodeIgniter\CodeIgniter->run()
#12 D:\Udin\SMP 1\web\administrasi\system\Commands\Server\rewrite.php(47): require_once('D:\\Udin\\SMP 1\\w...')
#13 {main}
CRITICAL - 2024-05-21 10:35:46 --> Column 'jam_ke' cannot be null
in SYSTEMPATH\Database\BaseConnection.php on line 647.
 1 SYSTEMPATH\Database\BaseBuilder.php(2308): CodeIgniter\Database\BaseConnection->query('INSERT INTO `jurnal_kelas` (`kelas`, `hari_tanggal`, `jam_ke`, `mapel`, `uraian_materi`, `media_pembelajaran`, `hadir`, `sakit`, `ijin`, `alpa`, `jumlah`, `nama_siswa_tidak_hadir`) VALUES (:kelas:, :hari_tanggal:, :jam_ke:, :mapel:, :uraian_materi:, :media_pembelajaran:, :hadir:, :sakit:, :ijin:, :alpa:, :jumlah:, :nama_siswa_tidak_hadir:)', [...], false)
 2 SYSTEMPATH\Model.php(319): CodeIgniter\Database\BaseBuilder->insert()
 3 SYSTEMPATH\BaseModel.php(788): CodeIgniter\Model->doInsert([...])
 4 SYSTEMPATH\Model.php(715): CodeIgniter\BaseModel->insert([...], true)
 5 APPPATH\Controllers\Guru.php(88): CodeIgniter\Model->insert([...])
 6 SYSTEMPATH\CodeIgniter.php(942): App\Controllers\Guru->simpan_jurnal()
 7 SYSTEMPATH\CodeIgniter.php(502): CodeIgniter\CodeIgniter->runController(Object(App\Controllers\Guru))
 8 SYSTEMPATH\CodeIgniter.php(361): CodeIgniter\CodeIgniter->handleRequest(null, Object(Config\Cache), false)
 9 FCPATH\index.php(79): CodeIgniter\CodeIgniter->run()
10 SYSTEMPATH\Commands\Server\rewrite.php(47): require_once('D:\\Udin\\SMP 1\\web\\administrasi\\public\\index.php')
INFO - 2024-05-21 10:35:53 --> Session: Class initialized using 'CodeIgniter\Session\Handlers\FileHandler' driver.
ERROR - 2024-05-21 10:35:55 --> mysqli_sql_exception: Column 'jam_ke' cannot be null in D:\Udin\SMP 1\web\administrasi\system\Database\MySQLi\Connection.php:306
Stack trace:
#0 D:\Udin\SMP 1\web\administrasi\system\Database\MySQLi\Connection.php(306): mysqli->query('INSERT INTO `ju...', 0)
#1 D:\Udin\SMP 1\web\administrasi\system\Database\BaseConnection.php(693): CodeIgniter\Database\MySQLi\Connection->execute('INSERT INTO `ju...')
#2 D:\Udin\SMP 1\web\administrasi\system\Database\BaseConnection.php(607): CodeIgniter\Database\BaseConnection->simpleQuery('INSERT INTO `ju...')
#3 D:\Udin\SMP 1\web\administrasi\system\Database\BaseBuilder.php(2308): CodeIgniter\Database\BaseConnection->query('INSERT INTO `ju...', Array, false)
#4 D:\Udin\SMP 1\web\administrasi\system\Model.php(319): CodeIgniter\Database\BaseBuilder->insert()
#5 D:\Udin\SMP 1\web\administrasi\system\BaseModel.php(788): CodeIgniter\Model->doInsert(Array)
#6 D:\Udin\SMP 1\web\administrasi\system\Model.php(715): CodeIgniter\BaseModel->insert(Array, true)
#7 D:\Udin\SMP 1\web\administrasi\app\Controllers\Guru.php(88): CodeIgniter\Model->insert(Array)
#8 D:\Udin\SMP 1\web\administrasi\system\CodeIgniter.php(942): App\Controllers\Guru->simpan_jurnal()
#9 D:\Udin\SMP 1\web\administrasi\system\CodeIgniter.php(502): CodeIgniter\CodeIgniter->runController(Object(App\Controllers\Guru))
#10 D:\Udin\SMP 1\web\administrasi\system\CodeIgniter.php(361): CodeIgniter\CodeIgniter->handleRequest(NULL, Object(Config\Cache), false)
#11 D:\Udin\SMP 1\web\administrasi\public\index.php(79): CodeIgniter\CodeIgniter->run()
#12 D:\Udin\SMP 1\web\administrasi\system\Commands\Server\rewrite.php(47): require_once('D:\\Udin\\SMP 1\\w...')
#13 {main}
CRITICAL - 2024-05-21 10:35:55 --> Column 'jam_ke' cannot be null
in SYSTEMPATH\Database\BaseConnection.php on line 647.
 1 SYSTEMPATH\Database\BaseBuilder.php(2308): CodeIgniter\Database\BaseConnection->query('INSERT INTO `jurnal_kelas` (`kelas`, `hari_tanggal`, `jam_ke`, `mapel`, `uraian_materi`, `media_pembelajaran`, `hadir`, `sakit`, `ijin`, `alpa`, `jumlah`, `nama_siswa_tidak_hadir`) VALUES (:kelas:, :hari_tanggal:, :jam_ke:, :mapel:, :uraian_materi:, :media_pembelajaran:, :hadir:, :sakit:, :ijin:, :alpa:, :jumlah:, :nama_siswa_tidak_hadir:)', [...], false)
 2 SYSTEMPATH\Model.php(319): CodeIgniter\Database\BaseBuilder->insert()
 3 SYSTEMPATH\BaseModel.php(788): CodeIgniter\Model->doInsert([...])
 4 SYSTEMPATH\Model.php(715): CodeIgniter\BaseModel->insert([...], true)
 5 APPPATH\Controllers\Guru.php(88): CodeIgniter\Model->insert([...])
 6 SYSTEMPATH\CodeIgniter.php(942): App\Controllers\Guru->simpan_jurnal()
 7 SYSTEMPATH\CodeIgniter.php(502): CodeIgniter\CodeIgniter->runController(Object(App\Controllers\Guru))
 8 SYSTEMPATH\CodeIgniter.php(361): CodeIgniter\CodeIgniter->handleRequest(null, Object(Config\Cache), false)
 9 FCPATH\index.php(79): CodeIgniter\CodeIgniter->run()
10 SYSTEMPATH\Commands\Server\rewrite.php(47): require_once('D:\\Udin\\SMP 1\\web\\administrasi\\public\\index.php')
INFO - 2024-05-21 12:24:26 --> Session: Class initialized using 'CodeIgniter\Session\Handlers\FileHandler' driver.
INFO - 2024-05-21 12:24:35 --> Session: Class initialized using 'CodeIgniter\Session\Handlers\FileHandler' driver.
INFO - 2024-05-21 12:24:49 --> Session: Class initialized using 'CodeIgniter\Session\Handlers\FileHandler' driver.
INFO - 2024-05-21 12:24:50 --> Session: Class initialized using 'CodeIgniter\Session\Handlers\FileHandler' driver.
INFO - 2024-05-21 12:24:52 --> Session: Class initialized using 'CodeIgniter\Session\Handlers\FileHandler' driver.
INFO - 2024-05-21 12:24:54 --> Session: Class initialized using 'CodeIgniter\Session\Handlers\FileHandler' driver.
INFO - 2024-05-21 12:25:38 --> Session: Class initialized using 'CodeIgniter\Session\Handlers\FileHandler' driver.
INFO - 2024-05-21 12:25:39 --> Session: Class initialized using 'CodeIgniter\Session\Handlers\FileHandler' driver.
INFO - 2024-05-21 12:25:42 --> Session: Class initialized using 'CodeIgniter\Session\Handlers\FileHandler' driver.
INFO - 2024-05-21 12:25:43 --> Session: Class initialized using 'CodeIgniter\Session\Handlers\FileHandler' driver.
INFO - 2024-05-21 12:25:45 --> Session: Class initialized using 'CodeIgniter\Session\Handlers\FileHandler' driver.
INFO - 2024-05-21 12:25:47 --> Session: Class initialized using 'CodeIgniter\Session\Handlers\FileHandler' driver.
INFO - 2024-05-21 12:26:03 --> Session: Class initialized using 'CodeIgniter\Session\Handlers\FileHandler' driver.
INFO - 2024-05-21 12:26:13 --> Session: Class initialized using 'CodeIgniter\Session\Handlers\FileHandler' driver.
INFO - 2024-05-21 12:26:19 --> Session: Class initialized using 'CodeIgniter\Session\Handlers\FileHandler' driver.
ERROR - 2024-05-21 12:26:39 --> mysqli_sql_exception: Column 'jam_ke' cannot be null in D:\Udin\SMP 1\web\administrasi\system\Database\MySQLi\Connection.php:306
Stack trace:
#0 D:\Udin\SMP 1\web\administrasi\system\Database\MySQLi\Connection.php(306): mysqli->query('INSERT INTO `ju...', 0)
#1 D:\Udin\SMP 1\web\administrasi\system\Database\BaseConnection.php(693): CodeIgniter\Database\MySQLi\Connection->execute('INSERT INTO `ju...')
#2 D:\Udin\SMP 1\web\administrasi\system\Database\BaseConnection.php(607): CodeIgniter\Database\BaseConnection->simpleQuery('INSERT INTO `ju...')
#3 D:\Udin\SMP 1\web\administrasi\system\Database\BaseBuilder.php(2308): CodeIgniter\Database\BaseConnection->query('INSERT INTO `ju...', Array, false)
#4 D:\Udin\SMP 1\web\administrasi\system\Model.php(319): CodeIgniter\Database\BaseBuilder->insert()
#5 D:\Udin\SMP 1\web\administrasi\system\BaseModel.php(788): CodeIgniter\Model->doInsert(Array)
#6 D:\Udin\SMP 1\web\administrasi\system\Model.php(715): CodeIgniter\BaseModel->insert(Array, true)
#7 D:\Udin\SMP 1\web\administrasi\app\Controllers\Guru.php(88): CodeIgniter\Model->insert(Array)
#8 D:\Udin\SMP 1\web\administrasi\system\CodeIgniter.php(942): App\Controllers\Guru->simpan_jurnal()
#9 D:\Udin\SMP 1\web\administrasi\system\CodeIgniter.php(502): CodeIgniter\CodeIgniter->runController(Object(App\Controllers\Guru))
#10 D:\Udin\SMP 1\web\administrasi\system\CodeIgniter.php(361): CodeIgniter\CodeIgniter->handleRequest(NULL, Object(Config\Cache), false)
#11 D:\Udin\SMP 1\web\administrasi\public\index.php(79): CodeIgniter\CodeIgniter->run()
#12 D:\Udin\SMP 1\web\administrasi\system\Commands\Server\rewrite.php(47): require_once('D:\\Udin\\SMP 1\\w...')
#13 {main}
CRITICAL - 2024-05-21 12:26:39 --> Column 'jam_ke' cannot be null
in SYSTEMPATH\Database\BaseConnection.php on line 647.
 1 SYSTEMPATH\Database\BaseBuilder.php(2308): CodeIgniter\Database\BaseConnection->query('INSERT INTO `jurnal_kelas` (`kelas`, `hari_tanggal`, `jam_ke`, `mapel`, `uraian_materi`, `media_pembelajaran`, `hadir`, `sakit`, `ijin`, `alpa`, `jumlah`, `nama_siswa_tidak_hadir`) VALUES (:kelas:, :hari_tanggal:, :jam_ke:, :mapel:, :uraian_materi:, :media_pembelajaran:, :hadir:, :sakit:, :ijin:, :alpa:, :jumlah:, :nama_siswa_tidak_hadir:)', [...], false)
 2 SYSTEMPATH\Model.php(319): CodeIgniter\Database\BaseBuilder->insert()
 3 SYSTEMPATH\BaseModel.php(788): CodeIgniter\Model->doInsert([...])
 4 SYSTEMPATH\Model.php(715): CodeIgniter\BaseModel->insert([...], true)
 5 APPPATH\Controllers\Guru.php(88): CodeIgniter\Model->insert([...])
 6 SYSTEMPATH\CodeIgniter.php(942): App\Controllers\Guru->simpan_jurnal()
 7 SYSTEMPATH\CodeIgniter.php(502): CodeIgniter\CodeIgniter->runController(Object(App\Controllers\Guru))
 8 SYSTEMPATH\CodeIgniter.php(361): CodeIgniter\CodeIgniter->handleRequest(null, Object(Config\Cache), false)
 9 FCPATH\index.php(79): CodeIgniter\CodeIgniter->run()
10 SYSTEMPATH\Commands\Server\rewrite.php(47): require_once('D:\\Udin\\SMP 1\\web\\administrasi\\public\\index.php')
ERROR - 2024-05-21 12:28:06 --> mysqli_sql_exception: Column 'jam_ke' cannot be null in D:\Udin\SMP 1\web\administrasi\system\Database\MySQLi\Connection.php:306
Stack trace:
#0 D:\Udin\SMP 1\web\administrasi\system\Database\MySQLi\Connection.php(306): mysqli->query('INSERT INTO `ju...', 0)
#1 D:\Udin\SMP 1\web\administrasi\system\Database\BaseConnection.php(693): CodeIgniter\Database\MySQLi\Connection->execute('INSERT INTO `ju...')
#2 D:\Udin\SMP 1\web\administrasi\system\Database\BaseConnection.php(607): CodeIgniter\Database\BaseConnection->simpleQuery('INSERT INTO `ju...')
#3 D:\Udin\SMP 1\web\administrasi\system\Database\BaseBuilder.php(2308): CodeIgniter\Database\BaseConnection->query('INSERT INTO `ju...', Array, false)
#4 D:\Udin\SMP 1\web\administrasi\system\Model.php(319): CodeIgniter\Database\BaseBuilder->insert()
#5 D:\Udin\SMP 1\web\administrasi\system\BaseModel.php(788): CodeIgniter\Model->doInsert(Array)
#6 D:\Udin\SMP 1\web\administrasi\system\Model.php(715): CodeIgniter\BaseModel->insert(Array, true)
#7 D:\Udin\SMP 1\web\administrasi\app\Controllers\Guru.php(88): CodeIgniter\Model->insert(Array)
#8 D:\Udin\SMP 1\web\administrasi\system\CodeIgniter.php(942): App\Controllers\Guru->simpan_jurnal()
#9 D:\Udin\SMP 1\web\administrasi\system\CodeIgniter.php(502): CodeIgniter\CodeIgniter->runController(Object(App\Controllers\Guru))
#10 D:\Udin\SMP 1\web\administrasi\system\CodeIgniter.php(361): CodeIgniter\CodeIgniter->handleRequest(NULL, Object(Config\Cache), false)
#11 D:\Udin\SMP 1\web\administrasi\public\index.php(79): CodeIgniter\CodeIgniter->run()
#12 D:\Udin\SMP 1\web\administrasi\system\Commands\Server\rewrite.php(47): require_once('D:\\Udin\\SMP 1\\w...')
#13 {main}
CRITICAL - 2024-05-21 12:28:06 --> Column 'jam_ke' cannot be null
in SYSTEMPATH\Database\BaseConnection.php on line 647.
 1 SYSTEMPATH\Database\BaseBuilder.php(2308): CodeIgniter\Database\BaseConnection->query('INSERT INTO `jurnal_kelas` (`kelas`, `hari_tanggal`, `jam_ke`, `mapel`, `uraian_materi`, `media_pembelajaran`, `hadir`, `sakit`, `ijin`, `alpa`, `jumlah`, `nama_siswa_tidak_hadir`) VALUES (:kelas:, :hari_tanggal:, :jam_ke:, :mapel:, :uraian_materi:, :media_pembelajaran:, :hadir:, :sakit:, :ijin:, :alpa:, :jumlah:, :nama_siswa_tidak_hadir:)', [...], false)
 2 SYSTEMPATH\Model.php(319): CodeIgniter\Database\BaseBuilder->insert()
 3 SYSTEMPATH\BaseModel.php(788): CodeIgniter\Model->doInsert([...])
 4 SYSTEMPATH\Model.php(715): CodeIgniter\BaseModel->insert([...], true)
 5 APPPATH\Controllers\Guru.php(88): CodeIgniter\Model->insert([...])
 6 SYSTEMPATH\CodeIgniter.php(942): App\Controllers\Guru->simpan_jurnal()
 7 SYSTEMPATH\CodeIgniter.php(502): CodeIgniter\CodeIgniter->runController(Object(App\Controllers\Guru))
 8 SYSTEMPATH\CodeIgniter.php(361): CodeIgniter\CodeIgniter->handleRequest(null, Object(Config\Cache), false)
 9 FCPATH\index.php(79): CodeIgniter\CodeIgniter->run()
10 SYSTEMPATH\Commands\Server\rewrite.php(47): require_once('D:\\Udin\\SMP 1\\web\\administrasi\\public\\index.php')
INFO - 2024-05-21 12:28:08 --> Session: Class initialized using 'CodeIgniter\Session\Handlers\FileHandler' driver.
ERROR - 2024-05-21 12:28:16 --> mysqli_sql_exception: Column 'jam_ke' cannot be null in D:\Udin\SMP 1\web\administrasi\system\Database\MySQLi\Connection.php:306
Stack trace:
#0 D:\Udin\SMP 1\web\administrasi\system\Database\MySQLi\Connection.php(306): mysqli->query('INSERT INTO `ju...', 0)
#1 D:\Udin\SMP 1\web\administrasi\system\Database\BaseConnection.php(693): CodeIgniter\Database\MySQLi\Connection->execute('INSERT INTO `ju...')
#2 D:\Udin\SMP 1\web\administrasi\system\Database\BaseConnection.php(607): CodeIgniter\Database\BaseConnection->simpleQuery('INSERT INTO `ju...')
#3 D:\Udin\SMP 1\web\administrasi\system\Database\BaseBuilder.php(2308): CodeIgniter\Database\BaseConnection->query('INSERT INTO `ju...', Array, false)
#4 D:\Udin\SMP 1\web\administrasi\system\Model.php(319): CodeIgniter\Database\BaseBuilder->insert()
#5 D:\Udin\SMP 1\web\administrasi\system\BaseModel.php(788): CodeIgniter\Model->doInsert(Array)
#6 D:\Udin\SMP 1\web\administrasi\system\Model.php(715): CodeIgniter\BaseModel->insert(Array, true)
#7 D:\Udin\SMP 1\web\administrasi\app\Controllers\Guru.php(88): CodeIgniter\Model->insert(Array)
#8 D:\Udin\SMP 1\web\administrasi\system\CodeIgniter.php(942): App\Controllers\Guru->simpan_jurnal()
#9 D:\Udin\SMP 1\web\administrasi\system\CodeIgniter.php(502): CodeIgniter\CodeIgniter->runController(Object(App\Controllers\Guru))
#10 D:\Udin\SMP 1\web\administrasi\system\CodeIgniter.php(361): CodeIgniter\CodeIgniter->handleRequest(NULL, Object(Config\Cache), false)
#11 D:\Udin\SMP 1\web\administrasi\public\index.php(79): CodeIgniter\CodeIgniter->run()
#12 D:\Udin\SMP 1\web\administrasi\system\Commands\Server\rewrite.php(47): require_once('D:\\Udin\\SMP 1\\w...')
#13 {main}
CRITICAL - 2024-05-21 12:28:16 --> Column 'jam_ke' cannot be null
in SYSTEMPATH\Database\BaseConnection.php on line 647.
 1 SYSTEMPATH\Database\BaseBuilder.php(2308): CodeIgniter\Database\BaseConnection->query('INSERT INTO `jurnal_kelas` (`kelas`, `hari_tanggal`, `jam_ke`, `mapel`, `uraian_materi`, `media_pembelajaran`, `hadir`, `sakit`, `ijin`, `alpa`, `jumlah`, `nama_siswa_tidak_hadir`) VALUES (:kelas:, :hari_tanggal:, :jam_ke:, :mapel:, :uraian_materi:, :media_pembelajaran:, :hadir:, :sakit:, :ijin:, :alpa:, :jumlah:, :nama_siswa_tidak_hadir:)', [...], false)
 2 SYSTEMPATH\Model.php(319): CodeIgniter\Database\BaseBuilder->insert()
 3 SYSTEMPATH\BaseModel.php(788): CodeIgniter\Model->doInsert([...])
 4 SYSTEMPATH\Model.php(715): CodeIgniter\BaseModel->insert([...], true)
 5 APPPATH\Controllers\Guru.php(88): CodeIgniter\Model->insert([...])
 6 SYSTEMPATH\CodeIgniter.php(942): App\Controllers\Guru->simpan_jurnal()
 7 SYSTEMPATH\CodeIgniter.php(502): CodeIgniter\CodeIgniter->runController(Object(App\Controllers\Guru))
 8 SYSTEMPATH\CodeIgniter.php(361): CodeIgniter\CodeIgniter->handleRequest(null, Object(Config\Cache), false)
 9 FCPATH\index.php(79): CodeIgniter\CodeIgniter->run()
10 SYSTEMPATH\Commands\Server\rewrite.php(47): require_once('D:\\Udin\\SMP 1\\web\\administrasi\\public\\index.php')
INFO - 2024-05-21 12:28:54 --> Session: Class initialized using 'CodeIgniter\Session\Handlers\FileHandler' driver.
ERROR - 2024-05-21 12:28:58 --> mysqli_sql_exception: Column 'jam_ke' cannot be null in D:\Udin\SMP 1\web\administrasi\system\Database\MySQLi\Connection.php:306
Stack trace:
#0 D:\Udin\SMP 1\web\administrasi\system\Database\MySQLi\Connection.php(306): mysqli->query('INSERT INTO `ju...', 0)
#1 D:\Udin\SMP 1\web\administrasi\system\Database\BaseConnection.php(693): CodeIgniter\Database\MySQLi\Connection->execute('INSERT INTO `ju...')
#2 D:\Udin\SMP 1\web\administrasi\system\Database\BaseConnection.php(607): CodeIgniter\Database\BaseConnection->simpleQuery('INSERT INTO `ju...')
#3 D:\Udin\SMP 1\web\administrasi\system\Database\BaseBuilder.php(2308): CodeIgniter\Database\BaseConnection->query('INSERT INTO `ju...', Array, false)
#4 D:\Udin\SMP 1\web\administrasi\system\Model.php(319): CodeIgniter\Database\BaseBuilder->insert()
#5 D:\Udin\SMP 1\web\administrasi\system\BaseModel.php(788): CodeIgniter\Model->doInsert(Array)
#6 D:\Udin\SMP 1\web\administrasi\system\Model.php(715): CodeIgniter\BaseModel->insert(Array, true)
#7 D:\Udin\SMP 1\web\administrasi\app\Controllers\Guru.php(88): CodeIgniter\Model->insert(Array)
#8 D:\Udin\SMP 1\web\administrasi\system\CodeIgniter.php(942): App\Controllers\Guru->simpan_jurnal()
#9 D:\Udin\SMP 1\web\administrasi\system\CodeIgniter.php(502): CodeIgniter\CodeIgniter->runController(Object(App\Controllers\Guru))
#10 D:\Udin\SMP 1\web\administrasi\system\CodeIgniter.php(361): CodeIgniter\CodeIgniter->handleRequest(NULL, Object(Config\Cache), false)
#11 D:\Udin\SMP 1\web\administrasi\public\index.php(79): CodeIgniter\CodeIgniter->run()
#12 D:\Udin\SMP 1\web\administrasi\system\Commands\Server\rewrite.php(47): require_once('D:\\Udin\\SMP 1\\w...')
#13 {main}
CRITICAL - 2024-05-21 12:28:58 --> Column 'jam_ke' cannot be null
in SYSTEMPATH\Database\BaseConnection.php on line 647.
 1 SYSTEMPATH\Database\BaseBuilder.php(2308): CodeIgniter\Database\BaseConnection->query('INSERT INTO `jurnal_kelas` (`kelas`, `hari_tanggal`, `jam_ke`, `mapel`, `uraian_materi`, `media_pembelajaran`, `hadir`, `sakit`, `ijin`, `alpa`, `jumlah`, `nama_siswa_tidak_hadir`) VALUES (:kelas:, :hari_tanggal:, :jam_ke:, :mapel:, :uraian_materi:, :media_pembelajaran:, :hadir:, :sakit:, :ijin:, :alpa:, :jumlah:, :nama_siswa_tidak_hadir:)', [...], false)
 2 SYSTEMPATH\Model.php(319): CodeIgniter\Database\BaseBuilder->insert()
 3 SYSTEMPATH\BaseModel.php(788): CodeIgniter\Model->doInsert([...])
 4 SYSTEMPATH\Model.php(715): CodeIgniter\BaseModel->insert([...], true)
 5 APPPATH\Controllers\Guru.php(88): CodeIgniter\Model->insert([...])
 6 SYSTEMPATH\CodeIgniter.php(942): App\Controllers\Guru->simpan_jurnal()
 7 SYSTEMPATH\CodeIgniter.php(502): CodeIgniter\CodeIgniter->runController(Object(App\Controllers\Guru))
 8 SYSTEMPATH\CodeIgniter.php(361): CodeIgniter\CodeIgniter->handleRequest(null, Object(Config\Cache), false)
 9 FCPATH\index.php(79): CodeIgniter\CodeIgniter->run()
10 SYSTEMPATH\Commands\Server\rewrite.php(47): require_once('D:\\Udin\\SMP 1\\web\\administrasi\\public\\index.php')
INFO - 2024-05-21 12:29:01 --> Session: Class initialized using 'CodeIgniter\Session\Handlers\FileHandler' driver.
INFO - 2024-05-21 12:45:06 --> Session: Class initialized using 'CodeIgniter\Session\Handlers\FileHandler' driver.
INFO - 2024-05-21 12:45:06 --> Session: Class initialized using 'CodeIgniter\Session\Handlers\FileHandler' driver.
INFO - 2024-05-21 13:05:51 --> Session: Class initialized using 'CodeIgniter\Session\Handlers\FileHandler' driver.
INFO - 2024-05-21 13:05:52 --> Session: Class initialized using 'CodeIgniter\Session\Handlers\FileHandler' driver.
INFO - 2024-05-21 13:05:54 --> Session: Class initialized using 'CodeIgniter\Session\Handlers\FileHandler' driver.
INFO - 2024-05-21 13:05:55 --> Session: Class initialized using 'CodeIgniter\Session\Handlers\FileHandler' driver.
ERROR - 2024-05-21 13:06:19 --> mysqli_sql_exception: Operand should contain 1 column(s) in D:\Udin\SMP 1\web\administrasi\system\Database\MySQLi\Connection.php:306
Stack trace:
#0 D:\Udin\SMP 1\web\administrasi\system\Database\MySQLi\Connection.php(306): mysqli->query('INSERT INTO `ju...', 0)
#1 D:\Udin\SMP 1\web\administrasi\system\Database\BaseConnection.php(693): CodeIgniter\Database\MySQLi\Connection->execute('INSERT INTO `ju...')
#2 D:\Udin\SMP 1\web\administrasi\system\Database\BaseConnection.php(607): CodeIgniter\Database\BaseConnection->simpleQuery('INSERT INTO `ju...')
#3 D:\Udin\SMP 1\web\administrasi\system\Database\BaseBuilder.php(2308): CodeIgniter\Database\BaseConnection->query('INSERT INTO `ju...', Array, false)
#4 D:\Udin\SMP 1\web\administrasi\system\Model.php(319): CodeIgniter\Database\BaseBuilder->insert()
#5 D:\Udin\SMP 1\web\administrasi\system\BaseModel.php(788): CodeIgniter\Model->doInsert(Array)
#6 D:\Udin\SMP 1\web\administrasi\system\Model.php(715): CodeIgniter\BaseModel->insert(Array, true)
#7 D:\Udin\SMP 1\web\administrasi\app\Controllers\Guru.php(88): CodeIgniter\Model->insert(Array)
#8 D:\Udin\SMP 1\web\administrasi\system\CodeIgniter.php(942): App\Controllers\Guru->simpan_jurnal()
#9 D:\Udin\SMP 1\web\administrasi\system\CodeIgniter.php(502): CodeIgniter\CodeIgniter->runController(Object(App\Controllers\Guru))
#10 D:\Udin\SMP 1\web\administrasi\system\CodeIgniter.php(361): CodeIgniter\CodeIgniter->handleRequest(NULL, Object(Config\Cache), false)
#11 D:\Udin\SMP 1\web\administrasi\public\index.php(79): CodeIgniter\CodeIgniter->run()
#12 D:\Udin\SMP 1\web\administrasi\system\Commands\Server\rewrite.php(47): require_once('D:\\Udin\\SMP 1\\w...')
#13 {main}
CRITICAL - 2024-05-21 13:06:19 --> Operand should contain 1 column(s)
in SYSTEMPATH\Database\BaseConnection.php on line 647.
 1 SYSTEMPATH\Database\BaseBuilder.php(2308): CodeIgniter\Database\BaseConnection->query('INSERT INTO `jurnal_kelas` (`kelas`, `hari_tanggal`, `jam_ke`, `mapel`, `uraian_materi`, `media_pembelajaran`, `hadir`, `sakit`, `ijin`, `alpa`, `jumlah`, `nama_siswa_tidak_hadir`) VALUES (:kelas:, :hari_tanggal:, :jam_ke:, :mapel:, :uraian_materi:, :media_pembelajaran:, :hadir:, :sakit:, :ijin:, :alpa:, :jumlah:, :nama_siswa_tidak_hadir:)', [...], false)
 2 SYSTEMPATH\Model.php(319): CodeIgniter\Database\BaseBuilder->insert()
 3 SYSTEMPATH\BaseModel.php(788): CodeIgniter\Model->doInsert([...])
 4 SYSTEMPATH\Model.php(715): CodeIgniter\BaseModel->insert([...], true)
 5 APPPATH\Controllers\Guru.php(88): CodeIgniter\Model->insert([...])
 6 SYSTEMPATH\CodeIgniter.php(942): App\Controllers\Guru->simpan_jurnal()
 7 SYSTEMPATH\CodeIgniter.php(502): CodeIgniter\CodeIgniter->runController(Object(App\Controllers\Guru))
 8 SYSTEMPATH\CodeIgniter.php(361): CodeIgniter\CodeIgniter->handleRequest(null, Object(Config\Cache), false)
 9 FCPATH\index.php(79): CodeIgniter\CodeIgniter->run()
10 SYSTEMPATH\Commands\Server\rewrite.php(47): require_once('D:\\Udin\\SMP 1\\web\\administrasi\\public\\index.php')
INFO - 2024-05-21 13:07:13 --> Session: Class initialized using 'CodeIgniter\Session\Handlers\FileHandler' driver.
ERROR - 2024-05-21 13:07:18 --> mysqli_sql_exception: Operand should contain 1 column(s) in D:\Udin\SMP 1\web\administrasi\system\Database\MySQLi\Connection.php:306
Stack trace:
#0 D:\Udin\SMP 1\web\administrasi\system\Database\MySQLi\Connection.php(306): mysqli->query('INSERT INTO `ju...', 0)
#1 D:\Udin\SMP 1\web\administrasi\system\Database\BaseConnection.php(693): CodeIgniter\Database\MySQLi\Connection->execute('INSERT INTO `ju...')
#2 D:\Udin\SMP 1\web\administrasi\system\Database\BaseConnection.php(607): CodeIgniter\Database\BaseConnection->simpleQuery('INSERT INTO `ju...')
#3 D:\Udin\SMP 1\web\administrasi\system\Database\BaseBuilder.php(2308): CodeIgniter\Database\BaseConnection->query('INSERT INTO `ju...', Array, false)
#4 D:\Udin\SMP 1\web\administrasi\system\Model.php(319): CodeIgniter\Database\BaseBuilder->insert()
#5 D:\Udin\SMP 1\web\administrasi\system\BaseModel.php(788): CodeIgniter\Model->doInsert(Array)
#6 D:\Udin\SMP 1\web\administrasi\system\Model.php(715): CodeIgniter\BaseModel->insert(Array, true)
#7 D:\Udin\SMP 1\web\administrasi\app\Controllers\Guru.php(88): CodeIgniter\Model->insert(Array)
#8 D:\Udin\SMP 1\web\administrasi\system\CodeIgniter.php(942): App\Controllers\Guru->simpan_jurnal()
#9 D:\Udin\SMP 1\web\administrasi\system\CodeIgniter.php(502): CodeIgniter\CodeIgniter->runController(Object(App\Controllers\Guru))
#10 D:\Udin\SMP 1\web\administrasi\system\CodeIgniter.php(361): CodeIgniter\CodeIgniter->handleRequest(NULL, Object(Config\Cache), false)
#11 D:\Udin\SMP 1\web\administrasi\public\index.php(79): CodeIgniter\CodeIgniter->run()
#12 D:\Udin\SMP 1\web\administrasi\system\Commands\Server\rewrite.php(47): require_once('D:\\Udin\\SMP 1\\w...')
#13 {main}
CRITICAL - 2024-05-21 13:07:18 --> Operand should contain 1 column(s)
in SYSTEMPATH\Database\BaseConnection.php on line 647.
 1 SYSTEMPATH\Database\BaseBuilder.php(2308): CodeIgniter\Database\BaseConnection->query('INSERT INTO `jurnal_kelas` (`kelas`, `hari_tanggal`, `jam_ke`, `mapel`, `uraian_materi`, `media_pembelajaran`, `hadir`, `sakit`, `ijin`, `alpa`, `jumlah`, `nama_siswa_tidak_hadir`) VALUES (:kelas:, :hari_tanggal:, :jam_ke:, :mapel:, :uraian_materi:, :media_pembelajaran:, :hadir:, :sakit:, :ijin:, :alpa:, :jumlah:, :nama_siswa_tidak_hadir:)', [...], false)
 2 SYSTEMPATH\Model.php(319): CodeIgniter\Database\BaseBuilder->insert()
 3 SYSTEMPATH\BaseModel.php(788): CodeIgniter\Model->doInsert([...])
 4 SYSTEMPATH\Model.php(715): CodeIgniter\BaseModel->insert([...], true)
 5 APPPATH\Controllers\Guru.php(88): CodeIgniter\Model->insert([...])
 6 SYSTEMPATH\CodeIgniter.php(942): App\Controllers\Guru->simpan_jurnal()
 7 SYSTEMPATH\CodeIgniter.php(502): CodeIgniter\CodeIgniter->runController(Object(App\Controllers\Guru))
 8 SYSTEMPATH\CodeIgniter.php(361): CodeIgniter\CodeIgniter->handleRequest(null, Object(Config\Cache), false)
 9 FCPATH\index.php(79): CodeIgniter\CodeIgniter->run()
10 SYSTEMPATH\Commands\Server\rewrite.php(47): require_once('D:\\Udin\\SMP 1\\web\\administrasi\\public\\index.php')
INFO - 2024-05-21 13:07:20 --> Session: Class initialized using 'CodeIgniter\Session\Handlers\FileHandler' driver.
INFO - 2024-05-21 13:07:40 --> Session: Class initialized using 'CodeIgniter\Session\Handlers\FileHandler' driver.
ERROR - 2024-05-21 13:07:56 --> mysqli_sql_exception: Operand should contain 1 column(s) in D:\Udin\SMP 1\web\administrasi\system\Database\MySQLi\Connection.php:306
Stack trace:
#0 D:\Udin\SMP 1\web\administrasi\system\Database\MySQLi\Connection.php(306): mysqli->query('INSERT INTO `ju...', 0)
#1 D:\Udin\SMP 1\web\administrasi\system\Database\BaseConnection.php(693): CodeIgniter\Database\MySQLi\Connection->execute('INSERT INTO `ju...')
#2 D:\Udin\SMP 1\web\administrasi\system\Database\BaseConnection.php(607): CodeIgniter\Database\BaseConnection->simpleQuery('INSERT INTO `ju...')
#3 D:\Udin\SMP 1\web\administrasi\system\Database\BaseBuilder.php(2308): CodeIgniter\Database\BaseConnection->query('INSERT INTO `ju...', Array, false)
#4 D:\Udin\SMP 1\web\administrasi\system\Model.php(319): CodeIgniter\Database\BaseBuilder->insert()
#5 D:\Udin\SMP 1\web\administrasi\system\BaseModel.php(788): CodeIgniter\Model->doInsert(Array)
#6 D:\Udin\SMP 1\web\administrasi\system\Model.php(715): CodeIgniter\BaseModel->insert(Array, true)
#7 D:\Udin\SMP 1\web\administrasi\app\Controllers\Guru.php(88): CodeIgniter\Model->insert(Array)
#8 D:\Udin\SMP 1\web\administrasi\system\CodeIgniter.php(942): App\Controllers\Guru->simpan_jurnal()
#9 D:\Udin\SMP 1\web\administrasi\system\CodeIgniter.php(502): CodeIgniter\CodeIgniter->runController(Object(App\Controllers\Guru))
#10 D:\Udin\SMP 1\web\administrasi\system\CodeIgniter.php(361): CodeIgniter\CodeIgniter->handleRequest(NULL, Object(Config\Cache), false)
#11 D:\Udin\SMP 1\web\administrasi\public\index.php(79): CodeIgniter\CodeIgniter->run()
#12 D:\Udin\SMP 1\web\administrasi\system\Commands\Server\rewrite.php(47): require_once('D:\\Udin\\SMP 1\\w...')
#13 {main}
CRITICAL - 2024-05-21 13:07:56 --> Operand should contain 1 column(s)
in SYSTEMPATH\Database\BaseConnection.php on line 647.
 1 SYSTEMPATH\Database\BaseBuilder.php(2308): CodeIgniter\Database\BaseConnection->query('INSERT INTO `jurnal_kelas` (`kelas`, `hari_tanggal`, `jam_ke`, `mapel`, `uraian_materi`, `media_pembelajaran`, `hadir`, `sakit`, `ijin`, `alpa`, `jumlah`, `nama_siswa_tidak_hadir`) VALUES (:kelas:, :hari_tanggal:, :jam_ke:, :mapel:, :uraian_materi:, :media_pembelajaran:, :hadir:, :sakit:, :ijin:, :alpa:, :jumlah:, :nama_siswa_tidak_hadir:)', [...], false)
 2 SYSTEMPATH\Model.php(319): CodeIgniter\Database\BaseBuilder->insert()
 3 SYSTEMPATH\BaseModel.php(788): CodeIgniter\Model->doInsert([...])
 4 SYSTEMPATH\Model.php(715): CodeIgniter\BaseModel->insert([...], true)
 5 APPPATH\Controllers\Guru.php(88): CodeIgniter\Model->insert([...])
 6 SYSTEMPATH\CodeIgniter.php(942): App\Controllers\Guru->simpan_jurnal()
 7 SYSTEMPATH\CodeIgniter.php(502): CodeIgniter\CodeIgniter->runController(Object(App\Controllers\Guru))
 8 SYSTEMPATH\CodeIgniter.php(361): CodeIgniter\CodeIgniter->handleRequest(null, Object(Config\Cache), false)
 9 FCPATH\index.php(79): CodeIgniter\CodeIgniter->run()
10 SYSTEMPATH\Commands\Server\rewrite.php(47): require_once('D:\\Udin\\SMP 1\\web\\administrasi\\public\\index.php')
INFO - 2024-05-21 13:08:05 --> Session: Class initialized using 'CodeIgniter\Session\Handlers\FileHandler' driver.
INFO - 2024-05-21 13:11:52 --> Session: Class initialized using 'CodeIgniter\Session\Handlers\FileHandler' driver.
ERROR - 2024-05-21 13:12:15 --> mysqli_sql_exception: Operand should contain 1 column(s) in D:\Udin\SMP 1\web\administrasi\system\Database\MySQLi\Connection.php:306
Stack trace:
#0 D:\Udin\SMP 1\web\administrasi\system\Database\MySQLi\Connection.php(306): mysqli->query('INSERT INTO `ju...', 0)
#1 D:\Udin\SMP 1\web\administrasi\system\Database\BaseConnection.php(693): CodeIgniter\Database\MySQLi\Connection->execute('INSERT INTO `ju...')
#2 D:\Udin\SMP 1\web\administrasi\system\Database\BaseConnection.php(607): CodeIgniter\Database\BaseConnection->simpleQuery('INSERT INTO `ju...')
#3 D:\Udin\SMP 1\web\administrasi\system\Database\BaseBuilder.php(2308): CodeIgniter\Database\BaseConnection->query('INSERT INTO `ju...', Array, false)
#4 D:\Udin\SMP 1\web\administrasi\system\Model.php(319): CodeIgniter\Database\BaseBuilder->insert()
#5 D:\Udin\SMP 1\web\administrasi\system\BaseModel.php(788): CodeIgniter\Model->doInsert(Array)
#6 D:\Udin\SMP 1\web\administrasi\system\Model.php(715): CodeIgniter\BaseModel->insert(Array, true)
#7 D:\Udin\SMP 1\web\administrasi\app\Controllers\Guru.php(88): CodeIgniter\Model->insert(Array)
#8 D:\Udin\SMP 1\web\administrasi\system\CodeIgniter.php(942): App\Controllers\Guru->simpan_jurnal()
#9 D:\Udin\SMP 1\web\administrasi\system\CodeIgniter.php(502): CodeIgniter\CodeIgniter->runController(Object(App\Controllers\Guru))
#10 D:\Udin\SMP 1\web\administrasi\system\CodeIgniter.php(361): CodeIgniter\CodeIgniter->handleRequest(NULL, Object(Config\Cache), false)
#11 D:\Udin\SMP 1\web\administrasi\public\index.php(79): CodeIgniter\CodeIgniter->run()
#12 D:\Udin\SMP 1\web\administrasi\system\Commands\Server\rewrite.php(47): require_once('D:\\Udin\\SMP 1\\w...')
#13 {main}
CRITICAL - 2024-05-21 13:12:15 --> Operand should contain 1 column(s)
in SYSTEMPATH\Database\BaseConnection.php on line 647.
 1 SYSTEMPATH\Database\BaseBuilder.php(2308): CodeIgniter\Database\BaseConnection->query('INSERT INTO `jurnal_kelas` (`kelas`, `hari_tanggal`, `jam_ke`, `mapel`, `uraian_materi`, `media_pembelajaran`, `hadir`, `sakit`, `ijin`, `alpa`, `jumlah`, `nama_siswa_tidak_hadir`) VALUES (:kelas:, :hari_tanggal:, :jam_ke:, :mapel:, :uraian_materi:, :media_pembelajaran:, :hadir:, :sakit:, :ijin:, :alpa:, :jumlah:, :nama_siswa_tidak_hadir:)', [...], false)
 2 SYSTEMPATH\Model.php(319): CodeIgniter\Database\BaseBuilder->insert()
 3 SYSTEMPATH\BaseModel.php(788): CodeIgniter\Model->doInsert([...])
 4 SYSTEMPATH\Model.php(715): CodeIgniter\BaseModel->insert([...], true)
 5 APPPATH\Controllers\Guru.php(88): CodeIgniter\Model->insert([...])
 6 SYSTEMPATH\CodeIgniter.php(942): App\Controllers\Guru->simpan_jurnal()
 7 SYSTEMPATH\CodeIgniter.php(502): CodeIgniter\CodeIgniter->runController(Object(App\Controllers\Guru))
 8 SYSTEMPATH\CodeIgniter.php(361): CodeIgniter\CodeIgniter->handleRequest(null, Object(Config\Cache), false)
 9 FCPATH\index.php(79): CodeIgniter\CodeIgniter->run()
10 SYSTEMPATH\Commands\Server\rewrite.php(47): require_once('D:\\Udin\\SMP 1\\web\\administrasi\\public\\index.php')
INFO - 2024-05-21 13:13:47 --> Session: Class initialized using 'CodeIgniter\Session\Handlers\FileHandler' driver.
ERROR - 2024-05-21 13:47:59 --> mysqli_sql_exception: Operand should contain 1 column(s) in D:\Udin\SMP 1\web\administrasi\system\Database\MySQLi\Connection.php:306
Stack trace:
#0 D:\Udin\SMP 1\web\administrasi\system\Database\MySQLi\Connection.php(306): mysqli->query('INSERT INTO `ju...', 0)
#1 D:\Udin\SMP 1\web\administrasi\system\Database\BaseConnection.php(693): CodeIgniter\Database\MySQLi\Connection->execute('INSERT INTO `ju...')
#2 D:\Udin\SMP 1\web\administrasi\system\Database\BaseConnection.php(607): CodeIgniter\Database\BaseConnection->simpleQuery('INSERT INTO `ju...')
#3 D:\Udin\SMP 1\web\administrasi\system\Database\BaseBuilder.php(2308): CodeIgniter\Database\BaseConnection->query('INSERT INTO `ju...', Array, false)
#4 D:\Udin\SMP 1\web\administrasi\system\Model.php(319): CodeIgniter\Database\BaseBuilder->insert()
#5 D:\Udin\SMP 1\web\administrasi\system\BaseModel.php(788): CodeIgniter\Model->doInsert(Array)
#6 D:\Udin\SMP 1\web\administrasi\system\Model.php(715): CodeIgniter\BaseModel->insert(Array, true)
#7 D:\Udin\SMP 1\web\administrasi\app\Controllers\Guru.php(88): CodeIgniter\Model->insert(Array)
#8 D:\Udin\SMP 1\web\administrasi\system\CodeIgniter.php(942): App\Controllers\Guru->simpan_jurnal()
#9 D:\Udin\SMP 1\web\administrasi\system\CodeIgniter.php(502): CodeIgniter\CodeIgniter->runController(Object(App\Controllers\Guru))
#10 D:\Udin\SMP 1\web\administrasi\system\CodeIgniter.php(361): CodeIgniter\CodeIgniter->handleRequest(NULL, Object(Config\Cache), false)
#11 D:\Udin\SMP 1\web\administrasi\public\index.php(79): CodeIgniter\CodeIgniter->run()
#12 D:\Udin\SMP 1\web\administrasi\system\Commands\Server\rewrite.php(47): require_once('D:\\Udin\\SMP 1\\w...')
#13 {main}
CRITICAL - 2024-05-21 13:47:59 --> Operand should contain 1 column(s)
in SYSTEMPATH\Database\BaseConnection.php on line 647.
 1 SYSTEMPATH\Database\BaseBuilder.php(2308): CodeIgniter\Database\BaseConnection->query('INSERT INTO `jurnal_kelas` (`kelas`, `hari_tanggal`, `jam_ke`, `mapel`, `uraian_materi`, `media_pembelajaran`, `hadir`, `sakit`, `ijin`, `alpa`, `jumlah`, `nama_siswa_tidak_hadir`) VALUES (:kelas:, :hari_tanggal:, :jam_ke:, :mapel:, :uraian_materi:, :media_pembelajaran:, :hadir:, :sakit:, :ijin:, :alpa:, :jumlah:, :nama_siswa_tidak_hadir:)', [...], false)
 2 SYSTEMPATH\Model.php(319): CodeIgniter\Database\BaseBuilder->insert()
 3 SYSTEMPATH\BaseModel.php(788): CodeIgniter\Model->doInsert([...])
 4 SYSTEMPATH\Model.php(715): CodeIgniter\BaseModel->insert([...], true)
 5 APPPATH\Controllers\Guru.php(88): CodeIgniter\Model->insert([...])
 6 SYSTEMPATH\CodeIgniter.php(942): App\Controllers\Guru->simpan_jurnal()
 7 SYSTEMPATH\CodeIgniter.php(502): CodeIgniter\CodeIgniter->runController(Object(App\Controllers\Guru))
 8 SYSTEMPATH\CodeIgniter.php(361): CodeIgniter\CodeIgniter->handleRequest(null, Object(Config\Cache), false)
 9 FCPATH\index.php(79): CodeIgniter\CodeIgniter->run()
10 SYSTEMPATH\Commands\Server\rewrite.php(47): require_once('D:\\Udin\\SMP 1\\web\\administrasi\\public\\index.php')
INFO - 2024-05-21 13:48:03 --> Session: Class initialized using 'CodeIgniter\Session\Handlers\FileHandler' driver.
ERROR - 2024-05-21 14:24:20 --> mysqli_sql_exception: Operand should contain 1 column(s) in D:\Udin\SMP 1\web\administrasi\system\Database\MySQLi\Connection.php:306
Stack trace:
#0 D:\Udin\SMP 1\web\administrasi\system\Database\MySQLi\Connection.php(306): mysqli->query('INSERT INTO `ju...', 0)
#1 D:\Udin\SMP 1\web\administrasi\system\Database\BaseConnection.php(693): CodeIgniter\Database\MySQLi\Connection->execute('INSERT INTO `ju...')
#2 D:\Udin\SMP 1\web\administrasi\system\Database\BaseConnection.php(607): CodeIgniter\Database\BaseConnection->simpleQuery('INSERT INTO `ju...')
#3 D:\Udin\SMP 1\web\administrasi\system\Database\BaseBuilder.php(2308): CodeIgniter\Database\BaseConnection->query('INSERT INTO `ju...', Array, false)
#4 D:\Udin\SMP 1\web\administrasi\system\Model.php(319): CodeIgniter\Database\BaseBuilder->insert()
#5 D:\Udin\SMP 1\web\administrasi\system\BaseModel.php(788): CodeIgniter\Model->doInsert(Array)
#6 D:\Udin\SMP 1\web\administrasi\system\Model.php(715): CodeIgniter\BaseModel->insert(Array, true)
#7 D:\Udin\SMP 1\web\administrasi\app\Controllers\Guru.php(88): CodeIgniter\Model->insert(Array)
#8 D:\Udin\SMP 1\web\administrasi\system\CodeIgniter.php(942): App\Controllers\Guru->simpan_jurnal()
#9 D:\Udin\SMP 1\web\administrasi\system\CodeIgniter.php(502): CodeIgniter\CodeIgniter->runController(Object(App\Controllers\Guru))
#10 D:\Udin\SMP 1\web\administrasi\system\CodeIgniter.php(361): CodeIgniter\CodeIgniter->handleRequest(NULL, Object(Config\Cache), false)
#11 D:\Udin\SMP 1\web\administrasi\public\index.php(79): CodeIgniter\CodeIgniter->run()
#12 D:\Udin\SMP 1\web\administrasi\system\Commands\Server\rewrite.php(47): require_once('D:\\Udin\\SMP 1\\w...')
#13 {main}
CRITICAL - 2024-05-21 14:24:20 --> Operand should contain 1 column(s)
in SYSTEMPATH\Database\BaseConnection.php on line 647.
 1 SYSTEMPATH\Database\BaseBuilder.php(2308): CodeIgniter\Database\BaseConnection->query('INSERT INTO `jurnal_kelas` (`kelas`, `hari_tanggal`, `jam_ke`, `mapel`, `uraian_materi`, `media_pembelajaran`, `hadir`, `sakit`, `ijin`, `alpa`, `jumlah`, `nama_siswa_tidak_hadir`) VALUES (:kelas:, :hari_tanggal:, :jam_ke:, :mapel:, :uraian_materi:, :media_pembelajaran:, :hadir:, :sakit:, :ijin:, :alpa:, :jumlah:, :nama_siswa_tidak_hadir:)', [...], false)
 2 SYSTEMPATH\Model.php(319): CodeIgniter\Database\BaseBuilder->insert()
 3 SYSTEMPATH\BaseModel.php(788): CodeIgniter\Model->doInsert([...])
 4 SYSTEMPATH\Model.php(715): CodeIgniter\BaseModel->insert([...], true)
 5 APPPATH\Controllers\Guru.php(88): CodeIgniter\Model->insert([...])
 6 SYSTEMPATH\CodeIgniter.php(942): App\Controllers\Guru->simpan_jurnal()
 7 SYSTEMPATH\CodeIgniter.php(502): CodeIgniter\CodeIgniter->runController(Object(App\Controllers\Guru))
 8 SYSTEMPATH\CodeIgniter.php(361): CodeIgniter\CodeIgniter->handleRequest(null, Object(Config\Cache), false)
 9 FCPATH\index.php(79): CodeIgniter\CodeIgniter->run()
10 SYSTEMPATH\Commands\Server\rewrite.php(47): require_once('D:\\Udin\\SMP 1\\web\\administrasi\\public\\index.php')
