INFO - 2024-07-15 11:17:36 --> Session: Class initialized using 'CodeIgniter\Session\Handlers\FileHandler' driver.
INFO - 2024-07-15 11:17:43 --> Session: Class initialized using 'CodeIgniter\Session\Handlers\FileHandler' driver.
INFO - 2024-07-15 11:17:44 --> Session: Class initialized using 'CodeIgniter\Session\Handlers\FileHandler' driver.
INFO - 2024-07-15 11:17:46 --> Session: Class initialized using 'CodeIgniter\Session\Handlers\FileHandler' driver.
INFO - 2024-07-15 11:21:08 --> Session: Class initialized using 'CodeIgniter\Session\Handlers\FileHandler' driver.
INFO - 2024-07-15 11:23:35 --> Session: Class initialized using 'CodeIgniter\Session\Handlers\FileHandler' driver.
INFO - 2024-07-15 11:23:38 --> Session: Class initialized using 'CodeIgniter\Session\Handlers\FileHandler' driver.
INFO - 2024-07-15 11:23:40 --> Session: Class initialized using 'CodeIgniter\Session\Handlers\FileHandler' driver.
INFO - 2024-07-15 11:23:46 --> Session: Class initialized using 'CodeIgniter\Session\Handlers\FileHandler' driver.
INFO - 2024-07-15 11:23:48 --> Session: Class initialized using 'CodeIgniter\Session\Handlers\FileHandler' driver.
INFO - 2024-07-15 11:23:51 --> Session: Class initialized using 'CodeIgniter\Session\Handlers\FileHandler' driver.
INFO - 2024-07-15 11:23:53 --> Session: Class initialized using 'CodeIgniter\Session\Handlers\FileHandler' driver.
INFO - 2024-07-15 11:24:02 --> Session: Class initialized using 'CodeIgniter\Session\Handlers\FileHandler' driver.
INFO - 2024-07-15 11:24:04 --> Session: Class initialized using 'CodeIgniter\Session\Handlers\FileHandler' driver.
INFO - 2024-07-15 11:24:07 --> Session: Class initialized using 'CodeIgniter\Session\Handlers\FileHandler' driver.
INFO - 2024-07-15 11:24:08 --> Session: Class initialized using 'CodeIgniter\Session\Handlers\FileHandler' driver.
INFO - 2024-07-15 11:24:11 --> Session: Class initialized using 'CodeIgniter\Session\Handlers\FileHandler' driver.
INFO - 2024-07-15 11:24:15 --> Session: Class initialized using 'CodeIgniter\Session\Handlers\FileHandler' driver.
INFO - 2024-07-15 11:24:39 --> Session: Class initialized using 'CodeIgniter\Session\Handlers\FileHandler' driver.
INFO - 2024-07-15 11:24:42 --> Session: Class initialized using 'CodeIgniter\Session\Handlers\FileHandler' driver.
INFO - 2024-07-15 11:25:09 --> Session: Class initialized using 'CodeIgniter\Session\Handlers\FileHandler' driver.
INFO - 2024-07-15 11:25:11 --> Session: Class initialized using 'CodeIgniter\Session\Handlers\FileHandler' driver.
INFO - 2024-07-15 11:25:13 --> Session: Class initialized using 'CodeIgniter\Session\Handlers\FileHandler' driver.
INFO - 2024-07-15 11:25:18 --> Session: Class initialized using 'CodeIgniter\Session\Handlers\FileHandler' driver.
CRITICAL - 2024-07-15 11:25:18 --> Array to string conversion
in APPPATH\Views\kepsek\lihat_jurnal_guru.php on line 43.
 1 APPPATH\Views\kepsek\lihat_jurnal_guru.php(43): CodeIgniter\Debug\Exceptions->errorHandler(2, 'Array to string conversion', 'D:\\Udin\\SMP 1\\web\\administrasi\\app\\Views\\kepsek\\lihat_jurnal_guru.php', 43)
 2 SYSTEMPATH\View\View.php(228): include('D:\\Udin\\SMP 1\\web\\administrasi\\app\\Views\\kepsek\\lihat_jurnal_guru.php')
 3 SYSTEMPATH\View\View.php(231): CodeIgniter\View\View->CodeIgniter\View\{closure}()
 4 SYSTEMPATH\Common.php(1190): CodeIgniter\View\View->render('kepsek/lihat_jurnal_guru', [], true)
 5 APPPATH\Controllers\Kepsek.php(69): view('kepsek/lihat_jurnal_guru', [...])
 6 SYSTEMPATH\CodeIgniter.php(942): App\Controllers\Kepsek->lihat_jurnal_guru()
 7 SYSTEMPATH\CodeIgniter.php(502): CodeIgniter\CodeIgniter->runController(Object(App\Controllers\Kepsek))
 8 SYSTEMPATH\CodeIgniter.php(361): CodeIgniter\CodeIgniter->handleRequest(null, Object(Config\Cache), false)
 9 FCPATH\index.php(79): CodeIgniter\CodeIgniter->run()
10 SYSTEMPATH\Commands\Server\rewrite.php(47): require_once('D:\\Udin\\SMP 1\\web\\administrasi\\public\\index.php')
INFO - 2024-07-15 11:25:22 --> Session: Class initialized using 'CodeIgniter\Session\Handlers\FileHandler' driver.
CRITICAL - 2024-07-15 11:25:22 --> Array to string conversion
in APPPATH\Views\kepsek\lihat_jurnal_guru.php on line 43.
 1 APPPATH\Views\kepsek\lihat_jurnal_guru.php(43): CodeIgniter\Debug\Exceptions->errorHandler(2, 'Array to string conversion', 'D:\\Udin\\SMP 1\\web\\administrasi\\app\\Views\\kepsek\\lihat_jurnal_guru.php', 43)
 2 SYSTEMPATH\View\View.php(228): include('D:\\Udin\\SMP 1\\web\\administrasi\\app\\Views\\kepsek\\lihat_jurnal_guru.php')
 3 SYSTEMPATH\View\View.php(231): CodeIgniter\View\View->CodeIgniter\View\{closure}()
 4 SYSTEMPATH\Common.php(1190): CodeIgniter\View\View->render('kepsek/lihat_jurnal_guru', [], true)
 5 APPPATH\Controllers\Kepsek.php(69): view('kepsek/lihat_jurnal_guru', [...])
 6 SYSTEMPATH\CodeIgniter.php(942): App\Controllers\Kepsek->lihat_jurnal_guru()
 7 SYSTEMPATH\CodeIgniter.php(502): CodeIgniter\CodeIgniter->runController(Object(App\Controllers\Kepsek))
 8 SYSTEMPATH\CodeIgniter.php(361): CodeIgniter\CodeIgniter->handleRequest(null, Object(Config\Cache), false)
 9 FCPATH\index.php(79): CodeIgniter\CodeIgniter->run()
10 SYSTEMPATH\Commands\Server\rewrite.php(47): require_once('D:\\Udin\\SMP 1\\web\\administrasi\\public\\index.php')
INFO - 2024-07-15 11:25:41 --> Session: Class initialized using 'CodeIgniter\Session\Handlers\FileHandler' driver.
CRITICAL - 2024-07-15 11:25:41 --> Undefined array key "nama_lengkap"
in APPPATH\Views\kepsek\lihat_jurnal_guru.php on line 43.
 1 APPPATH\Views\kepsek\lihat_jurnal_guru.php(43): CodeIgniter\Debug\Exceptions->errorHandler(2, 'Undefined array key "nama_lengkap"', 'D:\\Udin\\SMP 1\\web\\administrasi\\app\\Views\\kepsek\\lihat_jurnal_guru.php', 43)
 2 SYSTEMPATH\View\View.php(228): include('D:\\Udin\\SMP 1\\web\\administrasi\\app\\Views\\kepsek\\lihat_jurnal_guru.php')
 3 SYSTEMPATH\View\View.php(231): CodeIgniter\View\View->CodeIgniter\View\{closure}()
 4 SYSTEMPATH\Common.php(1190): CodeIgniter\View\View->render('kepsek/lihat_jurnal_guru', [], true)
 5 APPPATH\Controllers\Kepsek.php(69): view('kepsek/lihat_jurnal_guru', [...])
 6 SYSTEMPATH\CodeIgniter.php(942): App\Controllers\Kepsek->lihat_jurnal_guru()
 7 SYSTEMPATH\CodeIgniter.php(502): CodeIgniter\CodeIgniter->runController(Object(App\Controllers\Kepsek))
 8 SYSTEMPATH\CodeIgniter.php(361): CodeIgniter\CodeIgniter->handleRequest(null, Object(Config\Cache), false)
 9 FCPATH\index.php(79): CodeIgniter\CodeIgniter->run()
10 SYSTEMPATH\Commands\Server\rewrite.php(47): require_once('D:\\Udin\\SMP 1\\web\\administrasi\\public\\index.php')
INFO - 2024-07-15 11:25:42 --> Session: Class initialized using 'CodeIgniter\Session\Handlers\FileHandler' driver.
CRITICAL - 2024-07-15 11:25:42 --> Undefined array key "nama_lengkap"
in APPPATH\Views\kepsek\lihat_jurnal_guru.php on line 43.
 1 APPPATH\Views\kepsek\lihat_jurnal_guru.php(43): CodeIgniter\Debug\Exceptions->errorHandler(2, 'Undefined array key "nama_lengkap"', 'D:\\Udin\\SMP 1\\web\\administrasi\\app\\Views\\kepsek\\lihat_jurnal_guru.php', 43)
 2 SYSTEMPATH\View\View.php(228): include('D:\\Udin\\SMP 1\\web\\administrasi\\app\\Views\\kepsek\\lihat_jurnal_guru.php')
 3 SYSTEMPATH\View\View.php(231): CodeIgniter\View\View->CodeIgniter\View\{closure}()
 4 SYSTEMPATH\Common.php(1190): CodeIgniter\View\View->render('kepsek/lihat_jurnal_guru', [], true)
 5 APPPATH\Controllers\Kepsek.php(69): view('kepsek/lihat_jurnal_guru', [...])
 6 SYSTEMPATH\CodeIgniter.php(942): App\Controllers\Kepsek->lihat_jurnal_guru()
 7 SYSTEMPATH\CodeIgniter.php(502): CodeIgniter\CodeIgniter->runController(Object(App\Controllers\Kepsek))
 8 SYSTEMPATH\CodeIgniter.php(361): CodeIgniter\CodeIgniter->handleRequest(null, Object(Config\Cache), false)
 9 FCPATH\index.php(79): CodeIgniter\CodeIgniter->run()
10 SYSTEMPATH\Commands\Server\rewrite.php(47): require_once('D:\\Udin\\SMP 1\\web\\administrasi\\public\\index.php')
INFO - 2024-07-15 11:26:22 --> Session: Class initialized using 'CodeIgniter\Session\Handlers\FileHandler' driver.
CRITICAL - 2024-07-15 11:26:22 --> Undefined variable $pilih_guru
in APPPATH\Views\kepsek\lihat_jurnal_guru.php on line 43.
 1 APPPATH\Views\kepsek\lihat_jurnal_guru.php(43): CodeIgniter\Debug\Exceptions->errorHandler(2, 'Undefined variable $pilih_guru', 'D:\\Udin\\SMP 1\\web\\administrasi\\app\\Views\\kepsek\\lihat_jurnal_guru.php', 43)
 2 SYSTEMPATH\View\View.php(228): include('D:\\Udin\\SMP 1\\web\\administrasi\\app\\Views\\kepsek\\lihat_jurnal_guru.php')
 3 SYSTEMPATH\View\View.php(231): CodeIgniter\View\View->CodeIgniter\View\{closure}()
 4 SYSTEMPATH\Common.php(1190): CodeIgniter\View\View->render('kepsek/lihat_jurnal_guru', [], true)
 5 APPPATH\Controllers\Kepsek.php(69): view('kepsek/lihat_jurnal_guru', [...])
 6 SYSTEMPATH\CodeIgniter.php(942): App\Controllers\Kepsek->lihat_jurnal_guru()
 7 SYSTEMPATH\CodeIgniter.php(502): CodeIgniter\CodeIgniter->runController(Object(App\Controllers\Kepsek))
 8 SYSTEMPATH\CodeIgniter.php(361): CodeIgniter\CodeIgniter->handleRequest(null, Object(Config\Cache), false)
 9 FCPATH\index.php(79): CodeIgniter\CodeIgniter->run()
10 SYSTEMPATH\Commands\Server\rewrite.php(47): require_once('D:\\Udin\\SMP 1\\web\\administrasi\\public\\index.php')
INFO - 2024-07-15 11:26:24 --> Session: Class initialized using 'CodeIgniter\Session\Handlers\FileHandler' driver.
CRITICAL - 2024-07-15 11:26:24 --> Undefined variable $pilih_guru
in APPPATH\Views\kepsek\lihat_jurnal_guru.php on line 43.
 1 APPPATH\Views\kepsek\lihat_jurnal_guru.php(43): CodeIgniter\Debug\Exceptions->errorHandler(2, 'Undefined variable $pilih_guru', 'D:\\Udin\\SMP 1\\web\\administrasi\\app\\Views\\kepsek\\lihat_jurnal_guru.php', 43)
 2 SYSTEMPATH\View\View.php(228): include('D:\\Udin\\SMP 1\\web\\administrasi\\app\\Views\\kepsek\\lihat_jurnal_guru.php')
 3 SYSTEMPATH\View\View.php(231): CodeIgniter\View\View->CodeIgniter\View\{closure}()
 4 SYSTEMPATH\Common.php(1190): CodeIgniter\View\View->render('kepsek/lihat_jurnal_guru', [], true)
 5 APPPATH\Controllers\Kepsek.php(69): view('kepsek/lihat_jurnal_guru', [...])
 6 SYSTEMPATH\CodeIgniter.php(942): App\Controllers\Kepsek->lihat_jurnal_guru()
 7 SYSTEMPATH\CodeIgniter.php(502): CodeIgniter\CodeIgniter->runController(Object(App\Controllers\Kepsek))
 8 SYSTEMPATH\CodeIgniter.php(361): CodeIgniter\CodeIgniter->handleRequest(null, Object(Config\Cache), false)
 9 FCPATH\index.php(79): CodeIgniter\CodeIgniter->run()
10 SYSTEMPATH\Commands\Server\rewrite.php(47): require_once('D:\\Udin\\SMP 1\\web\\administrasi\\public\\index.php')
INFO - 2024-07-15 11:26:48 --> Session: Class initialized using 'CodeIgniter\Session\Handlers\FileHandler' driver.
INFO - 2024-07-15 11:26:52 --> Session: Class initialized using 'CodeIgniter\Session\Handlers\FileHandler' driver.
INFO - 2024-07-15 11:26:55 --> Session: Class initialized using 'CodeIgniter\Session\Handlers\FileHandler' driver.
INFO - 2024-07-15 11:27:00 --> Session: Class initialized using 'CodeIgniter\Session\Handlers\FileHandler' driver.
INFO - 2024-07-15 11:27:03 --> Session: Class initialized using 'CodeIgniter\Session\Handlers\FileHandler' driver.
INFO - 2024-07-15 11:27:06 --> Session: Class initialized using 'CodeIgniter\Session\Handlers\FileHandler' driver.
INFO - 2024-07-15 11:27:07 --> Session: Class initialized using 'CodeIgniter\Session\Handlers\FileHandler' driver.
INFO - 2024-07-15 11:27:11 --> Session: Class initialized using 'CodeIgniter\Session\Handlers\FileHandler' driver.
INFO - 2024-07-15 11:27:13 --> Session: Class initialized using 'CodeIgniter\Session\Handlers\FileHandler' driver.
INFO - 2024-07-15 11:28:17 --> Session: Class initialized using 'CodeIgniter\Session\Handlers\FileHandler' driver.
INFO - 2024-07-15 11:28:18 --> Session: Class initialized using 'CodeIgniter\Session\Handlers\FileHandler' driver.
