INFO - 2024-10-23 11:35:58 --> Session: Class initialized using 'CodeIgniter\Session\Handlers\FileHandler' driver.
INFO - 2024-10-23 11:36:05 --> Session: Class initialized using 'CodeIgniter\Session\Handlers\FileHandler' driver.
INFO - 2024-10-23 11:36:05 --> Session: Class initialized using 'CodeIgniter\Session\Handlers\FileHandler' driver.
INFO - 2024-10-23 11:36:08 --> Session: Class initialized using 'CodeIgniter\Session\Handlers\FileHandler' driver.
INFO - 2024-10-23 11:36:13 --> Session: Class initialized using 'CodeIgniter\Session\Handlers\FileHandler' driver.
INFO - 2024-10-23 11:36:18 --> Session: Class initialized using 'CodeIgniter\Session\Handlers\FileHandler' driver.
INFO - 2024-10-23 11:36:22 --> Session: Class initialized using 'CodeIgniter\Session\Handlers\FileHandler' driver.
INFO - 2024-10-23 11:43:48 --> Session: Class initialized using 'CodeIgniter\Session\Handlers\FileHandler' driver.
CRITICAL - 2024-10-23 11:43:48 --> Undefined variable $hadir
in APPPATH\Views\guru\daftar_hadir.php on line 43.
 1 APPPATH\Views\guru\daftar_hadir.php(43): CodeIgniter\Debug\Exceptions->errorHandler(2, 'Undefined variable $hadir', 'D:\\Udin\\SMP 1\\web\\jurnal_pembelajaran\\app\\Views\\guru\\daftar_hadir.php', 43)
 2 SYSTEMPATH\View\View.php(228): include('D:\\Udin\\SMP 1\\web\\jurnal_pembelajaran\\app\\Views\\guru\\daftar_hadir.php')
 3 SYSTEMPATH\View\View.php(231): CodeIgniter\View\View->CodeIgniter\View\{closure}()
 4 SYSTEMPATH\Common.php(1190): CodeIgniter\View\View->render('guru/daftar_hadir', [], true)
 5 APPPATH\Controllers\Guru.php(71): view('guru/daftar_hadir', [...])
 6 SYSTEMPATH\CodeIgniter.php(942): App\Controllers\Guru->daftar_hadir()
 7 SYSTEMPATH\CodeIgniter.php(502): CodeIgniter\CodeIgniter->runController(Object(App\Controllers\Guru))
 8 SYSTEMPATH\CodeIgniter.php(361): CodeIgniter\CodeIgniter->handleRequest(null, Object(Config\Cache), false)
 9 FCPATH\index.php(79): CodeIgniter\CodeIgniter->run()
10 SYSTEMPATH\Commands\Server\rewrite.php(47): require_once('D:\\Udin\\SMP 1\\web\\jurnal_pembelajaran\\public\\index.php')
INFO - 2024-10-23 11:43:58 --> Session: Class initialized using 'CodeIgniter\Session\Handlers\FileHandler' driver.
CRITICAL - 2024-10-23 11:43:58 --> Undefined array key "hadir"
in APPPATH\Views\guru\daftar_hadir.php on line 50.
 1 APPPATH\Views\guru\daftar_hadir.php(50): CodeIgniter\Debug\Exceptions->errorHandler(2, 'Undefined array key "hadir"', 'D:\\Udin\\SMP 1\\web\\jurnal_pembelajaran\\app\\Views\\guru\\daftar_hadir.php', 50)
 2 SYSTEMPATH\View\View.php(228): include('D:\\Udin\\SMP 1\\web\\jurnal_pembelajaran\\app\\Views\\guru\\daftar_hadir.php')
 3 SYSTEMPATH\View\View.php(231): CodeIgniter\View\View->CodeIgniter\View\{closure}()
 4 SYSTEMPATH\Common.php(1190): CodeIgniter\View\View->render('guru/daftar_hadir', [], true)
 5 APPPATH\Controllers\Guru.php(71): view('guru/daftar_hadir', [...])
 6 SYSTEMPATH\CodeIgniter.php(942): App\Controllers\Guru->daftar_hadir()
 7 SYSTEMPATH\CodeIgniter.php(502): CodeIgniter\CodeIgniter->runController(Object(App\Controllers\Guru))
 8 SYSTEMPATH\CodeIgniter.php(361): CodeIgniter\CodeIgniter->handleRequest(null, Object(Config\Cache), false)
 9 FCPATH\index.php(79): CodeIgniter\CodeIgniter->run()
10 SYSTEMPATH\Commands\Server\rewrite.php(47): require_once('D:\\Udin\\SMP 1\\web\\jurnal_pembelajaran\\public\\index.php')
INFO - 2024-10-23 11:48:30 --> Session: Class initialized using 'CodeIgniter\Session\Handlers\FileHandler' driver.
INFO - 2024-10-23 11:52:26 --> Session: Class initialized using 'CodeIgniter\Session\Handlers\FileHandler' driver.
INFO - 2024-10-23 11:53:01 --> Session: Class initialized using 'CodeIgniter\Session\Handlers\FileHandler' driver.
INFO - 2024-10-23 11:53:05 --> Session: Class initialized using 'CodeIgniter\Session\Handlers\FileHandler' driver.
INFO - 2024-10-23 11:53:11 --> Session: Class initialized using 'CodeIgniter\Session\Handlers\FileHandler' driver.
INFO - 2024-10-23 11:53:15 --> Session: Class initialized using 'CodeIgniter\Session\Handlers\FileHandler' driver.
INFO - 2024-10-23 11:53:26 --> Session: Class initialized using 'CodeIgniter\Session\Handlers\FileHandler' driver.
INFO - 2024-10-23 11:53:34 --> Session: Class initialized using 'CodeIgniter\Session\Handlers\FileHandler' driver.
INFO - 2024-10-23 13:12:44 --> Session: Class initialized using 'CodeIgniter\Session\Handlers\FileHandler' driver.
INFO - 2024-10-23 13:12:51 --> Session: Class initialized using 'CodeIgniter\Session\Handlers\FileHandler' driver.
INFO - 2024-10-23 13:14:41 --> Session: Class initialized using 'CodeIgniter\Session\Handlers\FileHandler' driver.
CRITICAL - 2024-10-23 13:14:41 --> Undefined array key "status"
in APPPATH\Controllers\Guru.php on line 172.
 1 APPPATH\Controllers\Guru.php(172): CodeIgniter\Debug\Exceptions->errorHandler(2, 'Undefined array key "status"', 'D:\\Udin\\SMP 1\\web\\jurnal_pembelajaran\\app\\Controllers\\Guru.php', 172)
 2 SYSTEMPATH\CodeIgniter.php(942): App\Controllers\Guru->tambah_jurnal()
 3 SYSTEMPATH\CodeIgniter.php(502): CodeIgniter\CodeIgniter->runController(Object(App\Controllers\Guru))
 4 SYSTEMPATH\CodeIgniter.php(361): CodeIgniter\CodeIgniter->handleRequest(null, Object(Config\Cache), false)
 5 FCPATH\index.php(79): CodeIgniter\CodeIgniter->run()
 6 SYSTEMPATH\Commands\Server\rewrite.php(47): require_once('D:\\Udin\\SMP 1\\web\\jurnal_pembelajaran\\public\\index.php')
INFO - 2024-10-23 13:14:50 --> Session: Class initialized using 'CodeIgniter\Session\Handlers\FileHandler' driver.
INFO - 2024-10-23 13:20:54 --> Session: Class initialized using 'CodeIgniter\Session\Handlers\FileHandler' driver.
INFO - 2024-10-23 13:40:00 --> Session: Class initialized using 'CodeIgniter\Session\Handlers\FileHandler' driver.
CRITICAL - 2024-10-23 13:40:00 --> Undefined array key "status"
in APPPATH\Controllers\Guru.php on line 172.
 1 APPPATH\Controllers\Guru.php(172): CodeIgniter\Debug\Exceptions->errorHandler(2, 'Undefined array key "status"', 'D:\\Udin\\SMP 1\\web\\jurnal_pembelajaran\\app\\Controllers\\Guru.php', 172)
 2 SYSTEMPATH\CodeIgniter.php(942): App\Controllers\Guru->tambah_jurnal()
 3 SYSTEMPATH\CodeIgniter.php(502): CodeIgniter\CodeIgniter->runController(Object(App\Controllers\Guru))
 4 SYSTEMPATH\CodeIgniter.php(361): CodeIgniter\CodeIgniter->handleRequest(null, Object(Config\Cache), false)
 5 FCPATH\index.php(79): CodeIgniter\CodeIgniter->run()
 6 SYSTEMPATH\Commands\Server\rewrite.php(47): require_once('D:\\Udin\\SMP 1\\web\\jurnal_pembelajaran\\public\\index.php')
INFO - 2024-10-23 13:40:44 --> Session: Class initialized using 'CodeIgniter\Session\Handlers\FileHandler' driver.
CRITICAL - 2024-10-23 13:40:44 --> Undefined array key "mapel"
in APPPATH\Controllers\Guru.php on line 180.
 1 APPPATH\Controllers\Guru.php(180): CodeIgniter\Debug\Exceptions->errorHandler(2, 'Undefined array key "mapel"', 'D:\\Udin\\SMP 1\\web\\jurnal_pembelajaran\\app\\Controllers\\Guru.php', 180)
 2 SYSTEMPATH\CodeIgniter.php(942): App\Controllers\Guru->tambah_jurnal()
 3 SYSTEMPATH\CodeIgniter.php(502): CodeIgniter\CodeIgniter->runController(Object(App\Controllers\Guru))
 4 SYSTEMPATH\CodeIgniter.php(361): CodeIgniter\CodeIgniter->handleRequest(null, Object(Config\Cache), false)
 5 FCPATH\index.php(79): CodeIgniter\CodeIgniter->run()
 6 SYSTEMPATH\Commands\Server\rewrite.php(47): require_once('D:\\Udin\\SMP 1\\web\\jurnal_pembelajaran\\public\\index.php')
INFO - 2024-10-23 13:40:59 --> Session: Class initialized using 'CodeIgniter\Session\Handlers\FileHandler' driver.
CRITICAL - 2024-10-23 13:40:59 --> Undefined variable $user_mapel
in APPPATH\Views\guru\input_jurnal_kelas.php on line 74.
 1 APPPATH\Views\guru\input_jurnal_kelas.php(74): CodeIgniter\Debug\Exceptions->errorHandler(2, 'Undefined variable $user_mapel', 'D:\\Udin\\SMP 1\\web\\jurnal_pembelajaran\\app\\Views\\guru\\input_jurnal_kelas.php', 74)
 2 SYSTEMPATH\View\View.php(228): include('D:\\Udin\\SMP 1\\web\\jurnal_pembelajaran\\app\\Views\\guru\\input_jurnal_kelas.php')
 3 SYSTEMPATH\View\View.php(231): CodeIgniter\View\View->CodeIgniter\View\{closure}()
 4 SYSTEMPATH\Common.php(1190): CodeIgniter\View\View->render('/guru/input_jurnal_kelas', [], true)
 5 APPPATH\Controllers\Guru.php(183): view('/guru/input_jurnal_kelas', [...])
 6 SYSTEMPATH\CodeIgniter.php(942): App\Controllers\Guru->tambah_jurnal()
 7 SYSTEMPATH\CodeIgniter.php(502): CodeIgniter\CodeIgniter->runController(Object(App\Controllers\Guru))
 8 SYSTEMPATH\CodeIgniter.php(361): CodeIgniter\CodeIgniter->handleRequest(null, Object(Config\Cache), false)
 9 FCPATH\index.php(79): CodeIgniter\CodeIgniter->run()
10 SYSTEMPATH\Commands\Server\rewrite.php(47): require_once('D:\\Udin\\SMP 1\\web\\jurnal_pembelajaran\\public\\index.php')
INFO - 2024-10-23 13:41:21 --> Session: Class initialized using 'CodeIgniter\Session\Handlers\FileHandler' driver.
INFO - 2024-10-23 13:57:45 --> Session: Class initialized using 'CodeIgniter\Session\Handlers\FileHandler' driver.
INFO - 2024-10-23 13:57:47 --> Session: Class initialized using 'CodeIgniter\Session\Handlers\FileHandler' driver.
